2021-06-16 12:43:02.659  INFO 4088246 --- [main] org.monarchinitiative.exomiser.cli.Main  : Starting Main on gpcc-node03 with PID 4088246 (/mnt/common/WASSERMAN_SOFTWARE/Exomiser/exomiser-cli-12.1.0/exomiser-cli-12.1.0.jar started by prichmond in /mnt/scratch/Public/TRAINING/GenomeAnalysisModule/CaseInformation/Exomiser/Case2)
2021-06-16 12:43:02.662  INFO 4088246 --- [main] org.monarchinitiative.exomiser.cli.Main  : No active profile set, falling back to default profiles: default
2021-06-16 12:43:03.401  INFO 4088246 --- [main] o.m.exomiser.cli.config.MainConfig       : Exomiser home: /mnt/common/WASSERMAN_SOFTWARE/Exomiser/exomiser-cli-12.1.0
2021-06-16 12:43:03.610  INFO 4088246 --- [main] o.m.exomiser.cli.config.MainConfig       : Data source directory defined in properties as: /mnt/common/WASSERMAN_SOFTWARE/Exomiser/exomiser-cli-12.1.0/data/
2021-06-16 12:43:04.008  INFO 4088246 --- [main] o.m.exomiser.cli.config.MainConfig       : Root data source directory set to: /mnt/common/WASSERMAN_SOFTWARE/Exomiser/exomiser-cli-12.1.0/data
2021-06-16 12:43:04.038  INFO 4088246 --- [main] com.zaxxer.hikari.HikariDataSource       : exomiser-genome-hg38-2007 - Starting...
2021-06-16 12:43:04.937  INFO 4088246 --- [main] com.zaxxer.hikari.HikariDataSource       : exomiser-genome-hg38-2007 - Start completed.
2021-06-16 12:43:04.956  INFO 4088246 --- [main] o.m.e.c.g.j.JannovarDataProtoSerialiser  : Deserialising Jannovar data from /mnt/common/WASSERMAN_SOFTWARE/Exomiser/exomiser-cli-12.1.0/data/2007_hg38/2007_hg38_transcripts_ensembl.ser
2021-06-16 12:43:06.306  INFO 4088246 --- [main] o.m.e.c.g.j.JannovarDataProtoSerialiser  : Deserialisation took 1.347 sec.
2021-06-16 12:43:08.769  INFO 4088246 --- [main] o.m.e.a.genome.GenomeDataSourceLoader    : Loading variant whitelist from: /mnt/common/WASSERMAN_SOFTWARE/Exomiser/exomiser-cli-12.1.0/data/2007_hg38/2007_hg38_clinvar_whitelist.tsv.gz
2021-06-16 12:43:09.081  INFO 4088246 --- [main] o.m.e.a.genome.GenomeDataSourceLoader    : Loaded 92488 variants into whitelist
2021-06-16 12:43:10.000  WARN 4088246 --- [main] o.m.e.a.genome.GenomeDataSourceLoader    : Data for LOCAL is not configured. THIS WILL LEAD TO ERRORS IF REQUIRED DURING ANALYSIS. Check the application.properties is pointing to a valid file.
2021-06-16 12:43:10.024  INFO 4088246 --- [main] o.m.e.a.genome.GenomeDataSourceLoader    : Opening CADD snv data from source: /mnt/common/DATABASES/REFERENCES/GRCh38/CADD/V1.4/whole_genome_SNVs.tsv.gz
2021-06-16 12:43:10.237  INFO 4088246 --- [main] o.m.e.a.genome.GenomeDataSourceLoader    : Opening CADD InDel data from source: /mnt/common/DATABASES/REFERENCES/GRCh38/CADD/V1.4/InDels.tsv.gz
2021-06-16 12:43:10.513  WARN 4088246 --- [main] o.m.e.a.genome.GenomeDataSourceLoader    : Data for REMM is not configured. THIS WILL LEAD TO ERRORS IF REQUIRED DURING ANALYSIS. Check the application.properties is pointing to a valid file.
2021-06-16 12:43:10.516  WARN 4088246 --- [main] o.m.e.a.genome.GenomeDataSourceLoader    : Data for TEST is not configured. THIS WILL LEAD TO ERRORS IF REQUIRED DURING ANALYSIS. Check the application.properties is pointing to a valid file.
2021-06-16 12:43:10.907  INFO 4088246 --- [main] g.GenomeAnalysisServiceAutoConfiguration : Configured hg38 genome analysis service
2021-06-16 12:43:10.959  INFO 4088246 --- [main] com.zaxxer.hikari.HikariDataSource       : exomiser-phenotype-2007 - Starting...
2021-06-16 12:43:11.162  INFO 4088246 --- [main] com.zaxxer.hikari.HikariDataSource       : exomiser-phenotype-2007 - Start completed.
2021-06-16 12:43:21.399  INFO 4088246 --- [main] o.m.exomiser.cli.config.MainConfig       : Default results directory set to: /mnt/common/WASSERMAN_SOFTWARE/Exomiser/exomiser-cli-12.1.0/results
2021-06-16 12:43:21.772  INFO 4088246 --- [main] org.monarchinitiative.exomiser.cli.Main  : Started Main in 19.401 seconds (JVM running for 19.762)
2021-06-16 12:43:22.174  INFO 4088246 --- [main] o.m.e.cli.ExomiserCommandLineRunner      : Exomiser running...
2021-06-16 12:43:22.283  INFO 4088246 --- [main] o.m.exomiser.core.Exomiser               : Running analysis using hg38 assembly with mode: PASS_ONLY
2021-06-16 12:43:22.287  INFO 4088246 --- [main] o.m.e.c.analysis.AbstractAnalysisRunner  : Starting analysis
2021-06-16 12:43:22.288  INFO 4088246 --- [main] o.m.e.c.analysis.AbstractAnalysisRunner  : Using genome assembly hg38
2021-06-16 12:43:22.319  INFO 4088246 --- [main] o.m.e.c.analysis.AbstractAnalysisRunner  : Checking proband and pedigree for VCF /mnt/scratch/Public/TRAINING/GenomeAnalysisModule/CaseInformation/CaseFiles/Case2/Case2_Merged.vcf.gz
2021-06-16 12:43:22.334  INFO 4088246 --- [main] o.m.e.c.analysis.AbstractAnalysisRunner  : Running analysis for proband proband (sample 1 in VCF) from samples: [proband, mother, father]
2021-06-16 12:43:22.759  INFO 4088246 --- [main] o.m.e.c.analysis.AbstractAnalysisRunner  : Filtering variants with:
2021-06-16 12:43:23.003  INFO 4088246 --- [main] o.m.e.c.analysis.AbstractAnalysisRunner  : VariantEffectFilter{offTargetVariantTypes=[CODING_TRANSCRIPT_INTRON_VARIANT, FIVE_PRIME_UTR_EXON_VARIANT, THREE_PRIME_UTR_EXON_VARIANT, FIVE_PRIME_UTR_INTRON_VARIANT, THREE_PRIME_UTR_INTRON_VARIANT, NON_CODING_TRANSCRIPT_EXON_VARIANT, NON_CODING_TRANSCRIPT_INTRON_VARIANT, UPSTREAM_GENE_VARIANT, DOWNSTREAM_GENE_VARIANT, INTERGENIC_VARIANT, REGULATORY_REGION_VARIANT]}
2021-06-16 12:43:23.138  INFO 4088246 --- [main] o.m.e.c.analysis.AbstractAnalysisRunner  : FrequencyFilter{maxFreq=2.0}
2021-06-16 12:43:23.273  INFO 4088246 --- [main] o.m.e.c.analysis.AbstractAnalysisRunner  : PathogenicityFilter{keepNonPathogenic=true}
2021-06-16 12:43:24.095  INFO 4088246 --- [main] o.m.e.core.genome.VariantFactoryImpl     : Annotating variant records, trimming sequences and normalising positions...
2021-06-16 12:43:45.350  INFO 4088246 --- [main] o.m.e.c.analysis.AbstractAnalysisRunner  : Loaded 100000 variants - 91 passed variant filters...
2021-06-16 12:43:48.403  INFO 4088246 --- [main] o.m.e.c.analysis.AbstractAnalysisRunner  : Loaded 200000 variants - 128 passed variant filters...
2021-06-16 12:43:50.347  INFO 4088246 --- [main] o.m.e.c.analysis.AbstractAnalysisRunner  : Loaded 300000 variants - 145 passed variant filters...
2021-06-16 12:43:54.773  INFO 4088246 --- [main] o.m.e.c.analysis.AbstractAnalysisRunner  : Loaded 400000 variants - 257 passed variant filters...
2021-06-16 12:43:56.799  INFO 4088246 --- [main] o.m.e.c.analysis.AbstractAnalysisRunner  : Loaded 500000 variants - 274 passed variant filters...
2021-06-16 12:43:59.352  INFO 4088246 --- [main] o.m.e.c.analysis.AbstractAnalysisRunner  : Loaded 600000 variants - 305 passed variant filters...
2021-06-16 12:44:01.497  INFO 4088246 --- [main] o.m.e.c.analysis.AbstractAnalysisRunner  : Loaded 700000 variants - 328 passed variant filters...
2021-06-16 12:44:03.380  INFO 4088246 --- [main] o.m.e.c.analysis.AbstractAnalysisRunner  : Loaded 800000 variants - 340 passed variant filters...
2021-06-16 12:44:06.585  INFO 4088246 --- [main] o.m.e.c.analysis.AbstractAnalysisRunner  : Loaded 900000 variants - 391 passed variant filters...
2021-06-16 12:44:08.715  INFO 4088246 --- [main] o.m.e.c.analysis.AbstractAnalysisRunner  : Loaded 1000000 variants - 417 passed variant filters...
2021-06-16 12:44:12.363  INFO 4088246 --- [main] o.m.e.c.analysis.AbstractAnalysisRunner  : Loaded 1100000 variants - 497 passed variant filters...
2021-06-16 12:44:14.335  INFO 4088246 --- [main] o.m.e.c.analysis.AbstractAnalysisRunner  : Loaded 1200000 variants - 518 passed variant filters...
2021-06-16 12:44:16.895  INFO 4088246 --- [main] o.m.e.c.analysis.AbstractAnalysisRunner  : Loaded 1300000 variants - 569 passed variant filters...
2021-06-16 12:44:18.760  INFO 4088246 --- [main] o.m.e.c.analysis.AbstractAnalysisRunner  : Loaded 1400000 variants - 580 passed variant filters...
2021-06-16 12:44:21.602  INFO 4088246 --- [main] o.m.e.c.analysis.AbstractAnalysisRunner  : Loaded 1500000 variants - 625 passed variant filters...
2021-06-16 12:44:23.632  INFO 4088246 --- [main] o.m.e.c.analysis.AbstractAnalysisRunner  : Loaded 1600000 variants - 647 passed variant filters...
2021-06-16 12:44:25.907  INFO 4088246 --- [main] o.m.e.c.analysis.AbstractAnalysisRunner  : Loaded 1700000 variants - 687 passed variant filters...
2021-06-16 12:44:27.738  INFO 4088246 --- [main] o.m.e.c.analysis.AbstractAnalysisRunner  : Loaded 1800000 variants - 706 passed variant filters...
2021-06-16 12:44:29.666  INFO 4088246 --- [main] o.m.e.c.analysis.AbstractAnalysisRunner  : Loaded 1900000 variants - 729 passed variant filters...
2021-06-16 12:44:31.360  INFO 4088246 --- [main] o.m.e.c.analysis.AbstractAnalysisRunner  : Loaded 2000000 variants - 741 passed variant filters...
2021-06-16 12:44:32.699  INFO 4088246 --- [main] o.m.e.c.analysis.AbstractAnalysisRunner  : Loaded 2100000 variants - 747 passed variant filters...
2021-06-16 12:44:35.628  INFO 4088246 --- [main] o.m.e.c.analysis.AbstractAnalysisRunner  : Loaded 2200000 variants - 811 passed variant filters...
2021-06-16 12:44:37.418  INFO 4088246 --- [main] o.m.e.c.analysis.AbstractAnalysisRunner  : Loaded 2300000 variants - 826 passed variant filters...
2021-06-16 12:44:39.254  INFO 4088246 --- [main] o.m.e.c.analysis.AbstractAnalysisRunner  : Loaded 2400000 variants - 845 passed variant filters...
2021-06-16 12:44:42.820  INFO 4088246 --- [main] o.m.e.c.analysis.AbstractAnalysisRunner  : Loaded 2500000 variants - 938 passed variant filters...
2021-06-16 12:44:45.147  INFO 4088246 --- [main] o.m.e.c.analysis.AbstractAnalysisRunner  : Loaded 2600000 variants - 971 passed variant filters...
2021-06-16 12:44:48.015  INFO 4088246 --- [main] o.m.e.c.analysis.AbstractAnalysisRunner  : Loaded 2700000 variants - 1023 passed variant filters...
2021-06-16 12:44:50.388  INFO 4088246 --- [main] o.m.e.c.analysis.AbstractAnalysisRunner  : Loaded 2800000 variants - 1058 passed variant filters...
2021-06-16 12:44:52.616  INFO 4088246 --- [main] o.m.e.c.analysis.AbstractAnalysisRunner  : Loaded 2900000 variants - 1083 passed variant filters...
2021-06-16 12:44:55.284  INFO 4088246 --- [main] o.m.e.c.analysis.AbstractAnalysisRunner  : Loaded 3000000 variants - 1124 passed variant filters...
2021-06-16 12:44:58.151  INFO 4088246 --- [main] o.m.e.c.analysis.AbstractAnalysisRunner  : Loaded 3100000 variants - 1180 passed variant filters...
2021-06-16 12:45:01.081  INFO 4088246 --- [main] o.m.e.c.analysis.AbstractAnalysisRunner  : Loaded 3200000 variants - 1224 passed variant filters...
2021-06-16 12:45:02.816  INFO 4088246 --- [main] o.m.e.c.analysis.AbstractAnalysisRunner  : Loaded 3300000 variants - 1238 passed variant filters...
2021-06-16 12:45:04.665  INFO 4088246 --- [main] o.m.e.c.analysis.AbstractAnalysisRunner  : Loaded 3400000 variants - 1255 passed variant filters...
2021-06-16 12:45:07.984  INFO 4088246 --- [main] o.m.e.c.analysis.AbstractAnalysisRunner  : Loaded 3500000 variants - 1326 passed variant filters...
2021-06-16 12:45:12.827  INFO 4088246 --- [main] o.m.e.c.analysis.AbstractAnalysisRunner  : Loaded 3600000 variants - 1466 passed variant filters...
2021-06-16 12:45:15.509  INFO 4088246 --- [main] o.m.e.c.analysis.AbstractAnalysisRunner  : Loaded 3700000 variants - 1521 passed variant filters...
2021-06-16 12:45:17.429  INFO 4088246 --- [main] o.m.e.c.analysis.AbstractAnalysisRunner  : Loaded 3800000 variants - 1544 passed variant filters...
2021-06-16 12:45:19.537  INFO 4088246 --- [main] o.m.e.c.analysis.AbstractAnalysisRunner  : Loaded 3900000 variants - 1579 passed variant filters...
2021-06-16 12:45:21.539  INFO 4088246 --- [main] o.m.e.c.analysis.AbstractAnalysisRunner  : Loaded 4000000 variants - 1609 passed variant filters...
2021-06-16 12:45:23.406  INFO 4088246 --- [main] o.m.e.c.analysis.AbstractAnalysisRunner  : Loaded 4100000 variants - 1622 passed variant filters...
2021-06-16 12:45:25.398  INFO 4088246 --- [main] o.m.e.c.analysis.AbstractAnalysisRunner  : Loaded 4200000 variants - 1641 passed variant filters...
2021-06-16 12:45:27.953  INFO 4088246 --- [main] o.m.e.c.analysis.AbstractAnalysisRunner  : Loaded 4300000 variants - 1685 passed variant filters...
2021-06-16 12:45:29.920  INFO 4088246 --- [main] o.m.e.c.analysis.AbstractAnalysisRunner  : Loaded 4400000 variants - 1711 passed variant filters...
2021-06-16 12:45:32.514  INFO 4088246 --- [main] o.m.e.c.analysis.AbstractAnalysisRunner  : Loaded 4500000 variants - 1762 passed variant filters...
2021-06-16 12:45:34.259  INFO 4088246 --- [main] o.m.e.c.analysis.AbstractAnalysisRunner  : Loaded 4600000 variants - 1776 passed variant filters...
2021-06-16 12:45:44.816  INFO 4088246 --- [main] o.m.e.c.analysis.AbstractAnalysisRunner  : Loaded 4700000 variants - 1900 passed variant filters...
2021-06-16 12:45:47.396  INFO 4088246 --- [main] o.m.e.c.analysis.AbstractAnalysisRunner  : Loaded 4800000 variants - 1929 passed variant filters...
2021-06-16 12:45:50.275  INFO 4088246 --- [main] o.m.e.c.analysis.AbstractAnalysisRunner  : Loaded 4900000 variants - 1962 passed variant filters...
2021-06-16 12:45:52.389  INFO 4088246 --- [main] o.m.e.c.analysis.AbstractAnalysisRunner  : Loaded 5000000 variants - 1986 passed variant filters...
2021-06-16 12:45:54.936  INFO 4088246 --- [main] o.m.e.c.analysis.AbstractAnalysisRunner  : Loaded 5100000 variants - 2016 passed variant filters...
2021-06-16 12:45:56.174  INFO 4088246 --- [main] o.m.e.c.analysis.AbstractAnalysisRunner  : Loaded 5200000 variants - 2016 passed variant filters...
2021-06-16 12:45:57.291  INFO 4088246 --- [main] o.m.e.c.analysis.AbstractAnalysisRunner  : Loaded 5300000 variants - 2016 passed variant filters...
2021-06-16 12:45:58.729  INFO 4088246 --- [main] o.m.e.c.analysis.AbstractAnalysisRunner  : Loaded 5400000 variants - 2016 passed variant filters...
2021-06-16 12:46:00.166  INFO 4088246 --- [main] o.m.e.c.analysis.AbstractAnalysisRunner  : Loaded 5500000 variants - 2016 passed variant filters...
2021-06-16 12:46:01.400  INFO 4088246 --- [main] o.m.e.c.analysis.AbstractAnalysisRunner  : Loaded 5600000 variants - 2016 passed variant filters...
2021-06-16 12:46:02.535  INFO 4088246 --- [main] o.m.e.c.analysis.AbstractAnalysisRunner  : Loaded 5700000 variants - 2016 passed variant filters...
2021-06-16 12:46:03.704  INFO 4088246 --- [main] o.m.e.c.analysis.AbstractAnalysisRunner  : Loaded 5800000 variants - 2016 passed variant filters...
2021-06-16 12:46:04.858  INFO 4088246 --- [main] o.m.e.c.analysis.AbstractAnalysisRunner  : Loaded 5900000 variants - 2016 passed variant filters...
2021-06-16 12:46:05.962  INFO 4088246 --- [main] o.m.e.c.analysis.AbstractAnalysisRunner  : Loaded 6000000 variants - 2016 passed variant filters...
2021-06-16 12:46:07.106  INFO 4088246 --- [main] o.m.e.c.analysis.AbstractAnalysisRunner  : Loaded 6100000 variants - 2016 passed variant filters...
2021-06-16 12:46:08.238  INFO 4088246 --- [main] o.m.e.c.analysis.AbstractAnalysisRunner  : Loaded 6200000 variants - 2016 passed variant filters...
2021-06-16 12:46:09.478  INFO 4088246 --- [main] o.m.e.c.analysis.AbstractAnalysisRunner  : Loaded 6300000 variants - 2016 passed variant filters...
2021-06-16 12:46:10.741  INFO 4088246 --- [main] o.m.e.c.analysis.AbstractAnalysisRunner  : Loaded 6400000 variants - 2016 passed variant filters...
2021-06-16 12:46:11.874  INFO 4088246 --- [main] o.m.e.c.analysis.AbstractAnalysisRunner  : Loaded 6500000 variants - 2016 passed variant filters...
2021-06-16 12:46:13.269  INFO 4088246 --- [main] o.m.e.c.analysis.AbstractAnalysisRunner  : Loaded 6600000 variants - 2016 passed variant filters...
2021-06-16 12:46:14.876  INFO 4088246 --- [main] o.m.e.c.analysis.AbstractAnalysisRunner  : Loaded 6700000 variants - 2016 passed variant filters...
2021-06-16 12:46:16.067  INFO 4088246 --- [main] o.m.e.c.analysis.AbstractAnalysisRunner  : Loaded 6800000 variants - 2016 passed variant filters...
2021-06-16 12:46:17.128  INFO 4088246 --- [main] o.m.e.c.analysis.AbstractAnalysisRunner  : Loaded 6900000 variants - 2016 passed variant filters...
2021-06-16 12:46:18.287  INFO 4088246 --- [main] o.m.e.c.analysis.AbstractAnalysisRunner  : Loaded 7000000 variants - 2016 passed variant filters...
2021-06-16 12:46:19.449  INFO 4088246 --- [main] o.m.e.c.analysis.AbstractAnalysisRunner  : Loaded 7100000 variants - 2016 passed variant filters...
2021-06-16 12:46:20.579  INFO 4088246 --- [main] o.m.e.c.analysis.AbstractAnalysisRunner  : Loaded 7200000 variants - 2016 passed variant filters...
2021-06-16 12:46:22.087  INFO 4088246 --- [main] o.m.e.c.analysis.AbstractAnalysisRunner  : Loaded 7300000 variants - 2016 passed variant filters...
2021-06-16 12:46:23.194  INFO 4088246 --- [main] o.m.e.c.analysis.AbstractAnalysisRunner  : Loaded 7400000 variants - 2016 passed variant filters...
2021-06-16 12:46:24.207  INFO 4088246 --- [main] o.m.e.core.genome.VariantFactoryImpl     : Processed 7213951 variant records into 7466656 single allele variants, 28187 are missing annotations, most likely due to non-numeric chromosome designations
2021-06-16 12:46:24.208  INFO 4088246 --- [main] o.m.e.core.genome.VariantFactoryImpl     : Variant annotation finished in 2m 59s 850ms (179850 ms)
2021-06-16 12:46:24.210  INFO 4088246 --- [main] o.m.e.c.analysis.AbstractAnalysisRunner  : Loaded 7494843 variants - 2016 passed variant filters
2021-06-16 12:46:24.228  INFO 4088246 --- [main] o.m.e.c.analysis.AbstractAnalysisRunner  : Checking inheritance mode compatibility with [AUTOSOMAL_DOMINANT, AUTOSOMAL_RECESSIVE, X_RECESSIVE, X_DOMINANT, MITOCHONDRIAL] for genes which passed filters
2021-06-16 12:46:24.537  INFO 4088246 --- [main] o.m.e.c.analysis.AbstractAnalysisRunner  : Running GeneFilter: InheritanceFilter{compatibleModes=[AUTOSOMAL_DOMINANT, AUTOSOMAL_RECESSIVE, X_RECESSIVE, X_DOMINANT, MITOCHONDRIAL]}
2021-06-16 12:46:24.592  INFO 4088246 --- [main] o.m.e.c.analysis.AbstractAnalysisRunner  : Running Prioritiser: OmimPrioritiser{}
2021-06-16 12:46:25.042  INFO 4088246 --- [main] o.m.e.c.analysis.AbstractAnalysisRunner  : Running Prioritiser: HiPhivePriority{options=HiPhiveOptions{diseaseId='', candidateGeneSymbol='', benchmarkingEnabled=false, runPpi=true, runHuman=true, runMouse=true, runFish=true}}
2021-06-16 12:46:27.486  INFO 4088246 --- [main] o.m.e.c.analysis.AbstractAnalysisRunner  : Scoring genes
2021-06-16 12:46:27.534  INFO 4088246 --- [main] o.m.e.c.analysis.AbstractAnalysisRunner  : Analysed 126 genes containing 250 filtered variants
2021-06-16 12:46:27.543  INFO 4088246 --- [main] o.m.e.c.analysis.AbstractAnalysisRunner  : Variant filter stats are:
2021-06-16 12:46:27.546  INFO 4088246 --- [main] o.m.e.c.analysis.AbstractAnalysisRunner  : VARIANT_EFFECT_FILTER: pass=23884 fail=3534911
2021-06-16 12:46:27.547  INFO 4088246 --- [main] o.m.e.c.analysis.AbstractAnalysisRunner  : FREQUENCY_FILTER: pass=2016 fail=21868
2021-06-16 12:46:27.549  INFO 4088246 --- [main] o.m.e.c.analysis.AbstractAnalysisRunner  : PATHOGENICITY_FILTER: pass=2016 fail=0
2021-06-16 12:46:27.550  INFO 4088246 --- [main] o.m.e.c.analysis.AbstractAnalysisRunner  : INHERITANCE_FILTER: pass=250 fail=1766
2021-06-16 12:46:27.551  INFO 4088246 --- [main] o.m.e.c.analysis.AbstractAnalysisRunner  : Creating analysis results from VCF /mnt/scratch/Public/TRAINING/GenomeAnalysisModule/CaseInformation/CaseFiles/Case2/Case2_Merged.vcf.gz
2021-06-16 12:46:27.553  INFO 4088246 --- [main] o.m.e.c.analysis.AbstractAnalysisRunner  : Finished analysis in 3m 5s 217ms (185217 ms)
2021-06-16 12:46:27.555  INFO 4088246 --- [main] o.m.e.c.writers.AnalysisResultsWriter    : Writing results...
2021-06-16 12:46:28.891  INFO 4088246 --- [main] com.zaxxer.hikari.HikariDataSource       : exomiser-phenotype-2007 - Shutdown initiated...
2021-06-16 12:46:28.897  INFO 4088246 --- [main] com.zaxxer.hikari.HikariDataSource       : exomiser-phenotype-2007 - Shutdown completed.
2021-06-16 12:46:28.899  INFO 4088246 --- [main] org.monarchinitiative.exomiser.cli.Main  : Exomising finished - Bye!
