2021-06-16 12:43:22.404  INFO 4088950 --- [main] org.monarchinitiative.exomiser.cli.Main  : Starting Main on gpcc-node03 with PID 4088950 (/mnt/common/WASSERMAN_SOFTWARE/Exomiser/exomiser-cli-12.1.0/exomiser-cli-12.1.0.jar started by prichmond in /mnt/scratch/Public/TRAINING/GenomeAnalysisModule/CaseInformation/Exomiser/Case8)
2021-06-16 12:43:22.408  INFO 4088950 --- [main] org.monarchinitiative.exomiser.cli.Main  : No active profile set, falling back to default profiles: default
2021-06-16 12:43:23.335  INFO 4088950 --- [main] o.m.exomiser.cli.config.MainConfig       : Exomiser home: /mnt/common/WASSERMAN_SOFTWARE/Exomiser/exomiser-cli-12.1.0
2021-06-16 12:43:23.553  INFO 4088950 --- [main] o.m.exomiser.cli.config.MainConfig       : Data source directory defined in properties as: /mnt/common/WASSERMAN_SOFTWARE/Exomiser/exomiser-cli-12.1.0/data/
2021-06-16 12:43:23.948  INFO 4088950 --- [main] o.m.exomiser.cli.config.MainConfig       : Root data source directory set to: /mnt/common/WASSERMAN_SOFTWARE/Exomiser/exomiser-cli-12.1.0/data
2021-06-16 12:43:24.232  INFO 4088950 --- [main] com.zaxxer.hikari.HikariDataSource       : exomiser-genome-hg38-2007 - Starting...
2021-06-16 12:43:25.094  INFO 4088950 --- [main] com.zaxxer.hikari.HikariDataSource       : exomiser-genome-hg38-2007 - Start completed.
2021-06-16 12:43:25.374  INFO 4088950 --- [main] o.m.e.c.g.j.JannovarDataProtoSerialiser  : Deserialising Jannovar data from /mnt/common/WASSERMAN_SOFTWARE/Exomiser/exomiser-cli-12.1.0/data/2007_hg38/2007_hg38_transcripts_ensembl.ser
2021-06-16 12:43:27.715  INFO 4088950 --- [main] o.m.e.c.g.j.JannovarDataProtoSerialiser  : Deserialisation took 1.911 sec.
2021-06-16 12:43:30.980  INFO 4088950 --- [main] o.m.e.a.genome.GenomeDataSourceLoader    : Loading variant whitelist from: /mnt/common/WASSERMAN_SOFTWARE/Exomiser/exomiser-cli-12.1.0/data/2007_hg38/2007_hg38_clinvar_whitelist.tsv.gz
2021-06-16 12:43:31.259  INFO 4088950 --- [main] o.m.e.a.genome.GenomeDataSourceLoader    : Loaded 92488 variants into whitelist
2021-06-16 12:43:31.352  WARN 4088950 --- [main] o.m.e.a.genome.GenomeDataSourceLoader    : Data for LOCAL is not configured. THIS WILL LEAD TO ERRORS IF REQUIRED DURING ANALYSIS. Check the application.properties is pointing to a valid file.
2021-06-16 12:43:31.365  INFO 4088950 --- [main] o.m.e.a.genome.GenomeDataSourceLoader    : Opening CADD snv data from source: /mnt/common/DATABASES/REFERENCES/GRCh38/CADD/V1.4/whole_genome_SNVs.tsv.gz
2021-06-16 12:43:31.542  INFO 4088950 --- [main] o.m.e.a.genome.GenomeDataSourceLoader    : Opening CADD InDel data from source: /mnt/common/DATABASES/REFERENCES/GRCh38/CADD/V1.4/InDels.tsv.gz
2021-06-16 12:43:31.762  WARN 4088950 --- [main] o.m.e.a.genome.GenomeDataSourceLoader    : Data for REMM is not configured. THIS WILL LEAD TO ERRORS IF REQUIRED DURING ANALYSIS. Check the application.properties is pointing to a valid file.
2021-06-16 12:43:31.915  WARN 4088950 --- [main] o.m.e.a.genome.GenomeDataSourceLoader    : Data for TEST is not configured. THIS WILL LEAD TO ERRORS IF REQUIRED DURING ANALYSIS. Check the application.properties is pointing to a valid file.
2021-06-16 12:43:32.275  INFO 4088950 --- [main] g.GenomeAnalysisServiceAutoConfiguration : Configured hg38 genome analysis service
2021-06-16 12:43:32.341  INFO 4088950 --- [main] com.zaxxer.hikari.HikariDataSource       : exomiser-phenotype-2007 - Starting...
2021-06-16 12:43:32.546  INFO 4088950 --- [main] com.zaxxer.hikari.HikariDataSource       : exomiser-phenotype-2007 - Start completed.
2021-06-16 12:43:40.856  INFO 4088950 --- [main] o.m.exomiser.cli.config.MainConfig       : Default results directory set to: /mnt/common/WASSERMAN_SOFTWARE/Exomiser/exomiser-cli-12.1.0/results
2021-06-16 12:43:41.756  INFO 4088950 --- [main] org.monarchinitiative.exomiser.cli.Main  : Started Main in 20.154 seconds (JVM running for 24.523)
2021-06-16 12:43:41.761  INFO 4088950 --- [main] o.m.e.cli.ExomiserCommandLineRunner      : Exomiser running...
2021-06-16 12:43:41.982  INFO 4088950 --- [main] o.m.exomiser.core.Exomiser               : Running analysis using hg38 assembly with mode: PASS_ONLY
2021-06-16 12:43:41.986  INFO 4088950 --- [main] o.m.e.c.analysis.AbstractAnalysisRunner  : Starting analysis
2021-06-16 12:43:41.990  INFO 4088950 --- [main] o.m.e.c.analysis.AbstractAnalysisRunner  : Using genome assembly hg38
2021-06-16 12:43:42.035  INFO 4088950 --- [main] o.m.e.c.analysis.AbstractAnalysisRunner  : Checking proband and pedigree for VCF /mnt/scratch/Public/TRAINING/GenomeAnalysisModule/CaseInformation/CaseFiles/Case8/Case8_Merged.vcf.gz
2021-06-16 12:43:42.055  INFO 4088950 --- [main] o.m.e.c.analysis.AbstractAnalysisRunner  : Running analysis for proband proband (sample 1 in VCF) from samples: [proband, mother, father]
2021-06-16 12:43:42.381  INFO 4088950 --- [main] o.m.e.c.analysis.AbstractAnalysisRunner  : Filtering variants with:
2021-06-16 12:43:42.383  INFO 4088950 --- [main] o.m.e.c.analysis.AbstractAnalysisRunner  : VariantEffectFilter{offTargetVariantTypes=[CODING_TRANSCRIPT_INTRON_VARIANT, FIVE_PRIME_UTR_EXON_VARIANT, THREE_PRIME_UTR_EXON_VARIANT, FIVE_PRIME_UTR_INTRON_VARIANT, THREE_PRIME_UTR_INTRON_VARIANT, NON_CODING_TRANSCRIPT_EXON_VARIANT, NON_CODING_TRANSCRIPT_INTRON_VARIANT, UPSTREAM_GENE_VARIANT, DOWNSTREAM_GENE_VARIANT, INTERGENIC_VARIANT, REGULATORY_REGION_VARIANT]}
2021-06-16 12:43:42.385  INFO 4088950 --- [main] o.m.e.c.analysis.AbstractAnalysisRunner  : FrequencyFilter{maxFreq=2.0}
2021-06-16 12:43:42.387  INFO 4088950 --- [main] o.m.e.c.analysis.AbstractAnalysisRunner  : PathogenicityFilter{keepNonPathogenic=true}
2021-06-16 12:43:42.404  INFO 4088950 --- [main] o.m.e.core.genome.VariantFactoryImpl     : Annotating variant records, trimming sequences and normalising positions...
2021-06-16 12:43:48.130  INFO 4088950 --- [main] o.m.e.c.analysis.AbstractAnalysisRunner  : Loaded 100000 variants - 91 passed variant filters...
2021-06-16 12:43:50.849  INFO 4088950 --- [main] o.m.e.c.analysis.AbstractAnalysisRunner  : Loaded 200000 variants - 128 passed variant filters...
2021-06-16 12:43:52.525  INFO 4088950 --- [main] o.m.e.c.analysis.AbstractAnalysisRunner  : Loaded 300000 variants - 145 passed variant filters...
2021-06-16 12:43:56.671  INFO 4088950 --- [main] o.m.e.c.analysis.AbstractAnalysisRunner  : Loaded 400000 variants - 257 passed variant filters...
2021-06-16 12:43:58.503  INFO 4088950 --- [main] o.m.e.c.analysis.AbstractAnalysisRunner  : Loaded 500000 variants - 274 passed variant filters...
2021-06-16 12:44:00.858  INFO 4088950 --- [main] o.m.e.c.analysis.AbstractAnalysisRunner  : Loaded 600000 variants - 305 passed variant filters...
2021-06-16 12:44:02.811  INFO 4088950 --- [main] o.m.e.c.analysis.AbstractAnalysisRunner  : Loaded 700000 variants - 328 passed variant filters...
2021-06-16 12:44:04.535  INFO 4088950 --- [main] o.m.e.c.analysis.AbstractAnalysisRunner  : Loaded 800000 variants - 340 passed variant filters...
2021-06-16 12:44:07.606  INFO 4088950 --- [main] o.m.e.c.analysis.AbstractAnalysisRunner  : Loaded 900000 variants - 391 passed variant filters...
2021-06-16 12:44:09.559  INFO 4088950 --- [main] o.m.e.c.analysis.AbstractAnalysisRunner  : Loaded 1000000 variants - 417 passed variant filters...
2021-06-16 12:44:13.081  INFO 4088950 --- [main] o.m.e.c.analysis.AbstractAnalysisRunner  : Loaded 1100000 variants - 497 passed variant filters...
2021-06-16 12:44:15.044  INFO 4088950 --- [main] o.m.e.c.analysis.AbstractAnalysisRunner  : Loaded 1200000 variants - 518 passed variant filters...
2021-06-16 12:44:17.470  INFO 4088950 --- [main] o.m.e.c.analysis.AbstractAnalysisRunner  : Loaded 1300000 variants - 569 passed variant filters...
2021-06-16 12:44:19.275  INFO 4088950 --- [main] o.m.e.c.analysis.AbstractAnalysisRunner  : Loaded 1400000 variants - 580 passed variant filters...
2021-06-16 12:44:21.773  INFO 4088950 --- [main] o.m.e.c.analysis.AbstractAnalysisRunner  : Loaded 1500000 variants - 625 passed variant filters...
2021-06-16 12:44:23.605  INFO 4088950 --- [main] o.m.e.c.analysis.AbstractAnalysisRunner  : Loaded 1600000 variants - 647 passed variant filters...
2021-06-16 12:44:25.808  INFO 4088950 --- [main] o.m.e.c.analysis.AbstractAnalysisRunner  : Loaded 1700000 variants - 687 passed variant filters...
2021-06-16 12:44:27.674  INFO 4088950 --- [main] o.m.e.c.analysis.AbstractAnalysisRunner  : Loaded 1800000 variants - 707 passed variant filters...
2021-06-16 12:44:29.637  INFO 4088950 --- [main] o.m.e.c.analysis.AbstractAnalysisRunner  : Loaded 1900000 variants - 730 passed variant filters...
2021-06-16 12:44:31.307  INFO 4088950 --- [main] o.m.e.c.analysis.AbstractAnalysisRunner  : Loaded 2000000 variants - 742 passed variant filters...
2021-06-16 12:44:32.724  INFO 4088950 --- [main] o.m.e.c.analysis.AbstractAnalysisRunner  : Loaded 2100000 variants - 748 passed variant filters...
2021-06-16 12:44:35.536  INFO 4088950 --- [main] o.m.e.c.analysis.AbstractAnalysisRunner  : Loaded 2200000 variants - 812 passed variant filters...
2021-06-16 12:44:37.253  INFO 4088950 --- [main] o.m.e.c.analysis.AbstractAnalysisRunner  : Loaded 2300000 variants - 827 passed variant filters...
2021-06-16 12:44:39.095  INFO 4088950 --- [main] o.m.e.c.analysis.AbstractAnalysisRunner  : Loaded 2400000 variants - 846 passed variant filters...
2021-06-16 12:44:42.587  INFO 4088950 --- [main] o.m.e.c.analysis.AbstractAnalysisRunner  : Loaded 2500000 variants - 939 passed variant filters...
2021-06-16 12:44:44.902  INFO 4088950 --- [main] o.m.e.c.analysis.AbstractAnalysisRunner  : Loaded 2600000 variants - 972 passed variant filters...
2021-06-16 12:44:47.804  INFO 4088950 --- [main] o.m.e.c.analysis.AbstractAnalysisRunner  : Loaded 2700000 variants - 1024 passed variant filters...
2021-06-16 12:44:50.259  INFO 4088950 --- [main] o.m.e.c.analysis.AbstractAnalysisRunner  : Loaded 2800000 variants - 1059 passed variant filters...
2021-06-16 12:44:52.441  INFO 4088950 --- [main] o.m.e.c.analysis.AbstractAnalysisRunner  : Loaded 2900000 variants - 1084 passed variant filters...
2021-06-16 12:44:55.071  INFO 4088950 --- [main] o.m.e.c.analysis.AbstractAnalysisRunner  : Loaded 3000000 variants - 1125 passed variant filters...
2021-06-16 12:44:57.863  INFO 4088950 --- [main] o.m.e.c.analysis.AbstractAnalysisRunner  : Loaded 3100000 variants - 1181 passed variant filters...
2021-06-16 12:45:00.639  INFO 4088950 --- [main] o.m.e.c.analysis.AbstractAnalysisRunner  : Loaded 3200000 variants - 1225 passed variant filters...
2021-06-16 12:45:02.309  INFO 4088950 --- [main] o.m.e.c.analysis.AbstractAnalysisRunner  : Loaded 3300000 variants - 1239 passed variant filters...
2021-06-16 12:45:04.115  INFO 4088950 --- [main] o.m.e.c.analysis.AbstractAnalysisRunner  : Loaded 3400000 variants - 1256 passed variant filters...
2021-06-16 12:45:07.675  INFO 4088950 --- [main] o.m.e.c.analysis.AbstractAnalysisRunner  : Loaded 3500000 variants - 1327 passed variant filters...
2021-06-16 12:45:12.632  INFO 4088950 --- [main] o.m.e.c.analysis.AbstractAnalysisRunner  : Loaded 3600000 variants - 1467 passed variant filters...
2021-06-16 12:45:15.278  INFO 4088950 --- [main] o.m.e.c.analysis.AbstractAnalysisRunner  : Loaded 3700000 variants - 1522 passed variant filters...
2021-06-16 12:45:17.327  INFO 4088950 --- [main] o.m.e.c.analysis.AbstractAnalysisRunner  : Loaded 3800000 variants - 1544 passed variant filters...
2021-06-16 12:45:19.398  INFO 4088950 --- [main] o.m.e.c.analysis.AbstractAnalysisRunner  : Loaded 3900000 variants - 1579 passed variant filters...
2021-06-16 12:45:21.329  INFO 4088950 --- [main] o.m.e.c.analysis.AbstractAnalysisRunner  : Loaded 4000000 variants - 1609 passed variant filters...
2021-06-16 12:45:23.236  INFO 4088950 --- [main] o.m.e.c.analysis.AbstractAnalysisRunner  : Loaded 4100000 variants - 1622 passed variant filters...
2021-06-16 12:45:25.259  INFO 4088950 --- [main] o.m.e.c.analysis.AbstractAnalysisRunner  : Loaded 4200000 variants - 1641 passed variant filters...
2021-06-16 12:45:27.805  INFO 4088950 --- [main] o.m.e.c.analysis.AbstractAnalysisRunner  : Loaded 4300000 variants - 1685 passed variant filters...
2021-06-16 12:45:29.797  INFO 4088950 --- [main] o.m.e.c.analysis.AbstractAnalysisRunner  : Loaded 4400000 variants - 1711 passed variant filters...
2021-06-16 12:45:32.378  INFO 4088950 --- [main] o.m.e.c.analysis.AbstractAnalysisRunner  : Loaded 4500000 variants - 1762 passed variant filters...
2021-06-16 12:45:34.071  INFO 4088950 --- [main] o.m.e.c.analysis.AbstractAnalysisRunner  : Loaded 4600000 variants - 1774 passed variant filters...
2021-06-16 12:45:44.034  INFO 4088950 --- [main] o.m.e.c.analysis.AbstractAnalysisRunner  : Loaded 4700000 variants - 1880 passed variant filters...
2021-06-16 12:45:46.716  INFO 4088950 --- [main] o.m.e.c.analysis.AbstractAnalysisRunner  : Loaded 4800000 variants - 1922 passed variant filters...
2021-06-16 12:45:48.971  INFO 4088950 --- [main] o.m.e.c.analysis.AbstractAnalysisRunner  : Loaded 4900000 variants - 1947 passed variant filters...
2021-06-16 12:45:51.306  INFO 4088950 --- [main] o.m.e.c.analysis.AbstractAnalysisRunner  : Loaded 5000000 variants - 1978 passed variant filters...
2021-06-16 12:45:52.930  INFO 4088950 --- [main] o.m.e.c.analysis.AbstractAnalysisRunner  : Loaded 5100000 variants - 1991 passed variant filters...
2021-06-16 12:45:55.216  INFO 4088950 --- [main] o.m.e.c.analysis.AbstractAnalysisRunner  : Loaded 5200000 variants - 2019 passed variant filters...
2021-06-16 12:45:56.934  INFO 4088950 --- [main] o.m.e.c.analysis.AbstractAnalysisRunner  : Loaded 5300000 variants - 2030 passed variant filters...
2021-06-16 12:46:00.074  INFO 4088950 --- [main] o.m.e.c.analysis.AbstractAnalysisRunner  : Loaded 5400000 variants - 2082 passed variant filters...
2021-06-16 12:46:01.844  INFO 4088950 --- [main] o.m.e.c.analysis.AbstractAnalysisRunner  : Loaded 5500000 variants - 2095 passed variant filters...
2021-06-16 12:46:03.788  INFO 4088950 --- [main] o.m.e.c.analysis.AbstractAnalysisRunner  : Loaded 5600000 variants - 2112 passed variant filters...
2021-06-16 12:46:06.593  INFO 4088950 --- [main] o.m.e.c.analysis.AbstractAnalysisRunner  : Loaded 5700000 variants - 2126 passed variant filters...
2021-06-16 12:46:08.216  INFO 4088950 --- [main] o.m.e.c.analysis.AbstractAnalysisRunner  : Loaded 5800000 variants - 2140 passed variant filters...
2021-06-16 12:46:09.697  INFO 4088950 --- [main] o.m.e.c.analysis.AbstractAnalysisRunner  : Loaded 5900000 variants - 2148 passed variant filters...
2021-06-16 12:46:11.352  INFO 4088950 --- [main] o.m.e.c.analysis.AbstractAnalysisRunner  : Loaded 6000000 variants - 2160 passed variant filters...
2021-06-16 12:46:13.069  INFO 4088950 --- [main] o.m.e.c.analysis.AbstractAnalysisRunner  : Loaded 6100000 variants - 2176 passed variant filters...
2021-06-16 12:46:14.751  INFO 4088950 --- [main] o.m.e.c.analysis.AbstractAnalysisRunner  : Loaded 6200000 variants - 2183 passed variant filters...
2021-06-16 12:46:16.219  INFO 4088950 --- [main] o.m.e.c.analysis.AbstractAnalysisRunner  : Loaded 6300000 variants - 2193 passed variant filters...
2021-06-16 12:46:18.554  INFO 4088950 --- [main] o.m.e.c.analysis.AbstractAnalysisRunner  : Loaded 6400000 variants - 2221 passed variant filters...
2021-06-16 12:46:20.423  INFO 4088950 --- [main] o.m.e.c.analysis.AbstractAnalysisRunner  : Loaded 6500000 variants - 2250 passed variant filters...
2021-06-16 12:46:23.210  INFO 4088950 --- [main] o.m.e.c.analysis.AbstractAnalysisRunner  : Loaded 6600000 variants - 2290 passed variant filters...
2021-06-16 12:46:25.523  INFO 4088950 --- [main] o.m.e.c.analysis.AbstractAnalysisRunner  : Loaded 6700000 variants - 2302 passed variant filters...
2021-06-16 12:46:27.029  INFO 4088950 --- [main] o.m.e.c.analysis.AbstractAnalysisRunner  : Loaded 6800000 variants - 2315 passed variant filters...
2021-06-16 12:46:29.015  INFO 4088950 --- [main] o.m.e.c.analysis.AbstractAnalysisRunner  : Loaded 6900000 variants - 2336 passed variant filters...
2021-06-16 12:46:31.221  INFO 4088950 --- [main] o.m.e.c.analysis.AbstractAnalysisRunner  : Loaded 7000000 variants - 2364 passed variant filters...
2021-06-16 12:46:33.400  INFO 4088950 --- [main] o.m.e.c.analysis.AbstractAnalysisRunner  : Loaded 7100000 variants - 2386 passed variant filters...
2021-06-16 12:46:34.870  INFO 4088950 --- [main] o.m.e.c.analysis.AbstractAnalysisRunner  : Loaded 7200000 variants - 2394 passed variant filters...
2021-06-16 12:46:38.399  INFO 4088950 --- [main] o.m.e.c.analysis.AbstractAnalysisRunner  : Loaded 7300000 variants - 2476 passed variant filters...
2021-06-16 12:46:40.897  INFO 4088950 --- [main] o.m.e.c.analysis.AbstractAnalysisRunner  : Loaded 7400000 variants - 2511 passed variant filters...
2021-06-16 12:46:43.261  INFO 4088950 --- [main] o.m.e.c.analysis.AbstractAnalysisRunner  : Loaded 7500000 variants - 2530 passed variant filters...
2021-06-16 12:46:45.095  INFO 4088950 --- [main] o.m.e.c.analysis.AbstractAnalysisRunner  : Loaded 7600000 variants - 2547 passed variant filters...
2021-06-16 12:46:46.710  INFO 4088950 --- [main] o.m.e.c.analysis.AbstractAnalysisRunner  : Loaded 7700000 variants - 2558 passed variant filters...
2021-06-16 12:46:48.355  INFO 4088950 --- [main] o.m.e.c.analysis.AbstractAnalysisRunner  : Loaded 7800000 variants - 2578 passed variant filters...
2021-06-16 12:46:50.031  INFO 4088950 --- [main] o.m.e.c.analysis.AbstractAnalysisRunner  : Loaded 7900000 variants - 2587 passed variant filters...
2021-06-16 12:46:52.196  INFO 4088950 --- [main] o.m.e.c.analysis.AbstractAnalysisRunner  : Loaded 8000000 variants - 2610 passed variant filters...
2021-06-16 12:46:54.295  INFO 4088950 --- [main] o.m.e.c.analysis.AbstractAnalysisRunner  : Loaded 8100000 variants - 2649 passed variant filters...
2021-06-16 12:46:56.104  INFO 4088950 --- [main] o.m.e.c.analysis.AbstractAnalysisRunner  : Loaded 8200000 variants - 2676 passed variant filters...
2021-06-16 12:46:58.758  INFO 4088950 --- [main] o.m.e.c.analysis.AbstractAnalysisRunner  : Loaded 8300000 variants - 2726 passed variant filters...
2021-06-16 12:47:00.665  INFO 4088950 --- [main] o.m.e.c.analysis.AbstractAnalysisRunner  : Loaded 8400000 variants - 2750 passed variant filters...
2021-06-16 12:47:02.038  INFO 4088950 --- [main] o.m.e.c.analysis.AbstractAnalysisRunner  : Loaded 8500000 variants - 2758 passed variant filters...
2021-06-16 12:47:03.594  INFO 4088950 --- [main] o.m.e.c.analysis.AbstractAnalysisRunner  : Loaded 8600000 variants - 2782 passed variant filters...
2021-06-16 12:47:03.754  INFO 4088950 --- [main] o.m.e.core.genome.VariantFactoryImpl     : Processed 8234258 variant records into 8580755 single allele variants, 44612 are missing annotations, most likely due to non-numeric chromosome designations
2021-06-16 12:47:03.756  INFO 4088950 --- [main] o.m.e.core.genome.VariantFactoryImpl     : Variant annotation finished in 3m 21s 350ms (201350 ms)
2021-06-16 12:47:03.757  INFO 4088950 --- [main] o.m.e.c.analysis.AbstractAnalysisRunner  : Loaded 8625367 variants - 2782 passed variant filters
2021-06-16 12:47:03.773  INFO 4088950 --- [main] o.m.e.c.analysis.AbstractAnalysisRunner  : Checking inheritance mode compatibility with [AUTOSOMAL_DOMINANT, AUTOSOMAL_RECESSIVE, X_RECESSIVE, X_DOMINANT, MITOCHONDRIAL] for genes which passed filters
2021-06-16 12:47:04.148  INFO 4088950 --- [main] o.m.e.c.analysis.AbstractAnalysisRunner  : Running GeneFilter: InheritanceFilter{compatibleModes=[AUTOSOMAL_DOMINANT, AUTOSOMAL_RECESSIVE, X_RECESSIVE, X_DOMINANT, MITOCHONDRIAL]}
2021-06-16 12:47:04.191  INFO 4088950 --- [main] o.m.e.c.analysis.AbstractAnalysisRunner  : Running Prioritiser: OmimPrioritiser{}
2021-06-16 12:47:04.679  INFO 4088950 --- [main] o.m.e.c.analysis.AbstractAnalysisRunner  : Running Prioritiser: HiPhivePriority{options=HiPhiveOptions{diseaseId='', candidateGeneSymbol='', benchmarkingEnabled=false, runPpi=true, runHuman=true, runMouse=true, runFish=true}}
2021-06-16 12:47:07.557  INFO 4088950 --- [main] o.m.e.c.analysis.AbstractAnalysisRunner  : Scoring genes
2021-06-16 12:47:07.618  INFO 4088950 --- [main] o.m.e.c.analysis.AbstractAnalysisRunner  : Analysed 196 genes containing 383 filtered variants
2021-06-16 12:47:07.620  INFO 4088950 --- [main] o.m.e.c.analysis.AbstractAnalysisRunner  : Variant filter stats are:
2021-06-16 12:47:07.622  INFO 4088950 --- [main] o.m.e.c.analysis.AbstractAnalysisRunner  : VARIANT_EFFECT_FILTER: pass=33932 fail=5826905
2021-06-16 12:47:07.624  INFO 4088950 --- [main] o.m.e.c.analysis.AbstractAnalysisRunner  : FREQUENCY_FILTER: pass=2782 fail=31150
2021-06-16 12:47:07.625  INFO 4088950 --- [main] o.m.e.c.analysis.AbstractAnalysisRunner  : PATHOGENICITY_FILTER: pass=2782 fail=0
2021-06-16 12:47:07.626  INFO 4088950 --- [main] o.m.e.c.analysis.AbstractAnalysisRunner  : INHERITANCE_FILTER: pass=383 fail=2399
2021-06-16 12:47:07.628  INFO 4088950 --- [main] o.m.e.c.analysis.AbstractAnalysisRunner  : Creating analysis results from VCF /mnt/scratch/Public/TRAINING/GenomeAnalysisModule/CaseInformation/CaseFiles/Case8/Case8_Merged.vcf.gz
2021-06-16 12:47:07.629  INFO 4088950 --- [main] o.m.e.c.analysis.AbstractAnalysisRunner  : Finished analysis in 3m 25s 572ms (205572 ms)
2021-06-16 12:47:07.631  INFO 4088950 --- [main] o.m.e.c.writers.AnalysisResultsWriter    : Writing results...
2021-06-16 12:47:09.308  INFO 4088950 --- [main] com.zaxxer.hikari.HikariDataSource       : exomiser-phenotype-2007 - Shutdown initiated...
2021-06-16 12:47:09.315  INFO 4088950 --- [main] com.zaxxer.hikari.HikariDataSource       : exomiser-phenotype-2007 - Shutdown completed.
2021-06-16 12:47:09.316  INFO 4088950 --- [main] org.monarchinitiative.exomiser.cli.Main  : Exomising finished - Bye!
