2021-06-16 12:43:13.605  INFO 4088551 --- [main] org.monarchinitiative.exomiser.cli.Main  : Starting Main on gpcc-node03 with PID 4088551 (/mnt/common/WASSERMAN_SOFTWARE/Exomiser/exomiser-cli-12.1.0/exomiser-cli-12.1.0.jar started by prichmond in /mnt/scratch/Public/TRAINING/GenomeAnalysisModule/CaseInformation/Exomiser/Case6)
2021-06-16 12:43:13.696  INFO 4088551 --- [main] org.monarchinitiative.exomiser.cli.Main  : No active profile set, falling back to default profiles: default
2021-06-16 12:43:14.788  INFO 4088551 --- [main] o.m.exomiser.cli.config.MainConfig       : Exomiser home: /mnt/common/WASSERMAN_SOFTWARE/Exomiser/exomiser-cli-12.1.0
2021-06-16 12:43:16.284  INFO 4088551 --- [main] o.m.exomiser.cli.config.MainConfig       : Data source directory defined in properties as: /mnt/common/WASSERMAN_SOFTWARE/Exomiser/exomiser-cli-12.1.0/data/
2021-06-16 12:43:16.572  INFO 4088551 --- [main] o.m.exomiser.cli.config.MainConfig       : Root data source directory set to: /mnt/common/WASSERMAN_SOFTWARE/Exomiser/exomiser-cli-12.1.0/data
2021-06-16 12:43:16.822  INFO 4088551 --- [main] com.zaxxer.hikari.HikariDataSource       : exomiser-genome-hg38-2007 - Starting...
2021-06-16 12:43:17.767  INFO 4088551 --- [main] com.zaxxer.hikari.HikariDataSource       : exomiser-genome-hg38-2007 - Start completed.
2021-06-16 12:43:18.118  INFO 4088551 --- [main] o.m.e.c.g.j.JannovarDataProtoSerialiser  : Deserialising Jannovar data from /mnt/common/WASSERMAN_SOFTWARE/Exomiser/exomiser-cli-12.1.0/data/2007_hg38/2007_hg38_transcripts_ensembl.ser
2021-06-16 12:43:19.598  INFO 4088551 --- [main] o.m.e.c.g.j.JannovarDataProtoSerialiser  : Deserialisation took 1.449 sec.
2021-06-16 12:43:21.228  INFO 4088551 --- [main] o.m.e.a.genome.GenomeDataSourceLoader    : Loading variant whitelist from: /mnt/common/WASSERMAN_SOFTWARE/Exomiser/exomiser-cli-12.1.0/data/2007_hg38/2007_hg38_clinvar_whitelist.tsv.gz
2021-06-16 12:43:21.438  INFO 4088551 --- [main] o.m.e.a.genome.GenomeDataSourceLoader    : Loaded 92488 variants into whitelist
2021-06-16 12:43:21.532  WARN 4088551 --- [main] o.m.e.a.genome.GenomeDataSourceLoader    : Data for LOCAL is not configured. THIS WILL LEAD TO ERRORS IF REQUIRED DURING ANALYSIS. Check the application.properties is pointing to a valid file.
2021-06-16 12:43:21.534  INFO 4088551 --- [main] o.m.e.a.genome.GenomeDataSourceLoader    : Opening CADD snv data from source: /mnt/common/DATABASES/REFERENCES/GRCh38/CADD/V1.4/whole_genome_SNVs.tsv.gz
2021-06-16 12:43:21.646  INFO 4088551 --- [main] o.m.e.a.genome.GenomeDataSourceLoader    : Opening CADD InDel data from source: /mnt/common/DATABASES/REFERENCES/GRCh38/CADD/V1.4/InDels.tsv.gz
2021-06-16 12:43:22.276  WARN 4088551 --- [main] o.m.e.a.genome.GenomeDataSourceLoader    : Data for REMM is not configured. THIS WILL LEAD TO ERRORS IF REQUIRED DURING ANALYSIS. Check the application.properties is pointing to a valid file.
2021-06-16 12:43:22.279  WARN 4088551 --- [main] o.m.e.a.genome.GenomeDataSourceLoader    : Data for TEST is not configured. THIS WILL LEAD TO ERRORS IF REQUIRED DURING ANALYSIS. Check the application.properties is pointing to a valid file.
2021-06-16 12:43:22.737  INFO 4088551 --- [main] g.GenomeAnalysisServiceAutoConfiguration : Configured hg38 genome analysis service
2021-06-16 12:43:23.033  INFO 4088551 --- [main] com.zaxxer.hikari.HikariDataSource       : exomiser-phenotype-2007 - Starting...
2021-06-16 12:43:23.562  INFO 4088551 --- [main] com.zaxxer.hikari.HikariDataSource       : exomiser-phenotype-2007 - Start completed.
2021-06-16 12:43:40.268  INFO 4088551 --- [main] o.m.exomiser.cli.config.MainConfig       : Default results directory set to: /mnt/common/WASSERMAN_SOFTWARE/Exomiser/exomiser-cli-12.1.0/results
2021-06-16 12:43:41.140  INFO 4088551 --- [main] org.monarchinitiative.exomiser.cli.Main  : Started Main in 28.869 seconds (JVM running for 32.451)
2021-06-16 12:43:41.146  INFO 4088551 --- [main] o.m.e.cli.ExomiserCommandLineRunner      : Exomiser running...
2021-06-16 12:43:41.368  INFO 4088551 --- [main] o.m.exomiser.core.Exomiser               : Running analysis using hg38 assembly with mode: PASS_ONLY
2021-06-16 12:43:41.375  INFO 4088551 --- [main] o.m.e.c.analysis.AbstractAnalysisRunner  : Starting analysis
2021-06-16 12:43:41.383  INFO 4088551 --- [main] o.m.e.c.analysis.AbstractAnalysisRunner  : Using genome assembly hg38
2021-06-16 12:43:41.427  INFO 4088551 --- [main] o.m.e.c.analysis.AbstractAnalysisRunner  : Checking proband and pedigree for VCF /mnt/scratch/Public/TRAINING/GenomeAnalysisModule/CaseInformation/CaseFiles/Case6/Case6_Merged.vcf.gz
2021-06-16 12:43:41.445  INFO 4088551 --- [main] o.m.e.c.analysis.AbstractAnalysisRunner  : Running analysis for proband proband (sample 1 in VCF) from samples: [proband, mother, father]
2021-06-16 12:43:41.786  INFO 4088551 --- [main] o.m.e.c.analysis.AbstractAnalysisRunner  : Filtering variants with:
2021-06-16 12:43:41.788  INFO 4088551 --- [main] o.m.e.c.analysis.AbstractAnalysisRunner  : VariantEffectFilter{offTargetVariantTypes=[CODING_TRANSCRIPT_INTRON_VARIANT, FIVE_PRIME_UTR_EXON_VARIANT, THREE_PRIME_UTR_EXON_VARIANT, FIVE_PRIME_UTR_INTRON_VARIANT, THREE_PRIME_UTR_INTRON_VARIANT, NON_CODING_TRANSCRIPT_EXON_VARIANT, NON_CODING_TRANSCRIPT_INTRON_VARIANT, UPSTREAM_GENE_VARIANT, DOWNSTREAM_GENE_VARIANT, INTERGENIC_VARIANT, REGULATORY_REGION_VARIANT]}
2021-06-16 12:43:41.790  INFO 4088551 --- [main] o.m.e.c.analysis.AbstractAnalysisRunner  : FrequencyFilter{maxFreq=2.0}
2021-06-16 12:43:41.792  INFO 4088551 --- [main] o.m.e.c.analysis.AbstractAnalysisRunner  : PathogenicityFilter{keepNonPathogenic=true}
2021-06-16 12:43:41.814  INFO 4088551 --- [main] o.m.e.core.genome.VariantFactoryImpl     : Annotating variant records, trimming sequences and normalising positions...
2021-06-16 12:43:47.622  INFO 4088551 --- [main] o.m.e.c.analysis.AbstractAnalysisRunner  : Loaded 100000 variants - 91 passed variant filters...
2021-06-16 12:43:50.120  INFO 4088551 --- [main] o.m.e.c.analysis.AbstractAnalysisRunner  : Loaded 200000 variants - 128 passed variant filters...
2021-06-16 12:43:51.906  INFO 4088551 --- [main] o.m.e.c.analysis.AbstractAnalysisRunner  : Loaded 300000 variants - 145 passed variant filters...
2021-06-16 12:43:56.133  INFO 4088551 --- [main] o.m.e.c.analysis.AbstractAnalysisRunner  : Loaded 400000 variants - 257 passed variant filters...
2021-06-16 12:43:57.971  INFO 4088551 --- [main] o.m.e.c.analysis.AbstractAnalysisRunner  : Loaded 500000 variants - 274 passed variant filters...
2021-06-16 12:44:00.386  INFO 4088551 --- [main] o.m.e.c.analysis.AbstractAnalysisRunner  : Loaded 600000 variants - 305 passed variant filters...
2021-06-16 12:44:02.346  INFO 4088551 --- [main] o.m.e.c.analysis.AbstractAnalysisRunner  : Loaded 700000 variants - 328 passed variant filters...
2021-06-16 12:44:04.185  INFO 4088551 --- [main] o.m.e.c.analysis.AbstractAnalysisRunner  : Loaded 800000 variants - 340 passed variant filters...
2021-06-16 12:44:07.543  INFO 4088551 --- [main] o.m.e.c.analysis.AbstractAnalysisRunner  : Loaded 900000 variants - 391 passed variant filters...
2021-06-16 12:44:09.480  INFO 4088551 --- [main] o.m.e.c.analysis.AbstractAnalysisRunner  : Loaded 1000000 variants - 417 passed variant filters...
2021-06-16 12:44:13.072  INFO 4088551 --- [main] o.m.e.c.analysis.AbstractAnalysisRunner  : Loaded 1100000 variants - 497 passed variant filters...
2021-06-16 12:44:15.081  INFO 4088551 --- [main] o.m.e.c.analysis.AbstractAnalysisRunner  : Loaded 1200000 variants - 518 passed variant filters...
2021-06-16 12:44:17.785  INFO 4088551 --- [main] o.m.e.c.analysis.AbstractAnalysisRunner  : Loaded 1300000 variants - 569 passed variant filters...
2021-06-16 12:44:19.685  INFO 4088551 --- [main] o.m.e.c.analysis.AbstractAnalysisRunner  : Loaded 1400000 variants - 580 passed variant filters...
2021-06-16 12:44:22.303  INFO 4088551 --- [main] o.m.e.c.analysis.AbstractAnalysisRunner  : Loaded 1500000 variants - 625 passed variant filters...
2021-06-16 12:44:24.219  INFO 4088551 --- [main] o.m.e.c.analysis.AbstractAnalysisRunner  : Loaded 1600000 variants - 647 passed variant filters...
2021-06-16 12:44:26.560  INFO 4088551 --- [main] o.m.e.c.analysis.AbstractAnalysisRunner  : Loaded 1700000 variants - 687 passed variant filters...
2021-06-16 12:44:28.497  INFO 4088551 --- [main] o.m.e.c.analysis.AbstractAnalysisRunner  : Loaded 1800000 variants - 706 passed variant filters...
2021-06-16 12:44:30.588  INFO 4088551 --- [main] o.m.e.c.analysis.AbstractAnalysisRunner  : Loaded 1900000 variants - 729 passed variant filters...
2021-06-16 12:44:32.251  INFO 4088551 --- [main] o.m.e.c.analysis.AbstractAnalysisRunner  : Loaded 2000000 variants - 741 passed variant filters...
2021-06-16 12:44:33.526  INFO 4088551 --- [main] o.m.e.c.analysis.AbstractAnalysisRunner  : Loaded 2100000 variants - 747 passed variant filters...
2021-06-16 12:44:36.673  INFO 4088551 --- [main] o.m.e.c.analysis.AbstractAnalysisRunner  : Loaded 2200000 variants - 811 passed variant filters...
2021-06-16 12:44:38.768  INFO 4088551 --- [main] o.m.e.c.analysis.AbstractAnalysisRunner  : Loaded 2300000 variants - 826 passed variant filters...
2021-06-16 12:44:40.958  INFO 4088551 --- [main] o.m.e.c.analysis.AbstractAnalysisRunner  : Loaded 2400000 variants - 845 passed variant filters...
2021-06-16 12:44:44.552  INFO 4088551 --- [main] o.m.e.c.analysis.AbstractAnalysisRunner  : Loaded 2500000 variants - 938 passed variant filters...
2021-06-16 12:44:46.765  INFO 4088551 --- [main] o.m.e.c.analysis.AbstractAnalysisRunner  : Loaded 2600000 variants - 971 passed variant filters...
2021-06-16 12:44:49.572  INFO 4088551 --- [main] o.m.e.c.analysis.AbstractAnalysisRunner  : Loaded 2700000 variants - 1023 passed variant filters...
2021-06-16 12:44:52.106  INFO 4088551 --- [main] o.m.e.c.analysis.AbstractAnalysisRunner  : Loaded 2800000 variants - 1058 passed variant filters...
2021-06-16 12:44:54.528  INFO 4088551 --- [main] o.m.e.c.analysis.AbstractAnalysisRunner  : Loaded 2900000 variants - 1083 passed variant filters...
2021-06-16 12:44:57.226  INFO 4088551 --- [main] o.m.e.c.analysis.AbstractAnalysisRunner  : Loaded 3000000 variants - 1124 passed variant filters...
2021-06-16 12:44:59.998  INFO 4088551 --- [main] o.m.e.c.analysis.AbstractAnalysisRunner  : Loaded 3100000 variants - 1180 passed variant filters...
2021-06-16 12:45:02.833  INFO 4088551 --- [main] o.m.e.c.analysis.AbstractAnalysisRunner  : Loaded 3200000 variants - 1224 passed variant filters...
2021-06-16 12:45:04.455  INFO 4088551 --- [main] o.m.e.c.analysis.AbstractAnalysisRunner  : Loaded 3300000 variants - 1238 passed variant filters...
2021-06-16 12:45:06.268  INFO 4088551 --- [main] o.m.e.c.analysis.AbstractAnalysisRunner  : Loaded 3400000 variants - 1255 passed variant filters...
2021-06-16 12:45:09.777  INFO 4088551 --- [main] o.m.e.c.analysis.AbstractAnalysisRunner  : Loaded 3500000 variants - 1326 passed variant filters...
2021-06-16 12:45:15.093  INFO 4088551 --- [main] o.m.e.c.analysis.AbstractAnalysisRunner  : Loaded 3600000 variants - 1466 passed variant filters...
2021-06-16 12:45:17.970  INFO 4088551 --- [main] o.m.e.c.analysis.AbstractAnalysisRunner  : Loaded 3700000 variants - 1521 passed variant filters...
2021-06-16 12:45:19.956  INFO 4088551 --- [main] o.m.e.c.analysis.AbstractAnalysisRunner  : Loaded 3800000 variants - 1543 passed variant filters...
2021-06-16 12:45:22.207  INFO 4088551 --- [main] o.m.e.c.analysis.AbstractAnalysisRunner  : Loaded 3900000 variants - 1578 passed variant filters...
2021-06-16 12:45:24.357  INFO 4088551 --- [main] o.m.e.c.analysis.AbstractAnalysisRunner  : Loaded 4000000 variants - 1608 passed variant filters...
2021-06-16 12:45:26.245  INFO 4088551 --- [main] o.m.e.c.analysis.AbstractAnalysisRunner  : Loaded 4100000 variants - 1621 passed variant filters...
2021-06-16 12:45:28.308  INFO 4088551 --- [main] o.m.e.c.analysis.AbstractAnalysisRunner  : Loaded 4200000 variants - 1640 passed variant filters...
2021-06-16 12:45:31.007  INFO 4088551 --- [main] o.m.e.c.analysis.AbstractAnalysisRunner  : Loaded 4300000 variants - 1684 passed variant filters...
2021-06-16 12:45:32.989  INFO 4088551 --- [main] o.m.e.c.analysis.AbstractAnalysisRunner  : Loaded 4400000 variants - 1710 passed variant filters...
2021-06-16 12:45:37.021  INFO 4088551 --- [main] o.m.e.c.analysis.AbstractAnalysisRunner  : Loaded 4500000 variants - 1761 passed variant filters...
2021-06-16 12:45:43.447  INFO 4088551 --- [main] o.m.e.c.analysis.AbstractAnalysisRunner  : Loaded 4600000 variants - 1773 passed variant filters...
2021-06-16 12:45:47.067  INFO 4088551 --- [main] o.m.e.c.analysis.AbstractAnalysisRunner  : Loaded 4700000 variants - 1879 passed variant filters...
2021-06-16 12:45:49.546  INFO 4088551 --- [main] o.m.e.c.analysis.AbstractAnalysisRunner  : Loaded 4800000 variants - 1921 passed variant filters...
2021-06-16 12:45:51.707  INFO 4088551 --- [main] o.m.e.c.analysis.AbstractAnalysisRunner  : Loaded 4900000 variants - 1946 passed variant filters...
2021-06-16 12:45:54.093  INFO 4088551 --- [main] o.m.e.c.analysis.AbstractAnalysisRunner  : Loaded 5000000 variants - 1977 passed variant filters...
2021-06-16 12:45:55.671  INFO 4088551 --- [main] o.m.e.c.analysis.AbstractAnalysisRunner  : Loaded 5100000 variants - 1990 passed variant filters...
2021-06-16 12:45:57.801  INFO 4088551 --- [main] o.m.e.c.analysis.AbstractAnalysisRunner  : Loaded 5200000 variants - 2018 passed variant filters...
2021-06-16 12:45:59.415  INFO 4088551 --- [main] o.m.e.c.analysis.AbstractAnalysisRunner  : Loaded 5300000 variants - 2029 passed variant filters...
2021-06-16 12:46:02.443  INFO 4088551 --- [main] o.m.e.c.analysis.AbstractAnalysisRunner  : Loaded 5400000 variants - 2081 passed variant filters...
2021-06-16 12:46:04.121  INFO 4088551 --- [main] o.m.e.c.analysis.AbstractAnalysisRunner  : Loaded 5500000 variants - 2094 passed variant filters...
2021-06-16 12:46:05.992  INFO 4088551 --- [main] o.m.e.c.analysis.AbstractAnalysisRunner  : Loaded 5600000 variants - 2111 passed variant filters...
2021-06-16 12:46:08.523  INFO 4088551 --- [main] o.m.e.c.analysis.AbstractAnalysisRunner  : Loaded 5700000 variants - 2125 passed variant filters...
2021-06-16 12:46:10.094  INFO 4088551 --- [main] o.m.e.c.analysis.AbstractAnalysisRunner  : Loaded 5800000 variants - 2139 passed variant filters...
2021-06-16 12:46:11.446  INFO 4088551 --- [main] o.m.e.c.analysis.AbstractAnalysisRunner  : Loaded 5900000 variants - 2147 passed variant filters...
2021-06-16 12:46:12.982  INFO 4088551 --- [main] o.m.e.c.analysis.AbstractAnalysisRunner  : Loaded 6000000 variants - 2159 passed variant filters...
2021-06-16 12:46:14.578  INFO 4088551 --- [main] o.m.e.c.analysis.AbstractAnalysisRunner  : Loaded 6100000 variants - 2175 passed variant filters...
2021-06-16 12:46:16.098  INFO 4088551 --- [main] o.m.e.c.analysis.AbstractAnalysisRunner  : Loaded 6200000 variants - 2182 passed variant filters...
2021-06-16 12:46:17.570  INFO 4088551 --- [main] o.m.e.c.analysis.AbstractAnalysisRunner  : Loaded 6300000 variants - 2192 passed variant filters...
2021-06-16 12:46:19.680  INFO 4088551 --- [main] o.m.e.c.analysis.AbstractAnalysisRunner  : Loaded 6400000 variants - 2220 passed variant filters...
2021-06-16 12:46:21.655  INFO 4088551 --- [main] o.m.e.c.analysis.AbstractAnalysisRunner  : Loaded 6500000 variants - 2249 passed variant filters...
2021-06-16 12:46:24.125  INFO 4088551 --- [main] o.m.e.c.analysis.AbstractAnalysisRunner  : Loaded 6600000 variants - 2289 passed variant filters...
2021-06-16 12:46:26.073  INFO 4088551 --- [main] o.m.e.c.analysis.AbstractAnalysisRunner  : Loaded 6700000 variants - 2301 passed variant filters...
2021-06-16 12:46:27.695  INFO 4088551 --- [main] o.m.e.c.analysis.AbstractAnalysisRunner  : Loaded 6800000 variants - 2314 passed variant filters...
2021-06-16 12:46:29.936  INFO 4088551 --- [main] o.m.e.c.analysis.AbstractAnalysisRunner  : Loaded 6900000 variants - 2335 passed variant filters...
2021-06-16 12:46:32.137  INFO 4088551 --- [main] o.m.e.c.analysis.AbstractAnalysisRunner  : Loaded 7000000 variants - 2363 passed variant filters...
2021-06-16 12:46:34.193  INFO 4088551 --- [main] o.m.e.c.analysis.AbstractAnalysisRunner  : Loaded 7100000 variants - 2385 passed variant filters...
2021-06-16 12:46:35.579  INFO 4088551 --- [main] o.m.e.c.analysis.AbstractAnalysisRunner  : Loaded 7200000 variants - 2393 passed variant filters...
2021-06-16 12:46:39.527  INFO 4088551 --- [main] o.m.e.c.analysis.AbstractAnalysisRunner  : Loaded 7300000 variants - 2475 passed variant filters...
2021-06-16 12:46:41.875  INFO 4088551 --- [main] o.m.e.c.analysis.AbstractAnalysisRunner  : Loaded 7400000 variants - 2510 passed variant filters...
2021-06-16 12:46:45.199  INFO 4088551 --- [main] o.m.e.c.analysis.AbstractAnalysisRunner  : Loaded 7500000 variants - 2529 passed variant filters...
2021-06-16 12:46:46.840  INFO 4088551 --- [main] o.m.e.c.analysis.AbstractAnalysisRunner  : Loaded 7600000 variants - 2546 passed variant filters...
2021-06-16 12:46:48.400  INFO 4088551 --- [main] o.m.e.c.analysis.AbstractAnalysisRunner  : Loaded 7700000 variants - 2557 passed variant filters...
2021-06-16 12:46:50.033  INFO 4088551 --- [main] o.m.e.c.analysis.AbstractAnalysisRunner  : Loaded 7800000 variants - 2577 passed variant filters...
2021-06-16 12:46:51.569  INFO 4088551 --- [main] o.m.e.c.analysis.AbstractAnalysisRunner  : Loaded 7900000 variants - 2586 passed variant filters...
2021-06-16 12:46:53.552  INFO 4088551 --- [main] o.m.e.c.analysis.AbstractAnalysisRunner  : Loaded 8000000 variants - 2609 passed variant filters...
2021-06-16 12:46:55.698  INFO 4088551 --- [main] o.m.e.c.analysis.AbstractAnalysisRunner  : Loaded 8100000 variants - 2648 passed variant filters...
2021-06-16 12:46:57.549  INFO 4088551 --- [main] o.m.e.c.analysis.AbstractAnalysisRunner  : Loaded 8200000 variants - 2675 passed variant filters...
2021-06-16 12:47:00.301  INFO 4088551 --- [main] o.m.e.c.analysis.AbstractAnalysisRunner  : Loaded 8300000 variants - 2725 passed variant filters...
2021-06-16 12:47:02.244  INFO 4088551 --- [main] o.m.e.c.analysis.AbstractAnalysisRunner  : Loaded 8400000 variants - 2749 passed variant filters...
2021-06-16 12:47:03.573  INFO 4088551 --- [main] o.m.e.c.analysis.AbstractAnalysisRunner  : Loaded 8500000 variants - 2757 passed variant filters...
2021-06-16 12:47:05.697  INFO 4088551 --- [main] o.m.e.c.analysis.AbstractAnalysisRunner  : Loaded 8600000 variants - 2782 passed variant filters...
2021-06-16 12:47:05.881  INFO 4088551 --- [main] o.m.e.core.genome.VariantFactoryImpl     : Processed 8234258 variant records into 8580755 single allele variants, 44612 are missing annotations, most likely due to non-numeric chromosome designations
2021-06-16 12:47:05.884  INFO 4088551 --- [main] o.m.e.core.genome.VariantFactoryImpl     : Variant annotation finished in 3m 23s 964ms (203964 ms)
2021-06-16 12:47:05.885  INFO 4088551 --- [main] o.m.e.c.analysis.AbstractAnalysisRunner  : Loaded 8625367 variants - 2782 passed variant filters
2021-06-16 12:47:05.897  INFO 4088551 --- [main] o.m.e.c.analysis.AbstractAnalysisRunner  : Checking inheritance mode compatibility with [AUTOSOMAL_DOMINANT, AUTOSOMAL_RECESSIVE, X_RECESSIVE, X_DOMINANT, MITOCHONDRIAL] for genes which passed filters
2021-06-16 12:47:06.213  INFO 4088551 --- [main] o.m.e.c.analysis.AbstractAnalysisRunner  : Running GeneFilter: InheritanceFilter{compatibleModes=[AUTOSOMAL_DOMINANT, AUTOSOMAL_RECESSIVE, X_RECESSIVE, X_DOMINANT, MITOCHONDRIAL]}
2021-06-16 12:47:06.267  INFO 4088551 --- [main] o.m.e.c.analysis.AbstractAnalysisRunner  : Running Prioritiser: OmimPrioritiser{}
2021-06-16 12:47:06.758  INFO 4088551 --- [main] o.m.e.c.analysis.AbstractAnalysisRunner  : Running Prioritiser: HiPhivePriority{options=HiPhiveOptions{diseaseId='', candidateGeneSymbol='', benchmarkingEnabled=false, runPpi=true, runHuman=true, runMouse=true, runFish=true}}
2021-06-16 12:47:09.612  INFO 4088551 --- [main] o.m.e.c.analysis.AbstractAnalysisRunner  : Scoring genes
2021-06-16 12:47:09.685  INFO 4088551 --- [main] o.m.e.c.analysis.AbstractAnalysisRunner  : Analysed 196 genes containing 383 filtered variants
2021-06-16 12:47:09.687  INFO 4088551 --- [main] o.m.e.c.analysis.AbstractAnalysisRunner  : Variant filter stats are:
2021-06-16 12:47:09.689  INFO 4088551 --- [main] o.m.e.c.analysis.AbstractAnalysisRunner  : VARIANT_EFFECT_FILTER: pass=33932 fail=5826905
2021-06-16 12:47:09.691  INFO 4088551 --- [main] o.m.e.c.analysis.AbstractAnalysisRunner  : FREQUENCY_FILTER: pass=2782 fail=31150
2021-06-16 12:47:09.692  INFO 4088551 --- [main] o.m.e.c.analysis.AbstractAnalysisRunner  : PATHOGENICITY_FILTER: pass=2782 fail=0
2021-06-16 12:47:09.693  INFO 4088551 --- [main] o.m.e.c.analysis.AbstractAnalysisRunner  : INHERITANCE_FILTER: pass=383 fail=2399
2021-06-16 12:47:09.694  INFO 4088551 --- [main] o.m.e.c.analysis.AbstractAnalysisRunner  : Creating analysis results from VCF /mnt/scratch/Public/TRAINING/GenomeAnalysisModule/CaseInformation/CaseFiles/Case6/Case6_Merged.vcf.gz
2021-06-16 12:47:09.696  INFO 4088551 --- [main] o.m.e.c.analysis.AbstractAnalysisRunner  : Finished analysis in 3m 28s 248ms (208248 ms)
2021-06-16 12:47:09.697  INFO 4088551 --- [main] o.m.e.c.writers.AnalysisResultsWriter    : Writing results...
2021-06-16 12:47:11.248  INFO 4088551 --- [main] com.zaxxer.hikari.HikariDataSource       : exomiser-phenotype-2007 - Shutdown initiated...
2021-06-16 12:47:11.254  INFO 4088551 --- [main] com.zaxxer.hikari.HikariDataSource       : exomiser-phenotype-2007 - Shutdown completed.
2021-06-16 12:47:11.256  INFO 4088551 --- [main] org.monarchinitiative.exomiser.cli.Main  : Exomising finished - Bye!
