2021-06-16 12:21:16.351  INFO 4086071 --- [main] org.monarchinitiative.exomiser.cli.Main  : Starting Main on gpcc-node03 with PID 4086071 (/mnt/common/WASSERMAN_SOFTWARE/Exomiser/exomiser-cli-12.1.0/exomiser-cli-12.1.0.jar started by prichmond in /mnt/scratch/Public/TRAINING/GenomeAnalysisModule/CaseInformation/Exomiser/Case3)
2021-06-16 12:21:16.354  INFO 4086071 --- [main] org.monarchinitiative.exomiser.cli.Main  : No active profile set, falling back to default profiles: default
2021-06-16 12:21:17.025  INFO 4086071 --- [main] o.m.exomiser.cli.config.MainConfig       : Exomiser home: /mnt/common/WASSERMAN_SOFTWARE/Exomiser/exomiser-cli-12.1.0
2021-06-16 12:21:17.034  INFO 4086071 --- [main] o.m.exomiser.cli.config.MainConfig       : Data source directory defined in properties as: /mnt/common/WASSERMAN_SOFTWARE/Exomiser/exomiser-cli-12.1.0/data/
2021-06-16 12:21:17.036  INFO 4086071 --- [main] o.m.exomiser.cli.config.MainConfig       : Root data source directory set to: /mnt/common/WASSERMAN_SOFTWARE/Exomiser/exomiser-cli-12.1.0/data
2021-06-16 12:21:17.045  INFO 4086071 --- [main] com.zaxxer.hikari.HikariDataSource       : exomiser-genome-hg38-2007 - Starting...
2021-06-16 12:21:17.198  INFO 4086071 --- [main] com.zaxxer.hikari.HikariDataSource       : exomiser-genome-hg38-2007 - Start completed.
2021-06-16 12:21:17.202  INFO 4086071 --- [main] o.m.e.c.g.j.JannovarDataProtoSerialiser  : Deserialising Jannovar data from /mnt/common/WASSERMAN_SOFTWARE/Exomiser/exomiser-cli-12.1.0/data/2007_hg38/2007_hg38_transcripts_ensembl.ser
2021-06-16 12:21:18.414  INFO 4086071 --- [main] o.m.e.c.g.j.JannovarDataProtoSerialiser  : Deserialisation took 1.208 sec.
2021-06-16 12:21:19.867  INFO 4086071 --- [main] o.m.e.a.genome.GenomeDataSourceLoader    : Loading variant whitelist from: /mnt/common/WASSERMAN_SOFTWARE/Exomiser/exomiser-cli-12.1.0/data/2007_hg38/2007_hg38_clinvar_whitelist.tsv.gz
2021-06-16 12:21:20.035  INFO 4086071 --- [main] o.m.e.a.genome.GenomeDataSourceLoader    : Loaded 92488 variants into whitelist
2021-06-16 12:21:20.092  WARN 4086071 --- [main] o.m.e.a.genome.GenomeDataSourceLoader    : Data for LOCAL is not configured. THIS WILL LEAD TO ERRORS IF REQUIRED DURING ANALYSIS. Check the application.properties is pointing to a valid file.
2021-06-16 12:21:20.094  INFO 4086071 --- [main] o.m.e.a.genome.GenomeDataSourceLoader    : Opening CADD snv data from source: /mnt/common/DATABASES/REFERENCES/GRCh38/CADD/V1.4/whole_genome_SNVs.tsv.gz
2021-06-16 12:21:20.188  INFO 4086071 --- [main] o.m.e.a.genome.GenomeDataSourceLoader    : Opening CADD InDel data from source: /mnt/common/DATABASES/REFERENCES/GRCh38/CADD/V1.4/InDels.tsv.gz
2021-06-16 12:21:20.254  WARN 4086071 --- [main] o.m.e.a.genome.GenomeDataSourceLoader    : Data for REMM is not configured. THIS WILL LEAD TO ERRORS IF REQUIRED DURING ANALYSIS. Check the application.properties is pointing to a valid file.
2021-06-16 12:21:20.255  WARN 4086071 --- [main] o.m.e.a.genome.GenomeDataSourceLoader    : Data for TEST is not configured. THIS WILL LEAD TO ERRORS IF REQUIRED DURING ANALYSIS. Check the application.properties is pointing to a valid file.
2021-06-16 12:21:20.595  INFO 4086071 --- [main] g.GenomeAnalysisServiceAutoConfiguration : Configured hg38 genome analysis service
2021-06-16 12:21:20.619  INFO 4086071 --- [main] com.zaxxer.hikari.HikariDataSource       : exomiser-phenotype-2007 - Starting...
2021-06-16 12:21:20.642  INFO 4086071 --- [main] com.zaxxer.hikari.HikariDataSource       : exomiser-phenotype-2007 - Start completed.
2021-06-16 12:21:28.315  INFO 4086071 --- [main] o.m.exomiser.cli.config.MainConfig       : Default results directory set to: /mnt/common/WASSERMAN_SOFTWARE/Exomiser/exomiser-cli-12.1.0/results
2021-06-16 12:21:28.585  INFO 4086071 --- [main] org.monarchinitiative.exomiser.cli.Main  : Started Main in 17.514 seconds (JVM running for 17.889)
2021-06-16 12:21:28.589  INFO 4086071 --- [main] o.m.e.cli.ExomiserCommandLineRunner      : Exomiser running...
2021-06-16 12:21:28.685  INFO 4086071 --- [main] o.m.exomiser.core.Exomiser               : Running analysis using hg38 assembly with mode: PASS_ONLY
2021-06-16 12:21:28.689  INFO 4086071 --- [main] o.m.e.c.analysis.AbstractAnalysisRunner  : Starting analysis
2021-06-16 12:21:28.690  INFO 4086071 --- [main] o.m.e.c.analysis.AbstractAnalysisRunner  : Using genome assembly hg38
2021-06-16 12:21:28.711  INFO 4086071 --- [main] o.m.e.c.analysis.AbstractAnalysisRunner  : Checking proband and pedigree for VCF /mnt/scratch/Public/TRAINING/GenomeAnalysisModule/CaseInformation/CaseFiles/Case3/Case3_Merged.vcf.gz
2021-06-16 12:21:28.721  INFO 4086071 --- [main] o.m.e.c.analysis.AbstractAnalysisRunner  : Running analysis for proband proband (sample 1 in VCF) from samples: [proband, mother, father]
2021-06-16 12:21:29.047  INFO 4086071 --- [main] o.m.e.c.analysis.AbstractAnalysisRunner  : Filtering variants with:
2021-06-16 12:21:29.050  INFO 4086071 --- [main] o.m.e.c.analysis.AbstractAnalysisRunner  : VariantEffectFilter{offTargetVariantTypes=[CODING_TRANSCRIPT_INTRON_VARIANT, FIVE_PRIME_UTR_EXON_VARIANT, THREE_PRIME_UTR_EXON_VARIANT, FIVE_PRIME_UTR_INTRON_VARIANT, THREE_PRIME_UTR_INTRON_VARIANT, NON_CODING_TRANSCRIPT_EXON_VARIANT, NON_CODING_TRANSCRIPT_INTRON_VARIANT, UPSTREAM_GENE_VARIANT, DOWNSTREAM_GENE_VARIANT, INTERGENIC_VARIANT, REGULATORY_REGION_VARIANT]}
2021-06-16 12:21:29.051  INFO 4086071 --- [main] o.m.e.c.analysis.AbstractAnalysisRunner  : FrequencyFilter{maxFreq=2.0}
2021-06-16 12:21:29.053  INFO 4086071 --- [main] o.m.e.c.analysis.AbstractAnalysisRunner  : PathogenicityFilter{keepNonPathogenic=true}
2021-06-16 12:21:29.073  INFO 4086071 --- [main] o.m.e.core.genome.VariantFactoryImpl     : Annotating variant records, trimming sequences and normalising positions...
2021-06-16 12:21:33.162  INFO 4086071 --- [main] o.m.e.c.analysis.AbstractAnalysisRunner  : Loaded 100000 variants - 67 passed variant filters...
2021-06-16 12:21:34.978  INFO 4086071 --- [main] o.m.e.c.analysis.AbstractAnalysisRunner  : Loaded 200000 variants - 74 passed variant filters...
2021-06-16 12:21:38.034  INFO 4086071 --- [main] o.m.e.c.analysis.AbstractAnalysisRunner  : Loaded 300000 variants - 144 passed variant filters...
2021-06-16 12:21:40.111  INFO 4086071 --- [main] o.m.e.c.analysis.AbstractAnalysisRunner  : Loaded 400000 variants - 164 passed variant filters...
2021-06-16 12:21:42.337  INFO 4086071 --- [main] o.m.e.c.analysis.AbstractAnalysisRunner  : Loaded 500000 variants - 181 passed variant filters...
2021-06-16 12:21:44.136  INFO 4086071 --- [main] o.m.e.c.analysis.AbstractAnalysisRunner  : Loaded 600000 variants - 188 passed variant filters...
2021-06-16 12:21:46.645  INFO 4086071 --- [main] o.m.e.c.analysis.AbstractAnalysisRunner  : Loaded 700000 variants - 233 passed variant filters...
2021-06-16 12:21:48.853  INFO 4086071 --- [main] o.m.e.c.analysis.AbstractAnalysisRunner  : Loaded 800000 variants - 248 passed variant filters...
2021-06-16 12:21:52.023  INFO 4086071 --- [main] o.m.e.c.analysis.AbstractAnalysisRunner  : Loaded 900000 variants - 310 passed variant filters...
2021-06-16 12:21:53.891  INFO 4086071 --- [main] o.m.e.c.analysis.AbstractAnalysisRunner  : Loaded 1000000 variants - 320 passed variant filters...
2021-06-16 12:21:55.857  INFO 4086071 --- [main] o.m.e.c.analysis.AbstractAnalysisRunner  : Loaded 1100000 variants - 332 passed variant filters...
2021-06-16 12:21:58.172  INFO 4086071 --- [main] o.m.e.c.analysis.AbstractAnalysisRunner  : Loaded 1200000 variants - 350 passed variant filters...
2021-06-16 12:21:59.953  INFO 4086071 --- [main] o.m.e.c.analysis.AbstractAnalysisRunner  : Loaded 1300000 variants - 360 passed variant filters...
2021-06-16 12:22:01.710  INFO 4086071 --- [main] o.m.e.c.analysis.AbstractAnalysisRunner  : Loaded 1400000 variants - 370 passed variant filters...
2021-06-16 12:22:03.795  INFO 4086071 --- [main] o.m.e.c.analysis.AbstractAnalysisRunner  : Loaded 1500000 variants - 390 passed variant filters...
2021-06-16 12:22:05.452  INFO 4086071 --- [main] o.m.e.c.analysis.AbstractAnalysisRunner  : Loaded 1600000 variants - 397 passed variant filters...
2021-06-16 12:22:06.736  INFO 4086071 --- [main] o.m.e.c.analysis.AbstractAnalysisRunner  : Loaded 1700000 variants - 401 passed variant filters...
2021-06-16 12:22:08.690  INFO 4086071 --- [main] o.m.e.c.analysis.AbstractAnalysisRunner  : Loaded 1800000 variants - 425 passed variant filters...
2021-06-16 12:22:10.699  INFO 4086071 --- [main] o.m.e.c.analysis.AbstractAnalysisRunner  : Loaded 1900000 variants - 438 passed variant filters...
2021-06-16 12:22:13.980  INFO 4086071 --- [main] o.m.e.c.analysis.AbstractAnalysisRunner  : Loaded 2000000 variants - 516 passed variant filters...
2021-06-16 12:22:16.200  INFO 4086071 --- [main] o.m.e.c.analysis.AbstractAnalysisRunner  : Loaded 2100000 variants - 537 passed variant filters...
2021-06-16 12:22:18.588  INFO 4086071 --- [main] o.m.e.c.analysis.AbstractAnalysisRunner  : Loaded 2200000 variants - 560 passed variant filters...
2021-06-16 12:22:20.488  INFO 4086071 --- [main] o.m.e.c.analysis.AbstractAnalysisRunner  : Loaded 2300000 variants - 572 passed variant filters...
2021-06-16 12:22:23.139  INFO 4086071 --- [main] o.m.e.c.analysis.AbstractAnalysisRunner  : Loaded 2400000 variants - 600 passed variant filters...
2021-06-16 12:22:25.707  INFO 4086071 --- [main] o.m.e.c.analysis.AbstractAnalysisRunner  : Loaded 2500000 variants - 630 passed variant filters...
2021-06-16 12:22:27.778  INFO 4086071 --- [main] o.m.e.c.analysis.AbstractAnalysisRunner  : Loaded 2600000 variants - 644 passed variant filters...
2021-06-16 12:22:29.247  INFO 4086071 --- [main] o.m.e.c.analysis.AbstractAnalysisRunner  : Loaded 2700000 variants - 647 passed variant filters...
2021-06-16 12:22:32.250  INFO 4086071 --- [main] o.m.e.c.analysis.AbstractAnalysisRunner  : Loaded 2800000 variants - 684 passed variant filters...
2021-06-16 12:22:36.923  INFO 4086071 --- [main] o.m.e.c.analysis.AbstractAnalysisRunner  : Loaded 2900000 variants - 809 passed variant filters...
2021-06-16 12:22:38.769  INFO 4086071 --- [main] o.m.e.c.analysis.AbstractAnalysisRunner  : Loaded 3000000 variants - 822 passed variant filters...
2021-06-16 12:22:40.639  INFO 4086071 --- [main] o.m.e.c.analysis.AbstractAnalysisRunner  : Loaded 3100000 variants - 840 passed variant filters...
2021-06-16 12:22:42.380  INFO 4086071 --- [main] o.m.e.c.analysis.AbstractAnalysisRunner  : Loaded 3200000 variants - 857 passed variant filters...
2021-06-16 12:22:44.329  INFO 4086071 --- [main] o.m.e.c.analysis.AbstractAnalysisRunner  : Loaded 3300000 variants - 869 passed variant filters...
2021-06-16 12:22:46.509  INFO 4086071 --- [main] o.m.e.c.analysis.AbstractAnalysisRunner  : Loaded 3400000 variants - 887 passed variant filters...
2021-06-16 12:22:48.354  INFO 4086071 --- [main] o.m.e.c.analysis.AbstractAnalysisRunner  : Loaded 3500000 variants - 903 passed variant filters...
2021-06-16 12:22:49.976  INFO 4086071 --- [main] o.m.e.c.analysis.AbstractAnalysisRunner  : Loaded 3600000 variants - 925 passed variant filters...
2021-06-16 12:22:52.670  INFO 4086071 --- [main] o.m.e.c.analysis.AbstractAnalysisRunner  : Loaded 3700000 variants - 990 passed variant filters...
2021-06-16 12:22:54.598  INFO 4086071 --- [main] o.m.e.c.analysis.AbstractAnalysisRunner  : Loaded 3800000 variants - 1001 passed variant filters...
2021-06-16 12:22:56.722  INFO 4086071 --- [main] o.m.e.c.analysis.AbstractAnalysisRunner  : Loaded 3900000 variants - 1014 passed variant filters...
2021-06-16 12:22:58.332  INFO 4086071 --- [main] o.m.e.c.analysis.AbstractAnalysisRunner  : Loaded 4000000 variants - 1031 passed variant filters...
2021-06-16 12:23:00.254  INFO 4086071 --- [main] o.m.e.c.analysis.AbstractAnalysisRunner  : Loaded 4100000 variants - 1046 passed variant filters...
2021-06-16 12:23:02.320  INFO 4086071 --- [main] o.m.e.c.analysis.AbstractAnalysisRunner  : Loaded 4200000 variants - 1063 passed variant filters...
2021-06-16 12:23:03.830  INFO 4086071 --- [main] o.m.e.c.analysis.AbstractAnalysisRunner  : Loaded 4300000 variants - 1072 passed variant filters...
2021-06-16 12:23:05.764  INFO 4086071 --- [main] o.m.e.c.analysis.AbstractAnalysisRunner  : Loaded 4400000 variants - 1086 passed variant filters...
2021-06-16 12:23:07.635  INFO 4086071 --- [main] o.m.e.c.analysis.AbstractAnalysisRunner  : Loaded 4500000 variants - 1094 passed variant filters...
2021-06-16 12:23:09.096  INFO 4086071 --- [main] o.m.e.c.analysis.AbstractAnalysisRunner  : Loaded 4600000 variants - 1101 passed variant filters...
2021-06-16 12:23:10.453  INFO 4086071 --- [main] o.m.e.c.analysis.AbstractAnalysisRunner  : Loaded 4700000 variants - 1105 passed variant filters...
2021-06-16 12:23:11.839  INFO 4086071 --- [main] o.m.e.c.analysis.AbstractAnalysisRunner  : Loaded 4800000 variants - 1110 passed variant filters...
2021-06-16 12:23:13.490  INFO 4086071 --- [main] o.m.e.c.analysis.AbstractAnalysisRunner  : Loaded 4900000 variants - 1120 passed variant filters...
2021-06-16 12:23:15.413  INFO 4086071 --- [main] o.m.e.c.analysis.AbstractAnalysisRunner  : Loaded 5000000 variants - 1136 passed variant filters...
2021-06-16 12:23:16.969  INFO 4086071 --- [main] o.m.e.c.analysis.AbstractAnalysisRunner  : Loaded 5100000 variants - 1147 passed variant filters...
2021-06-16 12:23:19.136  INFO 4086071 --- [main] o.m.e.c.analysis.AbstractAnalysisRunner  : Loaded 5200000 variants - 1163 passed variant filters...
2021-06-16 12:23:20.587  INFO 4086071 --- [main] o.m.e.c.analysis.AbstractAnalysisRunner  : Loaded 5300000 variants - 1167 passed variant filters...
2021-06-16 12:23:22.169  INFO 4086071 --- [main] o.m.e.c.analysis.AbstractAnalysisRunner  : Loaded 5400000 variants - 1176 passed variant filters...
2021-06-16 12:23:24.222  INFO 4086071 --- [main] o.m.e.c.analysis.AbstractAnalysisRunner  : Loaded 5500000 variants - 1184 passed variant filters...
2021-06-16 12:23:25.957  INFO 4086071 --- [main] o.m.e.c.analysis.AbstractAnalysisRunner  : Loaded 5600000 variants - 1193 passed variant filters...
2021-06-16 12:23:27.826  INFO 4086071 --- [main] o.m.e.c.analysis.AbstractAnalysisRunner  : Loaded 5700000 variants - 1216 passed variant filters...
2021-06-16 12:23:30.893  INFO 4086071 --- [main] o.m.e.c.analysis.AbstractAnalysisRunner  : Loaded 5800000 variants - 1276 passed variant filters...
2021-06-16 12:23:33.185  INFO 4086071 --- [main] o.m.e.c.analysis.AbstractAnalysisRunner  : Loaded 5900000 variants - 1292 passed variant filters...
2021-06-16 12:23:34.817  INFO 4086071 --- [main] o.m.e.c.analysis.AbstractAnalysisRunner  : Loaded 6000000 variants - 1298 passed variant filters...
2021-06-16 12:23:36.216  INFO 4086071 --- [main] o.m.e.c.analysis.AbstractAnalysisRunner  : Loaded 6100000 variants - 1303 passed variant filters...
2021-06-16 12:23:38.246  INFO 4086071 --- [main] o.m.e.c.analysis.AbstractAnalysisRunner  : Loaded 6200000 variants - 1324 passed variant filters...
2021-06-16 12:23:40.036  INFO 4086071 --- [main] o.m.e.c.analysis.AbstractAnalysisRunner  : Loaded 6300000 variants - 1348 passed variant filters...
2021-06-16 12:23:41.884  INFO 4086071 --- [main] o.m.e.c.analysis.AbstractAnalysisRunner  : Loaded 6400000 variants - 1374 passed variant filters...
2021-06-16 12:23:44.229  INFO 4086071 --- [main] o.m.e.c.analysis.AbstractAnalysisRunner  : Loaded 6500000 variants - 1399 passed variant filters...
2021-06-16 12:23:45.970  INFO 4086071 --- [main] o.m.e.c.analysis.AbstractAnalysisRunner  : Loaded 6600000 variants - 1418 passed variant filters...
2021-06-16 12:23:47.798  INFO 4086071 --- [main] o.m.e.c.analysis.AbstractAnalysisRunner  : Loaded 6700000 variants - 1446 passed variant filters...
2021-06-16 12:23:47.951  INFO 4086071 --- [main] o.m.e.core.genome.VariantFactoryImpl     : Processed 6472435 variant records into 6686129 single allele variants, 39180 are missing annotations, most likely due to non-numeric chromosome designations
2021-06-16 12:23:47.953  INFO 4086071 --- [main] o.m.e.core.genome.VariantFactoryImpl     : Variant annotation finished in 2m 18s 878ms (138878 ms)
2021-06-16 12:23:47.955  INFO 4086071 --- [main] o.m.e.c.analysis.AbstractAnalysisRunner  : Loaded 6725309 variants - 1446 passed variant filters
2021-06-16 12:23:47.967  INFO 4086071 --- [main] o.m.e.c.analysis.AbstractAnalysisRunner  : Checking inheritance mode compatibility with [AUTOSOMAL_DOMINANT, AUTOSOMAL_RECESSIVE, X_RECESSIVE, X_DOMINANT, MITOCHONDRIAL] for genes which passed filters
2021-06-16 12:23:48.778  INFO 4086071 --- [main] o.m.e.c.analysis.AbstractAnalysisRunner  : Running GeneFilter: InheritanceFilter{compatibleModes=[AUTOSOMAL_DOMINANT, AUTOSOMAL_RECESSIVE, X_RECESSIVE, X_DOMINANT, MITOCHONDRIAL]}
2021-06-16 12:23:48.818  INFO 4086071 --- [main] o.m.e.c.analysis.AbstractAnalysisRunner  : Running Prioritiser: OmimPrioritiser{}
2021-06-16 12:23:49.223  INFO 4086071 --- [main] o.m.e.c.analysis.AbstractAnalysisRunner  : Running Prioritiser: HiPhivePriority{options=HiPhiveOptions{diseaseId='', candidateGeneSymbol='', benchmarkingEnabled=false, runPpi=true, runHuman=true, runMouse=true, runFish=true}}
2021-06-16 12:23:51.504  INFO 4086071 --- [main] o.m.e.c.analysis.AbstractAnalysisRunner  : Scoring genes
2021-06-16 12:23:51.538  INFO 4086071 --- [main] o.m.e.c.analysis.AbstractAnalysisRunner  : Analysed 90 genes containing 161 filtered variants
2021-06-16 12:23:51.540  INFO 4086071 --- [main] o.m.e.c.analysis.AbstractAnalysisRunner  : Variant filter stats are:
2021-06-16 12:23:51.541  INFO 4086071 --- [main] o.m.e.c.analysis.AbstractAnalysisRunner  : VARIANT_EFFECT_FILTER: pass=27912 fail=4828788
2021-06-16 12:23:51.543  INFO 4086071 --- [main] o.m.e.c.analysis.AbstractAnalysisRunner  : FREQUENCY_FILTER: pass=1446 fail=26466
2021-06-16 12:23:51.545  INFO 4086071 --- [main] o.m.e.c.analysis.AbstractAnalysisRunner  : PATHOGENICITY_FILTER: pass=1446 fail=0
2021-06-16 12:23:51.546  INFO 4086071 --- [main] o.m.e.c.analysis.AbstractAnalysisRunner  : INHERITANCE_FILTER: pass=161 fail=1285
2021-06-16 12:23:51.547  INFO 4086071 --- [main] o.m.e.c.analysis.AbstractAnalysisRunner  : Creating analysis results from VCF /mnt/scratch/Public/TRAINING/GenomeAnalysisModule/CaseInformation/CaseFiles/Case3/Case3_Merged.vcf.gz
2021-06-16 12:23:51.549  INFO 4086071 --- [main] o.m.e.c.analysis.AbstractAnalysisRunner  : Finished analysis in 2m 22s 827ms (142827 ms)
2021-06-16 12:23:51.551  INFO 4086071 --- [main] o.m.e.c.writers.AnalysisResultsWriter    : Writing results...
2021-06-16 12:23:52.564  INFO 4086071 --- [main] com.zaxxer.hikari.HikariDataSource       : exomiser-phenotype-2007 - Shutdown initiated...
2021-06-16 12:23:52.571  INFO 4086071 --- [main] com.zaxxer.hikari.HikariDataSource       : exomiser-phenotype-2007 - Shutdown completed.
2021-06-16 12:23:52.573  INFO 4086071 --- [main] org.monarchinitiative.exomiser.cli.Main  : Exomising finished - Bye!
