2021-06-16 12:43:22.284  INFO 4088735 --- [main] org.monarchinitiative.exomiser.cli.Main  : Starting Main on gpcc-node03 with PID 4088735 (/mnt/common/WASSERMAN_SOFTWARE/Exomiser/exomiser-cli-12.1.0/exomiser-cli-12.1.0.jar started by prichmond in /mnt/scratch/Public/TRAINING/GenomeAnalysisModule/CaseInformation/Exomiser/Case7)
2021-06-16 12:43:22.288  INFO 4088735 --- [main] org.monarchinitiative.exomiser.cli.Main  : No active profile set, falling back to default profiles: default
2021-06-16 12:43:23.243  INFO 4088735 --- [main] o.m.exomiser.cli.config.MainConfig       : Exomiser home: /mnt/common/WASSERMAN_SOFTWARE/Exomiser/exomiser-cli-12.1.0
2021-06-16 12:43:23.555  INFO 4088735 --- [main] o.m.exomiser.cli.config.MainConfig       : Data source directory defined in properties as: /mnt/common/WASSERMAN_SOFTWARE/Exomiser/exomiser-cli-12.1.0/data/
2021-06-16 12:43:23.948  INFO 4088735 --- [main] o.m.exomiser.cli.config.MainConfig       : Root data source directory set to: /mnt/common/WASSERMAN_SOFTWARE/Exomiser/exomiser-cli-12.1.0/data
2021-06-16 12:43:24.231  INFO 4088735 --- [main] com.zaxxer.hikari.HikariDataSource       : exomiser-genome-hg38-2007 - Starting...
2021-06-16 12:43:25.100  INFO 4088735 --- [main] com.zaxxer.hikari.HikariDataSource       : exomiser-genome-hg38-2007 - Start completed.
2021-06-16 12:43:25.374  INFO 4088735 --- [main] o.m.e.c.g.j.JannovarDataProtoSerialiser  : Deserialising Jannovar data from /mnt/common/WASSERMAN_SOFTWARE/Exomiser/exomiser-cli-12.1.0/data/2007_hg38/2007_hg38_transcripts_ensembl.ser
2021-06-16 12:43:27.782  INFO 4088735 --- [main] o.m.e.c.g.j.JannovarDataProtoSerialiser  : Deserialisation took 1.979 sec.
2021-06-16 12:43:30.980  INFO 4088735 --- [main] o.m.e.a.genome.GenomeDataSourceLoader    : Loading variant whitelist from: /mnt/common/WASSERMAN_SOFTWARE/Exomiser/exomiser-cli-12.1.0/data/2007_hg38/2007_hg38_clinvar_whitelist.tsv.gz
2021-06-16 12:43:31.366  INFO 4088735 --- [main] o.m.e.a.genome.GenomeDataSourceLoader    : Loaded 92488 variants into whitelist
2021-06-16 12:43:31.393  WARN 4088735 --- [main] o.m.e.a.genome.GenomeDataSourceLoader    : Data for LOCAL is not configured. THIS WILL LEAD TO ERRORS IF REQUIRED DURING ANALYSIS. Check the application.properties is pointing to a valid file.
2021-06-16 12:43:31.432  INFO 4088735 --- [main] o.m.e.a.genome.GenomeDataSourceLoader    : Opening CADD snv data from source: /mnt/common/DATABASES/REFERENCES/GRCh38/CADD/V1.4/whole_genome_SNVs.tsv.gz
2021-06-16 12:43:31.602  INFO 4088735 --- [main] o.m.e.a.genome.GenomeDataSourceLoader    : Opening CADD InDel data from source: /mnt/common/DATABASES/REFERENCES/GRCh38/CADD/V1.4/InDels.tsv.gz
2021-06-16 12:43:31.914  WARN 4088735 --- [main] o.m.e.a.genome.GenomeDataSourceLoader    : Data for REMM is not configured. THIS WILL LEAD TO ERRORS IF REQUIRED DURING ANALYSIS. Check the application.properties is pointing to a valid file.
2021-06-16 12:43:31.916  WARN 4088735 --- [main] o.m.e.a.genome.GenomeDataSourceLoader    : Data for TEST is not configured. THIS WILL LEAD TO ERRORS IF REQUIRED DURING ANALYSIS. Check the application.properties is pointing to a valid file.
2021-06-16 12:43:32.559  INFO 4088735 --- [main] g.GenomeAnalysisServiceAutoConfiguration : Configured hg38 genome analysis service
2021-06-16 12:43:32.811  INFO 4088735 --- [main] com.zaxxer.hikari.HikariDataSource       : exomiser-phenotype-2007 - Starting...
2021-06-16 12:43:32.931  INFO 4088735 --- [main] com.zaxxer.hikari.HikariDataSource       : exomiser-phenotype-2007 - Start completed.
2021-06-16 12:43:40.863  INFO 4088735 --- [main] o.m.exomiser.cli.config.MainConfig       : Default results directory set to: /mnt/common/WASSERMAN_SOFTWARE/Exomiser/exomiser-cli-12.1.0/results
2021-06-16 12:43:41.479  INFO 4088735 --- [main] org.monarchinitiative.exomiser.cli.Main  : Started Main in 20.11 seconds (JVM running for 29.459)
2021-06-16 12:43:41.485  INFO 4088735 --- [main] o.m.e.cli.ExomiserCommandLineRunner      : Exomiser running...
2021-06-16 12:43:41.603 ERROR 4088735 --- [main] o.m.e.cli.ExomiserCommandLineRunner      : 

java.lang.IllegalArgumentException: Input 'HP:002342' not a valid HPO identifier!
	at org.monarchinitiative.exomiser.core.phenotype.service.HpoIdChecker.getCurrentTerm(HpoIdChecker.java:87)
	at org.monarchinitiative.exomiser.core.phenotype.service.HpoIdChecker.getCurrentId(HpoIdChecker.java:70)
	at java.util.stream.ReferencePipeline$3$1.accept(ReferencePipeline.java:193)
	at java.util.ArrayList$ArrayListSpliterator.forEachRemaining(ArrayList.java:1384)
	at java.util.stream.AbstractPipeline.copyInto(AbstractPipeline.java:482)
	at java.util.stream.AbstractPipeline.wrapAndCopyInto(AbstractPipeline.java:472)
	at java.util.stream.ReduceOps$ReduceOp.evaluateSequential(ReduceOps.java:708)
	at java.util.stream.AbstractPipeline.evaluate(AbstractPipeline.java:234)
	at java.util.stream.ReferencePipeline.collect(ReferencePipeline.java:566)
	at org.monarchinitiative.exomiser.core.phenotype.service.OntologyServiceImpl.getCurrentHpoIds(OntologyServiceImpl.java:144)
	at org.monarchinitiative.exomiser.core.phenotype.service.OntologyServiceImpl$$FastClassBySpringCGLIB$$46a7e174.invoke(<generated>)
	at org.springframework.cglib.proxy.MethodProxy.invoke(MethodProxy.java:218)
	at org.springframework.aop.framework.CglibAopProxy$DynamicAdvisedInterceptor.intercept(CglibAopProxy.java:684)
	at org.monarchinitiative.exomiser.core.phenotype.service.OntologyServiceImpl$$EnhancerBySpringCGLIB$$baf85983.getCurrentHpoIds(<generated>)
	at org.monarchinitiative.exomiser.core.analysis.AnalysisBuilder.hpoIds(AnalysisBuilder.java:107)
	at org.monarchinitiative.exomiser.core.analysis.AnalysisParser$AnalysisConstructor.construct(AnalysisParser.java:234)
	at org.monarchinitiative.exomiser.core.analysis.AnalysisParser.constructAnalysisFromMap(AnalysisParser.java:121)
	at org.monarchinitiative.exomiser.core.analysis.AnalysisParser.parseAnalysis(AnalysisParser.java:85)
	at org.monarchinitiative.exomiser.cli.ExomiserCommandLineRunner.runAnalysisFromScript(ExomiserCommandLineRunner.java:122)
	at org.monarchinitiative.exomiser.cli.ExomiserCommandLineRunner.runAnalyses(ExomiserCommandLineRunner.java:83)
	at org.monarchinitiative.exomiser.cli.ExomiserCommandLineRunner.run(ExomiserCommandLineRunner.java:74)
	at org.springframework.boot.SpringApplication.callRunner(SpringApplication.java:813)
	at org.springframework.boot.SpringApplication.callRunners(SpringApplication.java:797)
	at org.springframework.boot.SpringApplication.run(SpringApplication.java:324)
	at org.springframework.boot.SpringApplication.run(SpringApplication.java:1260)
	at org.springframework.boot.SpringApplication.run(SpringApplication.java:1248)
	at org.monarchinitiative.exomiser.cli.Main.main(Main.java:44)

2021-06-16 12:43:41.613  INFO 4088735 --- [main] com.zaxxer.hikari.HikariDataSource       : exomiser-phenotype-2007 - Shutdown initiated...
2021-06-16 12:43:41.620  INFO 4088735 --- [main] com.zaxxer.hikari.HikariDataSource       : exomiser-phenotype-2007 - Shutdown completed.
2021-06-16 12:43:41.622  INFO 4088735 --- [main] org.monarchinitiative.exomiser.cli.Main  : Exomising finished - Bye!
2021-06-16 12:45:31.188  INFO 4089921 --- [main] org.monarchinitiative.exomiser.cli.Main  : Starting Main on gpcc-node03 with PID 4089921 (/mnt/common/WASSERMAN_SOFTWARE/Exomiser/exomiser-cli-12.1.0/exomiser-cli-12.1.0.jar started by prichmond in /mnt/scratch/Public/TRAINING/GenomeAnalysisModule/CaseInformation/Exomiser/Case7)
2021-06-16 12:45:31.192  INFO 4089921 --- [main] org.monarchinitiative.exomiser.cli.Main  : No active profile set, falling back to default profiles: default
2021-06-16 12:45:32.045  INFO 4089921 --- [main] o.m.exomiser.cli.config.MainConfig       : Exomiser home: /mnt/common/WASSERMAN_SOFTWARE/Exomiser/exomiser-cli-12.1.0
2021-06-16 12:45:32.055  INFO 4089921 --- [main] o.m.exomiser.cli.config.MainConfig       : Data source directory defined in properties as: /mnt/common/WASSERMAN_SOFTWARE/Exomiser/exomiser-cli-12.1.0/data/
2021-06-16 12:45:32.057  INFO 4089921 --- [main] o.m.exomiser.cli.config.MainConfig       : Root data source directory set to: /mnt/common/WASSERMAN_SOFTWARE/Exomiser/exomiser-cli-12.1.0/data
2021-06-16 12:45:32.068  INFO 4089921 --- [main] com.zaxxer.hikari.HikariDataSource       : exomiser-genome-hg38-2007 - Starting...
2021-06-16 12:45:32.271  INFO 4089921 --- [main] com.zaxxer.hikari.HikariDataSource       : exomiser-genome-hg38-2007 - Start completed.
2021-06-16 12:45:32.277  INFO 4089921 --- [main] o.m.e.c.g.j.JannovarDataProtoSerialiser  : Deserialising Jannovar data from /mnt/common/WASSERMAN_SOFTWARE/Exomiser/exomiser-cli-12.1.0/data/2007_hg38/2007_hg38_transcripts_ensembl.ser
2021-06-16 12:45:33.892  INFO 4089921 --- [main] o.m.e.c.g.j.JannovarDataProtoSerialiser  : Deserialisation took 1.611 sec.
2021-06-16 12:45:34.444  INFO 4089921 --- [main] o.m.e.a.genome.GenomeDataSourceLoader    : Loading variant whitelist from: /mnt/common/WASSERMAN_SOFTWARE/Exomiser/exomiser-cli-12.1.0/data/2007_hg38/2007_hg38_clinvar_whitelist.tsv.gz
2021-06-16 12:45:34.645  INFO 4089921 --- [main] o.m.e.a.genome.GenomeDataSourceLoader    : Loaded 92488 variants into whitelist
2021-06-16 12:45:34.698  WARN 4089921 --- [main] o.m.e.a.genome.GenomeDataSourceLoader    : Data for LOCAL is not configured. THIS WILL LEAD TO ERRORS IF REQUIRED DURING ANALYSIS. Check the application.properties is pointing to a valid file.
2021-06-16 12:45:34.700  INFO 4089921 --- [main] o.m.e.a.genome.GenomeDataSourceLoader    : Opening CADD snv data from source: /mnt/common/DATABASES/REFERENCES/GRCh38/CADD/V1.4/whole_genome_SNVs.tsv.gz
2021-06-16 12:45:34.800  INFO 4089921 --- [main] o.m.e.a.genome.GenomeDataSourceLoader    : Opening CADD InDel data from source: /mnt/common/DATABASES/REFERENCES/GRCh38/CADD/V1.4/InDels.tsv.gz
2021-06-16 12:45:34.872  WARN 4089921 --- [main] o.m.e.a.genome.GenomeDataSourceLoader    : Data for REMM is not configured. THIS WILL LEAD TO ERRORS IF REQUIRED DURING ANALYSIS. Check the application.properties is pointing to a valid file.
2021-06-16 12:45:34.874  WARN 4089921 --- [main] o.m.e.a.genome.GenomeDataSourceLoader    : Data for TEST is not configured. THIS WILL LEAD TO ERRORS IF REQUIRED DURING ANALYSIS. Check the application.properties is pointing to a valid file.
2021-06-16 12:45:35.262  INFO 4089921 --- [main] g.GenomeAnalysisServiceAutoConfiguration : Configured hg38 genome analysis service
2021-06-16 12:45:35.295  INFO 4089921 --- [main] com.zaxxer.hikari.HikariDataSource       : exomiser-phenotype-2007 - Starting...
2021-06-16 12:45:35.323  INFO 4089921 --- [main] com.zaxxer.hikari.HikariDataSource       : exomiser-phenotype-2007 - Start completed.
2021-06-16 12:45:43.115  INFO 4089921 --- [main] o.m.exomiser.cli.config.MainConfig       : Default results directory set to: /mnt/common/WASSERMAN_SOFTWARE/Exomiser/exomiser-cli-12.1.0/results
2021-06-16 12:45:43.454  INFO 4089921 --- [main] org.monarchinitiative.exomiser.cli.Main  : Started Main in 17.629 seconds (JVM running for 18.028)
2021-06-16 12:45:43.458  INFO 4089921 --- [main] o.m.e.cli.ExomiserCommandLineRunner      : Exomiser running...
2021-06-16 12:45:43.583  INFO 4089921 --- [main] o.m.exomiser.core.Exomiser               : Running analysis using hg38 assembly with mode: PASS_ONLY
2021-06-16 12:45:43.587  INFO 4089921 --- [main] o.m.e.c.analysis.AbstractAnalysisRunner  : Starting analysis
2021-06-16 12:45:43.589  INFO 4089921 --- [main] o.m.e.c.analysis.AbstractAnalysisRunner  : Using genome assembly hg38
2021-06-16 12:45:43.668  INFO 4089921 --- [main] o.m.e.c.analysis.AbstractAnalysisRunner  : Checking proband and pedigree for VCF /mnt/scratch/Public/TRAINING/GenomeAnalysisModule/CaseInformation/CaseFiles/Case7/Case7_Merged.vcf.gz
2021-06-16 12:45:43.682  INFO 4089921 --- [main] o.m.e.c.analysis.AbstractAnalysisRunner  : Running analysis for proband proband (sample 1 in VCF) from samples: [proband, mother, father]
2021-06-16 12:45:44.049  INFO 4089921 --- [main] o.m.e.c.analysis.AbstractAnalysisRunner  : Filtering variants with:
2021-06-16 12:45:44.051  INFO 4089921 --- [main] o.m.e.c.analysis.AbstractAnalysisRunner  : VariantEffectFilter{offTargetVariantTypes=[CODING_TRANSCRIPT_INTRON_VARIANT, FIVE_PRIME_UTR_EXON_VARIANT, THREE_PRIME_UTR_EXON_VARIANT, FIVE_PRIME_UTR_INTRON_VARIANT, THREE_PRIME_UTR_INTRON_VARIANT, NON_CODING_TRANSCRIPT_EXON_VARIANT, NON_CODING_TRANSCRIPT_INTRON_VARIANT, UPSTREAM_GENE_VARIANT, DOWNSTREAM_GENE_VARIANT, INTERGENIC_VARIANT, REGULATORY_REGION_VARIANT]}
2021-06-16 12:45:44.053  INFO 4089921 --- [main] o.m.e.c.analysis.AbstractAnalysisRunner  : FrequencyFilter{maxFreq=2.0}
2021-06-16 12:45:44.055  INFO 4089921 --- [main] o.m.e.c.analysis.AbstractAnalysisRunner  : PathogenicityFilter{keepNonPathogenic=true}
2021-06-16 12:45:44.105  INFO 4089921 --- [main] o.m.e.core.genome.VariantFactoryImpl     : Annotating variant records, trimming sequences and normalising positions...
2021-06-16 12:45:48.908  INFO 4089921 --- [main] o.m.e.c.analysis.AbstractAnalysisRunner  : Loaded 100000 variants - 67 passed variant filters...
2021-06-16 12:45:51.243  INFO 4089921 --- [main] o.m.e.c.analysis.AbstractAnalysisRunner  : Loaded 200000 variants - 74 passed variant filters...
2021-06-16 12:45:55.098  INFO 4089921 --- [main] o.m.e.c.analysis.AbstractAnalysisRunner  : Loaded 300000 variants - 144 passed variant filters...
2021-06-16 12:45:57.386  INFO 4089921 --- [main] o.m.e.c.analysis.AbstractAnalysisRunner  : Loaded 400000 variants - 164 passed variant filters...
2021-06-16 12:46:00.053  INFO 4089921 --- [main] o.m.e.c.analysis.AbstractAnalysisRunner  : Loaded 500000 variants - 181 passed variant filters...
2021-06-16 12:46:02.195  INFO 4089921 --- [main] o.m.e.c.analysis.AbstractAnalysisRunner  : Loaded 600000 variants - 188 passed variant filters...
2021-06-16 12:46:05.012  INFO 4089921 --- [main] o.m.e.c.analysis.AbstractAnalysisRunner  : Loaded 700000 variants - 233 passed variant filters...
2021-06-16 12:46:07.655  INFO 4089921 --- [main] o.m.e.c.analysis.AbstractAnalysisRunner  : Loaded 800000 variants - 248 passed variant filters...
2021-06-16 12:46:11.186  INFO 4089921 --- [main] o.m.e.c.analysis.AbstractAnalysisRunner  : Loaded 900000 variants - 310 passed variant filters...
2021-06-16 12:46:13.234  INFO 4089921 --- [main] o.m.e.c.analysis.AbstractAnalysisRunner  : Loaded 1000000 variants - 320 passed variant filters...
2021-06-16 12:46:15.571  INFO 4089921 --- [main] o.m.e.c.analysis.AbstractAnalysisRunner  : Loaded 1100000 variants - 332 passed variant filters...
2021-06-16 12:46:18.247  INFO 4089921 --- [main] o.m.e.c.analysis.AbstractAnalysisRunner  : Loaded 1200000 variants - 350 passed variant filters...
2021-06-16 12:46:20.272  INFO 4089921 --- [main] o.m.e.c.analysis.AbstractAnalysisRunner  : Loaded 1300000 variants - 360 passed variant filters...
2021-06-16 12:46:22.772  INFO 4089921 --- [main] o.m.e.c.analysis.AbstractAnalysisRunner  : Loaded 1400000 variants - 370 passed variant filters...
2021-06-16 12:46:25.671  INFO 4089921 --- [main] o.m.e.c.analysis.AbstractAnalysisRunner  : Loaded 1500000 variants - 390 passed variant filters...
2021-06-16 12:46:27.605  INFO 4089921 --- [main] o.m.e.c.analysis.AbstractAnalysisRunner  : Loaded 1600000 variants - 397 passed variant filters...
2021-06-16 12:46:28.995  INFO 4089921 --- [main] o.m.e.c.analysis.AbstractAnalysisRunner  : Loaded 1700000 variants - 401 passed variant filters...
2021-06-16 12:46:31.071  INFO 4089921 --- [main] o.m.e.c.analysis.AbstractAnalysisRunner  : Loaded 1800000 variants - 425 passed variant filters...
2021-06-16 12:46:33.360  INFO 4089921 --- [main] o.m.e.c.analysis.AbstractAnalysisRunner  : Loaded 1900000 variants - 438 passed variant filters...
2021-06-16 12:46:37.111  INFO 4089921 --- [main] o.m.e.c.analysis.AbstractAnalysisRunner  : Loaded 2000000 variants - 516 passed variant filters...
2021-06-16 12:46:39.934  INFO 4089921 --- [main] o.m.e.c.analysis.AbstractAnalysisRunner  : Loaded 2100000 variants - 537 passed variant filters...
2021-06-16 12:46:42.827  INFO 4089921 --- [main] o.m.e.c.analysis.AbstractAnalysisRunner  : Loaded 2200000 variants - 560 passed variant filters...
2021-06-16 12:46:45.008  INFO 4089921 --- [main] o.m.e.c.analysis.AbstractAnalysisRunner  : Loaded 2300000 variants - 572 passed variant filters...
2021-06-16 12:46:47.961  INFO 4089921 --- [main] o.m.e.c.analysis.AbstractAnalysisRunner  : Loaded 2400000 variants - 600 passed variant filters...
2021-06-16 12:46:51.226  INFO 4089921 --- [main] o.m.e.c.analysis.AbstractAnalysisRunner  : Loaded 2500000 variants - 630 passed variant filters...
2021-06-16 12:46:53.771  INFO 4089921 --- [main] o.m.e.c.analysis.AbstractAnalysisRunner  : Loaded 2600000 variants - 644 passed variant filters...
2021-06-16 12:46:55.293  INFO 4089921 --- [main] o.m.e.c.analysis.AbstractAnalysisRunner  : Loaded 2700000 variants - 646 passed variant filters...
2021-06-16 12:46:58.692  INFO 4089921 --- [main] o.m.e.c.analysis.AbstractAnalysisRunner  : Loaded 2800000 variants - 683 passed variant filters...
2021-06-16 12:47:04.552  INFO 4089921 --- [main] o.m.e.c.analysis.AbstractAnalysisRunner  : Loaded 2900000 variants - 808 passed variant filters...
2021-06-16 12:47:07.206  INFO 4089921 --- [main] o.m.e.c.analysis.AbstractAnalysisRunner  : Loaded 3000000 variants - 821 passed variant filters...
2021-06-16 12:47:09.556  INFO 4089921 --- [main] o.m.e.c.analysis.AbstractAnalysisRunner  : Loaded 3100000 variants - 839 passed variant filters...
2021-06-16 12:47:11.551  INFO 4089921 --- [main] o.m.e.c.analysis.AbstractAnalysisRunner  : Loaded 3200000 variants - 856 passed variant filters...
2021-06-16 12:47:13.865  INFO 4089921 --- [main] o.m.e.c.analysis.AbstractAnalysisRunner  : Loaded 3300000 variants - 868 passed variant filters...
2021-06-16 12:47:16.171  INFO 4089921 --- [main] o.m.e.c.analysis.AbstractAnalysisRunner  : Loaded 3400000 variants - 886 passed variant filters...
2021-06-16 12:47:18.281  INFO 4089921 --- [main] o.m.e.c.analysis.AbstractAnalysisRunner  : Loaded 3500000 variants - 902 passed variant filters...
2021-06-16 12:47:19.825  INFO 4089921 --- [main] o.m.e.c.analysis.AbstractAnalysisRunner  : Loaded 3600000 variants - 924 passed variant filters...
2021-06-16 12:47:22.359  INFO 4089921 --- [main] o.m.e.c.analysis.AbstractAnalysisRunner  : Loaded 3700000 variants - 989 passed variant filters...
2021-06-16 12:47:24.107  INFO 4089921 --- [main] o.m.e.c.analysis.AbstractAnalysisRunner  : Loaded 3800000 variants - 1001 passed variant filters...
2021-06-16 12:47:26.058  INFO 4089921 --- [main] o.m.e.c.analysis.AbstractAnalysisRunner  : Loaded 3900000 variants - 1014 passed variant filters...
2021-06-16 12:47:27.597  INFO 4089921 --- [main] o.m.e.c.analysis.AbstractAnalysisRunner  : Loaded 4000000 variants - 1031 passed variant filters...
2021-06-16 12:47:29.363  INFO 4089921 --- [main] o.m.e.c.analysis.AbstractAnalysisRunner  : Loaded 4100000 variants - 1046 passed variant filters...
2021-06-16 12:47:31.543  INFO 4089921 --- [main] o.m.e.c.analysis.AbstractAnalysisRunner  : Loaded 4200000 variants - 1063 passed variant filters...
2021-06-16 12:47:33.124  INFO 4089921 --- [main] o.m.e.c.analysis.AbstractAnalysisRunner  : Loaded 4300000 variants - 1072 passed variant filters...
2021-06-16 12:47:34.890  INFO 4089921 --- [main] o.m.e.c.analysis.AbstractAnalysisRunner  : Loaded 4400000 variants - 1086 passed variant filters...
2021-06-16 12:47:36.631  INFO 4089921 --- [main] o.m.e.c.analysis.AbstractAnalysisRunner  : Loaded 4500000 variants - 1094 passed variant filters...
2021-06-16 12:47:38.040  INFO 4089921 --- [main] o.m.e.c.analysis.AbstractAnalysisRunner  : Loaded 4600000 variants - 1101 passed variant filters...
2021-06-16 12:47:39.394  INFO 4089921 --- [main] o.m.e.c.analysis.AbstractAnalysisRunner  : Loaded 4700000 variants - 1105 passed variant filters...
2021-06-16 12:47:40.681  INFO 4089921 --- [main] o.m.e.c.analysis.AbstractAnalysisRunner  : Loaded 4800000 variants - 1110 passed variant filters...
2021-06-16 12:47:42.201  INFO 4089921 --- [main] o.m.e.c.analysis.AbstractAnalysisRunner  : Loaded 4900000 variants - 1120 passed variant filters...
2021-06-16 12:47:43.748  INFO 4089921 --- [main] o.m.e.c.analysis.AbstractAnalysisRunner  : Loaded 5000000 variants - 1136 passed variant filters...
2021-06-16 12:47:45.019  INFO 4089921 --- [main] o.m.e.c.analysis.AbstractAnalysisRunner  : Loaded 5100000 variants - 1147 passed variant filters...
2021-06-16 12:47:46.595  INFO 4089921 --- [main] o.m.e.c.analysis.AbstractAnalysisRunner  : Loaded 5200000 variants - 1163 passed variant filters...
2021-06-16 12:47:47.880  INFO 4089921 --- [main] o.m.e.c.analysis.AbstractAnalysisRunner  : Loaded 5300000 variants - 1167 passed variant filters...
2021-06-16 12:47:49.235  INFO 4089921 --- [main] o.m.e.c.analysis.AbstractAnalysisRunner  : Loaded 5400000 variants - 1176 passed variant filters...
2021-06-16 12:47:50.802  INFO 4089921 --- [main] o.m.e.c.analysis.AbstractAnalysisRunner  : Loaded 5500000 variants - 1184 passed variant filters...
2021-06-16 12:47:52.245  INFO 4089921 --- [main] o.m.e.c.analysis.AbstractAnalysisRunner  : Loaded 5600000 variants - 1193 passed variant filters...
2021-06-16 12:47:53.874  INFO 4089921 --- [main] o.m.e.c.analysis.AbstractAnalysisRunner  : Loaded 5700000 variants - 1216 passed variant filters...
2021-06-16 12:47:56.434  INFO 4089921 --- [main] o.m.e.c.analysis.AbstractAnalysisRunner  : Loaded 5800000 variants - 1276 passed variant filters...
2021-06-16 12:47:58.411  INFO 4089921 --- [main] o.m.e.c.analysis.AbstractAnalysisRunner  : Loaded 5900000 variants - 1292 passed variant filters...
2021-06-16 12:47:59.811  INFO 4089921 --- [main] o.m.e.c.analysis.AbstractAnalysisRunner  : Loaded 6000000 variants - 1298 passed variant filters...
2021-06-16 12:48:01.087  INFO 4089921 --- [main] o.m.e.c.analysis.AbstractAnalysisRunner  : Loaded 6100000 variants - 1303 passed variant filters...
2021-06-16 12:48:02.815  INFO 4089921 --- [main] o.m.e.c.analysis.AbstractAnalysisRunner  : Loaded 6200000 variants - 1324 passed variant filters...
2021-06-16 12:48:04.403  INFO 4089921 --- [main] o.m.e.c.analysis.AbstractAnalysisRunner  : Loaded 6300000 variants - 1348 passed variant filters...
2021-06-16 12:48:06.012  INFO 4089921 --- [main] o.m.e.c.analysis.AbstractAnalysisRunner  : Loaded 6400000 variants - 1374 passed variant filters...
2021-06-16 12:48:07.718  INFO 4089921 --- [main] o.m.e.c.analysis.AbstractAnalysisRunner  : Loaded 6500000 variants - 1399 passed variant filters...
2021-06-16 12:48:09.242  INFO 4089921 --- [main] o.m.e.c.analysis.AbstractAnalysisRunner  : Loaded 6600000 variants - 1418 passed variant filters...
2021-06-16 12:48:10.810  INFO 4089921 --- [main] o.m.e.c.analysis.AbstractAnalysisRunner  : Loaded 6700000 variants - 1446 passed variant filters...
2021-06-16 12:48:10.976  INFO 4089921 --- [main] o.m.e.core.genome.VariantFactoryImpl     : Processed 6472435 variant records into 6686129 single allele variants, 39180 are missing annotations, most likely due to non-numeric chromosome designations
2021-06-16 12:48:10.978  INFO 4089921 --- [main] o.m.e.core.genome.VariantFactoryImpl     : Variant annotation finished in 2m 26s 871ms (146871 ms)
2021-06-16 12:48:10.979  INFO 4089921 --- [main] o.m.e.c.analysis.AbstractAnalysisRunner  : Loaded 6725309 variants - 1446 passed variant filters
2021-06-16 12:48:10.994  INFO 4089921 --- [main] o.m.e.c.analysis.AbstractAnalysisRunner  : Checking inheritance mode compatibility with [AUTOSOMAL_DOMINANT, AUTOSOMAL_RECESSIVE, X_RECESSIVE, X_DOMINANT, MITOCHONDRIAL] for genes which passed filters
2021-06-16 12:48:11.261  INFO 4089921 --- [main] o.m.e.c.analysis.AbstractAnalysisRunner  : Running GeneFilter: InheritanceFilter{compatibleModes=[AUTOSOMAL_DOMINANT, AUTOSOMAL_RECESSIVE, X_RECESSIVE, X_DOMINANT, MITOCHONDRIAL]}
2021-06-16 12:48:11.306  INFO 4089921 --- [main] o.m.e.c.analysis.AbstractAnalysisRunner  : Running Prioritiser: OmimPrioritiser{}
2021-06-16 12:48:11.828  INFO 4089921 --- [main] o.m.e.c.analysis.AbstractAnalysisRunner  : Running Prioritiser: HiPhivePriority{options=HiPhiveOptions{diseaseId='', candidateGeneSymbol='', benchmarkingEnabled=false, runPpi=true, runHuman=true, runMouse=true, runFish=true}}
2021-06-16 12:48:16.666  INFO 4089921 --- [main] o.m.e.c.analysis.AbstractAnalysisRunner  : Scoring genes
2021-06-16 12:48:16.697  INFO 4089921 --- [main] o.m.e.c.analysis.AbstractAnalysisRunner  : Analysed 161 genes containing 225 filtered variants
2021-06-16 12:48:16.699  INFO 4089921 --- [main] o.m.e.c.analysis.AbstractAnalysisRunner  : Variant filter stats are:
2021-06-16 12:48:16.701  INFO 4089921 --- [main] o.m.e.c.analysis.AbstractAnalysisRunner  : VARIANT_EFFECT_FILTER: pass=27912 fail=4828788
2021-06-16 12:48:16.702  INFO 4089921 --- [main] o.m.e.c.analysis.AbstractAnalysisRunner  : FREQUENCY_FILTER: pass=1446 fail=26466
2021-06-16 12:48:16.704  INFO 4089921 --- [main] o.m.e.c.analysis.AbstractAnalysisRunner  : PATHOGENICITY_FILTER: pass=1446 fail=0
2021-06-16 12:48:16.705  INFO 4089921 --- [main] o.m.e.c.analysis.AbstractAnalysisRunner  : INHERITANCE_FILTER: pass=225 fail=1221
2021-06-16 12:48:16.707  INFO 4089921 --- [main] o.m.e.c.analysis.AbstractAnalysisRunner  : Creating analysis results from VCF /mnt/scratch/Public/TRAINING/GenomeAnalysisModule/CaseInformation/CaseFiles/Case7/Case7_Merged.vcf.gz
2021-06-16 12:48:16.708  INFO 4089921 --- [main] o.m.e.c.analysis.AbstractAnalysisRunner  : Finished analysis in 2m 33s 24ms (153024 ms)
2021-06-16 12:48:16.710  INFO 4089921 --- [main] o.m.e.c.writers.AnalysisResultsWriter    : Writing results...
2021-06-16 12:48:17.975  INFO 4089921 --- [main] com.zaxxer.hikari.HikariDataSource       : exomiser-phenotype-2007 - Shutdown initiated...
2021-06-16 12:48:17.983  INFO 4089921 --- [main] com.zaxxer.hikari.HikariDataSource       : exomiser-phenotype-2007 - Shutdown completed.
2021-06-16 12:48:17.986  INFO 4089921 --- [main] org.monarchinitiative.exomiser.cli.Main  : Exomising finished - Bye!
