2021-06-16 12:43:22.410  INFO 4089007 --- [main] org.monarchinitiative.exomiser.cli.Main  : Starting Main on gpcc-node03 with PID 4089007 (/mnt/common/WASSERMAN_SOFTWARE/Exomiser/exomiser-cli-12.1.0/exomiser-cli-12.1.0.jar started by prichmond in /mnt/scratch/Public/TRAINING/GenomeAnalysisModule/CaseInformation/Exomiser/Case10)
2021-06-16 12:43:22.413  INFO 4089007 --- [main] org.monarchinitiative.exomiser.cli.Main  : No active profile set, falling back to default profiles: default
2021-06-16 12:43:23.379  INFO 4089007 --- [main] o.m.exomiser.cli.config.MainConfig       : Exomiser home: /mnt/common/WASSERMAN_SOFTWARE/Exomiser/exomiser-cli-12.1.0
2021-06-16 12:43:23.555  INFO 4089007 --- [main] o.m.exomiser.cli.config.MainConfig       : Data source directory defined in properties as: /mnt/common/WASSERMAN_SOFTWARE/Exomiser/exomiser-cli-12.1.0/data/
2021-06-16 12:43:23.948  INFO 4089007 --- [main] o.m.exomiser.cli.config.MainConfig       : Root data source directory set to: /mnt/common/WASSERMAN_SOFTWARE/Exomiser/exomiser-cli-12.1.0/data
2021-06-16 12:43:24.231  INFO 4089007 --- [main] com.zaxxer.hikari.HikariDataSource       : exomiser-genome-hg38-2007 - Starting...
2021-06-16 12:43:25.335  INFO 4089007 --- [main] com.zaxxer.hikari.HikariDataSource       : exomiser-genome-hg38-2007 - Start completed.
2021-06-16 12:43:25.536  INFO 4089007 --- [main] o.m.e.c.g.j.JannovarDataProtoSerialiser  : Deserialising Jannovar data from /mnt/common/WASSERMAN_SOFTWARE/Exomiser/exomiser-cli-12.1.0/data/2007_hg38/2007_hg38_transcripts_ensembl.ser
2021-06-16 12:43:27.704  INFO 4089007 --- [main] o.m.e.c.g.j.JannovarDataProtoSerialiser  : Deserialisation took 1.632 sec.
2021-06-16 12:43:30.980  INFO 4089007 --- [main] o.m.e.a.genome.GenomeDataSourceLoader    : Loading variant whitelist from: /mnt/common/WASSERMAN_SOFTWARE/Exomiser/exomiser-cli-12.1.0/data/2007_hg38/2007_hg38_clinvar_whitelist.tsv.gz
2021-06-16 12:43:31.220  INFO 4089007 --- [main] o.m.e.a.genome.GenomeDataSourceLoader    : Loaded 92488 variants into whitelist
2021-06-16 12:43:31.357  WARN 4089007 --- [main] o.m.e.a.genome.GenomeDataSourceLoader    : Data for LOCAL is not configured. THIS WILL LEAD TO ERRORS IF REQUIRED DURING ANALYSIS. Check the application.properties is pointing to a valid file.
2021-06-16 12:43:31.365  INFO 4089007 --- [main] o.m.e.a.genome.GenomeDataSourceLoader    : Opening CADD snv data from source: /mnt/common/DATABASES/REFERENCES/GRCh38/CADD/V1.4/whole_genome_SNVs.tsv.gz
2021-06-16 12:43:31.518  INFO 4089007 --- [main] o.m.e.a.genome.GenomeDataSourceLoader    : Opening CADD InDel data from source: /mnt/common/DATABASES/REFERENCES/GRCh38/CADD/V1.4/InDels.tsv.gz
2021-06-16 12:43:31.796  WARN 4089007 --- [main] o.m.e.a.genome.GenomeDataSourceLoader    : Data for REMM is not configured. THIS WILL LEAD TO ERRORS IF REQUIRED DURING ANALYSIS. Check the application.properties is pointing to a valid file.
2021-06-16 12:43:31.915  WARN 4089007 --- [main] o.m.e.a.genome.GenomeDataSourceLoader    : Data for TEST is not configured. THIS WILL LEAD TO ERRORS IF REQUIRED DURING ANALYSIS. Check the application.properties is pointing to a valid file.
2021-06-16 12:43:32.310  INFO 4089007 --- [main] g.GenomeAnalysisServiceAutoConfiguration : Configured hg38 genome analysis service
2021-06-16 12:43:32.345  INFO 4089007 --- [main] com.zaxxer.hikari.HikariDataSource       : exomiser-phenotype-2007 - Starting...
2021-06-16 12:43:32.551  INFO 4089007 --- [main] com.zaxxer.hikari.HikariDataSource       : exomiser-phenotype-2007 - Start completed.
2021-06-16 12:43:40.834  INFO 4089007 --- [main] o.m.exomiser.cli.config.MainConfig       : Default results directory set to: /mnt/common/WASSERMAN_SOFTWARE/Exomiser/exomiser-cli-12.1.0/results
2021-06-16 12:43:41.536  INFO 4089007 --- [main] org.monarchinitiative.exomiser.cli.Main  : Started Main in 19.939 seconds (JVM running for 23.863)
2021-06-16 12:43:41.543  INFO 4089007 --- [main] o.m.e.cli.ExomiserCommandLineRunner      : Exomiser running...
2021-06-16 12:43:41.675  INFO 4089007 --- [main] o.m.exomiser.core.Exomiser               : Running analysis using hg38 assembly with mode: PASS_ONLY
2021-06-16 12:43:41.679  INFO 4089007 --- [main] o.m.e.c.analysis.AbstractAnalysisRunner  : Starting analysis
2021-06-16 12:43:41.681  INFO 4089007 --- [main] o.m.e.c.analysis.AbstractAnalysisRunner  : Using genome assembly hg38
2021-06-16 12:43:41.731  INFO 4089007 --- [main] o.m.e.c.analysis.AbstractAnalysisRunner  : Checking proband and pedigree for VCF /mnt/scratch/Public/TRAINING/GenomeAnalysisModule/CaseInformation/CaseFiles/Case10/Case10_Merged.vcf.gz
2021-06-16 12:43:41.749  INFO 4089007 --- [main] o.m.e.c.analysis.AbstractAnalysisRunner  : Running analysis for proband proband (sample 1 in VCF) from samples: [proband, mother, father]
2021-06-16 12:43:42.132  INFO 4089007 --- [main] o.m.e.c.analysis.AbstractAnalysisRunner  : Filtering variants with:
2021-06-16 12:43:42.135  INFO 4089007 --- [main] o.m.e.c.analysis.AbstractAnalysisRunner  : VariantEffectFilter{offTargetVariantTypes=[CODING_TRANSCRIPT_INTRON_VARIANT, FIVE_PRIME_UTR_EXON_VARIANT, THREE_PRIME_UTR_EXON_VARIANT, FIVE_PRIME_UTR_INTRON_VARIANT, THREE_PRIME_UTR_INTRON_VARIANT, NON_CODING_TRANSCRIPT_EXON_VARIANT, NON_CODING_TRANSCRIPT_INTRON_VARIANT, UPSTREAM_GENE_VARIANT, DOWNSTREAM_GENE_VARIANT, INTERGENIC_VARIANT, REGULATORY_REGION_VARIANT]}
2021-06-16 12:43:42.137  INFO 4089007 --- [main] o.m.e.c.analysis.AbstractAnalysisRunner  : FrequencyFilter{maxFreq=2.0}
2021-06-16 12:43:42.138  INFO 4089007 --- [main] o.m.e.c.analysis.AbstractAnalysisRunner  : PathogenicityFilter{keepNonPathogenic=true}
2021-06-16 12:43:42.159  INFO 4089007 --- [main] o.m.e.core.genome.VariantFactoryImpl     : Annotating variant records, trimming sequences and normalising positions...
2021-06-16 12:43:48.194  INFO 4089007 --- [main] o.m.e.c.analysis.AbstractAnalysisRunner  : Loaded 100000 variants - 91 passed variant filters...
2021-06-16 12:43:50.768  INFO 4089007 --- [main] o.m.e.c.analysis.AbstractAnalysisRunner  : Loaded 200000 variants - 128 passed variant filters...
2021-06-16 12:43:52.546  INFO 4089007 --- [main] o.m.e.c.analysis.AbstractAnalysisRunner  : Loaded 300000 variants - 145 passed variant filters...
2021-06-16 12:43:56.945  INFO 4089007 --- [main] o.m.e.c.analysis.AbstractAnalysisRunner  : Loaded 400000 variants - 257 passed variant filters...
2021-06-16 12:43:58.808  INFO 4089007 --- [main] o.m.e.c.analysis.AbstractAnalysisRunner  : Loaded 500000 variants - 274 passed variant filters...
2021-06-16 12:44:01.487  INFO 4089007 --- [main] o.m.e.c.analysis.AbstractAnalysisRunner  : Loaded 600000 variants - 305 passed variant filters...
2021-06-16 12:44:03.526  INFO 4089007 --- [main] o.m.e.c.analysis.AbstractAnalysisRunner  : Loaded 700000 variants - 328 passed variant filters...
2021-06-16 12:44:05.253  INFO 4089007 --- [main] o.m.e.c.analysis.AbstractAnalysisRunner  : Loaded 800000 variants - 340 passed variant filters...
2021-06-16 12:44:08.353  INFO 4089007 --- [main] o.m.e.c.analysis.AbstractAnalysisRunner  : Loaded 900000 variants - 391 passed variant filters...
2021-06-16 12:44:10.310  INFO 4089007 --- [main] o.m.e.c.analysis.AbstractAnalysisRunner  : Loaded 1000000 variants - 417 passed variant filters...
2021-06-16 12:44:13.756  INFO 4089007 --- [main] o.m.e.c.analysis.AbstractAnalysisRunner  : Loaded 1100000 variants - 497 passed variant filters...
2021-06-16 12:44:15.726  INFO 4089007 --- [main] o.m.e.c.analysis.AbstractAnalysisRunner  : Loaded 1200000 variants - 518 passed variant filters...
2021-06-16 12:44:18.390  INFO 4089007 --- [main] o.m.e.c.analysis.AbstractAnalysisRunner  : Loaded 1300000 variants - 569 passed variant filters...
2021-06-16 12:44:20.281  INFO 4089007 --- [main] o.m.e.c.analysis.AbstractAnalysisRunner  : Loaded 1400000 variants - 580 passed variant filters...
2021-06-16 12:44:22.874  INFO 4089007 --- [main] o.m.e.c.analysis.AbstractAnalysisRunner  : Loaded 1500000 variants - 625 passed variant filters...
2021-06-16 12:44:24.767  INFO 4089007 --- [main] o.m.e.c.analysis.AbstractAnalysisRunner  : Loaded 1600000 variants - 647 passed variant filters...
2021-06-16 12:44:26.916  INFO 4089007 --- [main] o.m.e.c.analysis.AbstractAnalysisRunner  : Loaded 1700000 variants - 687 passed variant filters...
2021-06-16 12:44:28.687  INFO 4089007 --- [main] o.m.e.c.analysis.AbstractAnalysisRunner  : Loaded 1800000 variants - 706 passed variant filters...
2021-06-16 12:44:30.491  INFO 4089007 --- [main] o.m.e.c.analysis.AbstractAnalysisRunner  : Loaded 1900000 variants - 729 passed variant filters...
2021-06-16 12:44:32.099  INFO 4089007 --- [main] o.m.e.c.analysis.AbstractAnalysisRunner  : Loaded 2000000 variants - 741 passed variant filters...
2021-06-16 12:44:33.359  INFO 4089007 --- [main] o.m.e.c.analysis.AbstractAnalysisRunner  : Loaded 2100000 variants - 747 passed variant filters...
2021-06-16 12:44:36.034  INFO 4089007 --- [main] o.m.e.c.analysis.AbstractAnalysisRunner  : Loaded 2200000 variants - 811 passed variant filters...
2021-06-16 12:44:37.761  INFO 4089007 --- [main] o.m.e.c.analysis.AbstractAnalysisRunner  : Loaded 2300000 variants - 826 passed variant filters...
2021-06-16 12:44:39.537  INFO 4089007 --- [main] o.m.e.c.analysis.AbstractAnalysisRunner  : Loaded 2400000 variants - 845 passed variant filters...
2021-06-16 12:44:43.184  INFO 4089007 --- [main] o.m.e.c.analysis.AbstractAnalysisRunner  : Loaded 2500000 variants - 938 passed variant filters...
2021-06-16 12:44:45.366  INFO 4089007 --- [main] o.m.e.c.analysis.AbstractAnalysisRunner  : Loaded 2600000 variants - 971 passed variant filters...
2021-06-16 12:44:48.023  INFO 4089007 --- [main] o.m.e.c.analysis.AbstractAnalysisRunner  : Loaded 2700000 variants - 1023 passed variant filters...
2021-06-16 12:44:50.326  INFO 4089007 --- [main] o.m.e.c.analysis.AbstractAnalysisRunner  : Loaded 2800000 variants - 1058 passed variant filters...
2021-06-16 12:44:52.430  INFO 4089007 --- [main] o.m.e.c.analysis.AbstractAnalysisRunner  : Loaded 2900000 variants - 1083 passed variant filters...
2021-06-16 12:44:55.071  INFO 4089007 --- [main] o.m.e.c.analysis.AbstractAnalysisRunner  : Loaded 3000000 variants - 1125 passed variant filters...
2021-06-16 12:44:57.906  INFO 4089007 --- [main] o.m.e.c.analysis.AbstractAnalysisRunner  : Loaded 3100000 variants - 1181 passed variant filters...
2021-06-16 12:45:00.642  INFO 4089007 --- [main] o.m.e.c.analysis.AbstractAnalysisRunner  : Loaded 3200000 variants - 1225 passed variant filters...
2021-06-16 12:45:02.305  INFO 4089007 --- [main] o.m.e.c.analysis.AbstractAnalysisRunner  : Loaded 3300000 variants - 1239 passed variant filters...
2021-06-16 12:45:04.098  INFO 4089007 --- [main] o.m.e.c.analysis.AbstractAnalysisRunner  : Loaded 3400000 variants - 1256 passed variant filters...
2021-06-16 12:45:07.619  INFO 4089007 --- [main] o.m.e.c.analysis.AbstractAnalysisRunner  : Loaded 3500000 variants - 1327 passed variant filters...
2021-06-16 12:45:12.630  INFO 4089007 --- [main] o.m.e.c.analysis.AbstractAnalysisRunner  : Loaded 3600000 variants - 1467 passed variant filters...
2021-06-16 12:45:15.278  INFO 4089007 --- [main] o.m.e.c.analysis.AbstractAnalysisRunner  : Loaded 3700000 variants - 1522 passed variant filters...
2021-06-16 12:45:17.160  INFO 4089007 --- [main] o.m.e.c.analysis.AbstractAnalysisRunner  : Loaded 3800000 variants - 1544 passed variant filters...
2021-06-16 12:45:19.400  INFO 4089007 --- [main] o.m.e.c.analysis.AbstractAnalysisRunner  : Loaded 3900000 variants - 1579 passed variant filters...
2021-06-16 12:45:21.414  INFO 4089007 --- [main] o.m.e.c.analysis.AbstractAnalysisRunner  : Loaded 4000000 variants - 1609 passed variant filters...
2021-06-16 12:45:23.238  INFO 4089007 --- [main] o.m.e.c.analysis.AbstractAnalysisRunner  : Loaded 4100000 variants - 1622 passed variant filters...
2021-06-16 12:45:25.257  INFO 4089007 --- [main] o.m.e.c.analysis.AbstractAnalysisRunner  : Loaded 4200000 variants - 1641 passed variant filters...
2021-06-16 12:45:27.805  INFO 4089007 --- [main] o.m.e.c.analysis.AbstractAnalysisRunner  : Loaded 4300000 variants - 1685 passed variant filters...
2021-06-16 12:45:29.797  INFO 4089007 --- [main] o.m.e.c.analysis.AbstractAnalysisRunner  : Loaded 4400000 variants - 1711 passed variant filters...
2021-06-16 12:45:32.402  INFO 4089007 --- [main] o.m.e.c.analysis.AbstractAnalysisRunner  : Loaded 4500000 variants - 1762 passed variant filters...
2021-06-16 12:45:34.055  INFO 4089007 --- [main] o.m.e.c.analysis.AbstractAnalysisRunner  : Loaded 4600000 variants - 1774 passed variant filters...
2021-06-16 12:45:44.017  INFO 4089007 --- [main] o.m.e.c.analysis.AbstractAnalysisRunner  : Loaded 4700000 variants - 1880 passed variant filters...
2021-06-16 12:45:46.716  INFO 4089007 --- [main] o.m.e.c.analysis.AbstractAnalysisRunner  : Loaded 4800000 variants - 1922 passed variant filters...
2021-06-16 12:45:48.970  INFO 4089007 --- [main] o.m.e.c.analysis.AbstractAnalysisRunner  : Loaded 4900000 variants - 1947 passed variant filters...
2021-06-16 12:45:51.483  INFO 4089007 --- [main] o.m.e.c.analysis.AbstractAnalysisRunner  : Loaded 5000000 variants - 1978 passed variant filters...
2021-06-16 12:45:53.057  INFO 4089007 --- [main] o.m.e.c.analysis.AbstractAnalysisRunner  : Loaded 5100000 variants - 1991 passed variant filters...
2021-06-16 12:45:55.218  INFO 4089007 --- [main] o.m.e.c.analysis.AbstractAnalysisRunner  : Loaded 5200000 variants - 2019 passed variant filters...
2021-06-16 12:45:56.973  INFO 4089007 --- [main] o.m.e.c.analysis.AbstractAnalysisRunner  : Loaded 5300000 variants - 2030 passed variant filters...
2021-06-16 12:46:00.077  INFO 4089007 --- [main] o.m.e.c.analysis.AbstractAnalysisRunner  : Loaded 5400000 variants - 2082 passed variant filters...
2021-06-16 12:46:01.870  INFO 4089007 --- [main] o.m.e.c.analysis.AbstractAnalysisRunner  : Loaded 5500000 variants - 2095 passed variant filters...
2021-06-16 12:46:03.789  INFO 4089007 --- [main] o.m.e.c.analysis.AbstractAnalysisRunner  : Loaded 5600000 variants - 2112 passed variant filters...
2021-06-16 12:46:06.567  INFO 4089007 --- [main] o.m.e.c.analysis.AbstractAnalysisRunner  : Loaded 5700000 variants - 2126 passed variant filters...
2021-06-16 12:46:08.216  INFO 4089007 --- [main] o.m.e.c.analysis.AbstractAnalysisRunner  : Loaded 5800000 variants - 2140 passed variant filters...
2021-06-16 12:46:09.697  INFO 4089007 --- [main] o.m.e.c.analysis.AbstractAnalysisRunner  : Loaded 5900000 variants - 2148 passed variant filters...
2021-06-16 12:46:11.353  INFO 4089007 --- [main] o.m.e.c.analysis.AbstractAnalysisRunner  : Loaded 6000000 variants - 2160 passed variant filters...
2021-06-16 12:46:13.079  INFO 4089007 --- [main] o.m.e.c.analysis.AbstractAnalysisRunner  : Loaded 6100000 variants - 2176 passed variant filters...
2021-06-16 12:46:15.002  INFO 4089007 --- [main] o.m.e.c.analysis.AbstractAnalysisRunner  : Loaded 6200000 variants - 2183 passed variant filters...
2021-06-16 12:46:16.625  INFO 4089007 --- [main] o.m.e.c.analysis.AbstractAnalysisRunner  : Loaded 6300000 variants - 2193 passed variant filters...
2021-06-16 12:46:18.706  INFO 4089007 --- [main] o.m.e.c.analysis.AbstractAnalysisRunner  : Loaded 6400000 variants - 2221 passed variant filters...
2021-06-16 12:46:20.551  INFO 4089007 --- [main] o.m.e.c.analysis.AbstractAnalysisRunner  : Loaded 6500000 variants - 2250 passed variant filters...
2021-06-16 12:46:23.203  INFO 4089007 --- [main] o.m.e.c.analysis.AbstractAnalysisRunner  : Loaded 6600000 variants - 2290 passed variant filters...
2021-06-16 12:46:25.063  INFO 4089007 --- [main] o.m.e.c.analysis.AbstractAnalysisRunner  : Loaded 6700000 variants - 2302 passed variant filters...
2021-06-16 12:46:26.988  INFO 4089007 --- [main] o.m.e.c.analysis.AbstractAnalysisRunner  : Loaded 6800000 variants - 2315 passed variant filters...
2021-06-16 12:46:29.008  INFO 4089007 --- [main] o.m.e.c.analysis.AbstractAnalysisRunner  : Loaded 6900000 variants - 2336 passed variant filters...
2021-06-16 12:46:31.233  INFO 4089007 --- [main] o.m.e.c.analysis.AbstractAnalysisRunner  : Loaded 7000000 variants - 2364 passed variant filters...
2021-06-16 12:46:33.288  INFO 4089007 --- [main] o.m.e.c.analysis.AbstractAnalysisRunner  : Loaded 7100000 variants - 2386 passed variant filters...
2021-06-16 12:46:34.870  INFO 4089007 --- [main] o.m.e.c.analysis.AbstractAnalysisRunner  : Loaded 7200000 variants - 2394 passed variant filters...
2021-06-16 12:46:38.730  INFO 4089007 --- [main] o.m.e.c.analysis.AbstractAnalysisRunner  : Loaded 7300000 variants - 2476 passed variant filters...
2021-06-16 12:46:41.011  INFO 4089007 --- [main] o.m.e.c.analysis.AbstractAnalysisRunner  : Loaded 7400000 variants - 2511 passed variant filters...
2021-06-16 12:46:43.299  INFO 4089007 --- [main] o.m.e.c.analysis.AbstractAnalysisRunner  : Loaded 7500000 variants - 2530 passed variant filters...
2021-06-16 12:46:45.196  INFO 4089007 --- [main] o.m.e.c.analysis.AbstractAnalysisRunner  : Loaded 7600000 variants - 2547 passed variant filters...
2021-06-16 12:46:46.772  INFO 4089007 --- [main] o.m.e.c.analysis.AbstractAnalysisRunner  : Loaded 7700000 variants - 2558 passed variant filters...
2021-06-16 12:46:48.414  INFO 4089007 --- [main] o.m.e.c.analysis.AbstractAnalysisRunner  : Loaded 7800000 variants - 2578 passed variant filters...
2021-06-16 12:46:50.140  INFO 4089007 --- [main] o.m.e.c.analysis.AbstractAnalysisRunner  : Loaded 7900000 variants - 2587 passed variant filters...
2021-06-16 12:46:52.155  INFO 4089007 --- [main] o.m.e.c.analysis.AbstractAnalysisRunner  : Loaded 8000000 variants - 2610 passed variant filters...
2021-06-16 12:46:54.293  INFO 4089007 --- [main] o.m.e.c.analysis.AbstractAnalysisRunner  : Loaded 8100000 variants - 2649 passed variant filters...
2021-06-16 12:46:56.115  INFO 4089007 --- [main] o.m.e.c.analysis.AbstractAnalysisRunner  : Loaded 8200000 variants - 2676 passed variant filters...
2021-06-16 12:46:58.758  INFO 4089007 --- [main] o.m.e.c.analysis.AbstractAnalysisRunner  : Loaded 8300000 variants - 2726 passed variant filters...
2021-06-16 12:47:00.685  INFO 4089007 --- [main] o.m.e.c.analysis.AbstractAnalysisRunner  : Loaded 8400000 variants - 2750 passed variant filters...
2021-06-16 12:47:02.047  INFO 4089007 --- [main] o.m.e.c.analysis.AbstractAnalysisRunner  : Loaded 8500000 variants - 2758 passed variant filters...
2021-06-16 12:47:03.712  INFO 4089007 --- [main] o.m.e.c.analysis.AbstractAnalysisRunner  : Loaded 8600000 variants - 2782 passed variant filters...
2021-06-16 12:47:03.974  INFO 4089007 --- [main] o.m.e.core.genome.VariantFactoryImpl     : Processed 8234258 variant records into 8580755 single allele variants, 44612 are missing annotations, most likely due to non-numeric chromosome designations
2021-06-16 12:47:03.976  INFO 4089007 --- [main] o.m.e.core.genome.VariantFactoryImpl     : Variant annotation finished in 3m 21s 815ms (201815 ms)
2021-06-16 12:47:03.978  INFO 4089007 --- [main] o.m.e.c.analysis.AbstractAnalysisRunner  : Loaded 8625367 variants - 2782 passed variant filters
2021-06-16 12:47:03.999  INFO 4089007 --- [main] o.m.e.c.analysis.AbstractAnalysisRunner  : Checking inheritance mode compatibility with [AUTOSOMAL_DOMINANT, AUTOSOMAL_RECESSIVE, X_RECESSIVE, X_DOMINANT, MITOCHONDRIAL] for genes which passed filters
2021-06-16 12:47:04.324  INFO 4089007 --- [main] o.m.e.c.analysis.AbstractAnalysisRunner  : Running GeneFilter: InheritanceFilter{compatibleModes=[AUTOSOMAL_DOMINANT, AUTOSOMAL_RECESSIVE, X_RECESSIVE, X_DOMINANT, MITOCHONDRIAL]}
2021-06-16 12:47:04.371  INFO 4089007 --- [main] o.m.e.c.analysis.AbstractAnalysisRunner  : Running Prioritiser: OmimPrioritiser{}
2021-06-16 12:47:05.137  INFO 4089007 --- [main] o.m.e.c.analysis.AbstractAnalysisRunner  : Running Prioritiser: HiPhivePriority{options=HiPhiveOptions{diseaseId='', candidateGeneSymbol='', benchmarkingEnabled=false, runPpi=true, runHuman=true, runMouse=true, runFish=true}}
2021-06-16 12:47:07.964  INFO 4089007 --- [main] o.m.e.c.analysis.AbstractAnalysisRunner  : Scoring genes
2021-06-16 12:47:08.004  INFO 4089007 --- [main] o.m.e.c.analysis.AbstractAnalysisRunner  : Analysed 278 genes containing 325 filtered variants
2021-06-16 12:47:08.005  INFO 4089007 --- [main] o.m.e.c.analysis.AbstractAnalysisRunner  : Variant filter stats are:
2021-06-16 12:47:08.008  INFO 4089007 --- [main] o.m.e.c.analysis.AbstractAnalysisRunner  : VARIANT_EFFECT_FILTER: pass=33932 fail=5826905
2021-06-16 12:47:08.009  INFO 4089007 --- [main] o.m.e.c.analysis.AbstractAnalysisRunner  : FREQUENCY_FILTER: pass=2782 fail=31150
2021-06-16 12:47:08.010  INFO 4089007 --- [main] o.m.e.c.analysis.AbstractAnalysisRunner  : PATHOGENICITY_FILTER: pass=2782 fail=0
2021-06-16 12:47:08.011  INFO 4089007 --- [main] o.m.e.c.analysis.AbstractAnalysisRunner  : INHERITANCE_FILTER: pass=325 fail=2457
2021-06-16 12:47:08.012  INFO 4089007 --- [main] o.m.e.c.analysis.AbstractAnalysisRunner  : Creating analysis results from VCF /mnt/scratch/Public/TRAINING/GenomeAnalysisModule/CaseInformation/CaseFiles/Case10/Case10_Merged.vcf.gz
2021-06-16 12:47:08.014  INFO 4089007 --- [main] o.m.e.c.analysis.AbstractAnalysisRunner  : Finished analysis in 3m 26s 263ms (206263 ms)
2021-06-16 12:47:08.016  INFO 4089007 --- [main] o.m.e.c.writers.AnalysisResultsWriter    : Writing results...
2021-06-16 12:47:09.847  INFO 4089007 --- [main] com.zaxxer.hikari.HikariDataSource       : exomiser-phenotype-2007 - Shutdown initiated...
2021-06-16 12:47:09.853  INFO 4089007 --- [main] com.zaxxer.hikari.HikariDataSource       : exomiser-phenotype-2007 - Shutdown completed.
2021-06-16 12:47:09.855  INFO 4089007 --- [main] org.monarchinitiative.exomiser.cli.Main  : Exomising finished - Bye!
