2021-06-16 12:42:59.685  INFO 4088064 --- [main] org.monarchinitiative.exomiser.cli.Main  : Starting Main on gpcc-node03 with PID 4088064 (/mnt/common/WASSERMAN_SOFTWARE/Exomiser/exomiser-cli-12.1.0/exomiser-cli-12.1.0.jar started by prichmond in /mnt/scratch/Public/TRAINING/GenomeAnalysisModule/CaseInformation/Exomiser/Case1)
2021-06-16 12:42:59.689  INFO 4088064 --- [main] org.monarchinitiative.exomiser.cli.Main  : No active profile set, falling back to default profiles: default
2021-06-16 12:43:00.402  INFO 4088064 --- [main] o.m.exomiser.cli.config.MainConfig       : Exomiser home: /mnt/common/WASSERMAN_SOFTWARE/Exomiser/exomiser-cli-12.1.0
2021-06-16 12:43:00.411  INFO 4088064 --- [main] o.m.exomiser.cli.config.MainConfig       : Data source directory defined in properties as: /mnt/common/WASSERMAN_SOFTWARE/Exomiser/exomiser-cli-12.1.0/data/
2021-06-16 12:43:00.414  INFO 4088064 --- [main] o.m.exomiser.cli.config.MainConfig       : Root data source directory set to: /mnt/common/WASSERMAN_SOFTWARE/Exomiser/exomiser-cli-12.1.0/data
2021-06-16 12:43:00.424  INFO 4088064 --- [main] com.zaxxer.hikari.HikariDataSource       : exomiser-genome-hg38-2007 - Starting...
2021-06-16 12:43:00.580  INFO 4088064 --- [main] com.zaxxer.hikari.HikariDataSource       : exomiser-genome-hg38-2007 - Start completed.
2021-06-16 12:43:00.584  INFO 4088064 --- [main] o.m.e.c.g.j.JannovarDataProtoSerialiser  : Deserialising Jannovar data from /mnt/common/WASSERMAN_SOFTWARE/Exomiser/exomiser-cli-12.1.0/data/2007_hg38/2007_hg38_transcripts_ensembl.ser
2021-06-16 12:43:01.752  INFO 4088064 --- [main] o.m.e.c.g.j.JannovarDataProtoSerialiser  : Deserialisation took 1.164 sec.
2021-06-16 12:43:02.290  INFO 4088064 --- [main] o.m.e.a.genome.GenomeDataSourceLoader    : Loading variant whitelist from: /mnt/common/WASSERMAN_SOFTWARE/Exomiser/exomiser-cli-12.1.0/data/2007_hg38/2007_hg38_clinvar_whitelist.tsv.gz
2021-06-16 12:43:02.470  INFO 4088064 --- [main] o.m.e.a.genome.GenomeDataSourceLoader    : Loaded 92488 variants into whitelist
2021-06-16 12:43:02.494  WARN 4088064 --- [main] o.m.e.a.genome.GenomeDataSourceLoader    : Data for LOCAL is not configured. THIS WILL LEAD TO ERRORS IF REQUIRED DURING ANALYSIS. Check the application.properties is pointing to a valid file.
2021-06-16 12:43:02.496  INFO 4088064 --- [main] o.m.e.a.genome.GenomeDataSourceLoader    : Opening CADD snv data from source: /mnt/common/DATABASES/REFERENCES/GRCh38/CADD/V1.4/whole_genome_SNVs.tsv.gz
2021-06-16 12:43:02.600  INFO 4088064 --- [main] o.m.e.a.genome.GenomeDataSourceLoader    : Opening CADD InDel data from source: /mnt/common/DATABASES/REFERENCES/GRCh38/CADD/V1.4/InDels.tsv.gz
2021-06-16 12:43:02.677  WARN 4088064 --- [main] o.m.e.a.genome.GenomeDataSourceLoader    : Data for REMM is not configured. THIS WILL LEAD TO ERRORS IF REQUIRED DURING ANALYSIS. Check the application.properties is pointing to a valid file.
2021-06-16 12:43:02.679  WARN 4088064 --- [main] o.m.e.a.genome.GenomeDataSourceLoader    : Data for TEST is not configured. THIS WILL LEAD TO ERRORS IF REQUIRED DURING ANALYSIS. Check the application.properties is pointing to a valid file.
2021-06-16 12:43:03.024  INFO 4088064 --- [main] g.GenomeAnalysisServiceAutoConfiguration : Configured hg38 genome analysis service
2021-06-16 12:43:03.050  INFO 4088064 --- [main] com.zaxxer.hikari.HikariDataSource       : exomiser-phenotype-2007 - Starting...
2021-06-16 12:43:03.080  INFO 4088064 --- [main] com.zaxxer.hikari.HikariDataSource       : exomiser-phenotype-2007 - Start completed.
2021-06-16 12:43:21.082  INFO 4088064 --- [main] o.m.exomiser.cli.config.MainConfig       : Default results directory set to: /mnt/common/WASSERMAN_SOFTWARE/Exomiser/exomiser-cli-12.1.0/results
2021-06-16 12:43:21.549  INFO 4088064 --- [main] org.monarchinitiative.exomiser.cli.Main  : Started Main in 22.144 seconds (JVM running for 22.52)
2021-06-16 12:43:21.554  INFO 4088064 --- [main] o.m.e.cli.ExomiserCommandLineRunner      : Exomiser running...
2021-06-16 12:43:22.258  INFO 4088064 --- [main] o.m.exomiser.core.Exomiser               : Running analysis using hg38 assembly with mode: PASS_ONLY
2021-06-16 12:43:22.262  INFO 4088064 --- [main] o.m.e.c.analysis.AbstractAnalysisRunner  : Starting analysis
2021-06-16 12:43:22.264  INFO 4088064 --- [main] o.m.e.c.analysis.AbstractAnalysisRunner  : Using genome assembly hg38
2021-06-16 12:43:22.291  INFO 4088064 --- [main] o.m.e.c.analysis.AbstractAnalysisRunner  : Checking proband and pedigree for VCF /mnt/scratch/Public/TRAINING/GenomeAnalysisModule/CaseInformation/CaseFiles/Case1/Case1_Merged.vcf.gz
2021-06-16 12:43:22.302  INFO 4088064 --- [main] o.m.e.c.analysis.AbstractAnalysisRunner  : Running analysis for proband proband (sample 1 in VCF) from samples: [proband, mother, father]
2021-06-16 12:43:22.800  INFO 4088064 --- [main] o.m.e.c.analysis.AbstractAnalysisRunner  : Filtering variants with:
2021-06-16 12:43:23.003  INFO 4088064 --- [main] o.m.e.c.analysis.AbstractAnalysisRunner  : VariantEffectFilter{offTargetVariantTypes=[CODING_TRANSCRIPT_INTRON_VARIANT, FIVE_PRIME_UTR_EXON_VARIANT, THREE_PRIME_UTR_EXON_VARIANT, FIVE_PRIME_UTR_INTRON_VARIANT, THREE_PRIME_UTR_INTRON_VARIANT, NON_CODING_TRANSCRIPT_EXON_VARIANT, NON_CODING_TRANSCRIPT_INTRON_VARIANT, UPSTREAM_GENE_VARIANT, DOWNSTREAM_GENE_VARIANT, INTERGENIC_VARIANT, REGULATORY_REGION_VARIANT]}
2021-06-16 12:43:23.138  INFO 4088064 --- [main] o.m.e.c.analysis.AbstractAnalysisRunner  : FrequencyFilter{maxFreq=2.0}
2021-06-16 12:43:23.273  INFO 4088064 --- [main] o.m.e.c.analysis.AbstractAnalysisRunner  : PathogenicityFilter{keepNonPathogenic=true}
2021-06-16 12:43:23.825  INFO 4088064 --- [main] o.m.e.core.genome.VariantFactoryImpl     : Annotating variant records, trimming sequences and normalising positions...
2021-06-16 12:43:45.365  INFO 4088064 --- [main] o.m.e.c.analysis.AbstractAnalysisRunner  : Loaded 100000 variants - 91 passed variant filters...
2021-06-16 12:43:48.407  INFO 4088064 --- [main] o.m.e.c.analysis.AbstractAnalysisRunner  : Loaded 200000 variants - 128 passed variant filters...
2021-06-16 12:43:50.348  INFO 4088064 --- [main] o.m.e.c.analysis.AbstractAnalysisRunner  : Loaded 300000 variants - 145 passed variant filters...
2021-06-16 12:43:54.753  INFO 4088064 --- [main] o.m.e.c.analysis.AbstractAnalysisRunner  : Loaded 400000 variants - 257 passed variant filters...
2021-06-16 12:43:56.754  INFO 4088064 --- [main] o.m.e.c.analysis.AbstractAnalysisRunner  : Loaded 500000 variants - 274 passed variant filters...
2021-06-16 12:43:59.352  INFO 4088064 --- [main] o.m.e.c.analysis.AbstractAnalysisRunner  : Loaded 600000 variants - 305 passed variant filters...
2021-06-16 12:44:01.477  INFO 4088064 --- [main] o.m.e.c.analysis.AbstractAnalysisRunner  : Loaded 700000 variants - 328 passed variant filters...
2021-06-16 12:44:03.382  INFO 4088064 --- [main] o.m.e.c.analysis.AbstractAnalysisRunner  : Loaded 800000 variants - 340 passed variant filters...
2021-06-16 12:44:06.640  INFO 4088064 --- [main] o.m.e.c.analysis.AbstractAnalysisRunner  : Loaded 900000 variants - 391 passed variant filters...
2021-06-16 12:44:08.671  INFO 4088064 --- [main] o.m.e.c.analysis.AbstractAnalysisRunner  : Loaded 1000000 variants - 417 passed variant filters...
2021-06-16 12:44:12.270  INFO 4088064 --- [main] o.m.e.c.analysis.AbstractAnalysisRunner  : Loaded 1100000 variants - 497 passed variant filters...
2021-06-16 12:44:14.234  INFO 4088064 --- [main] o.m.e.c.analysis.AbstractAnalysisRunner  : Loaded 1200000 variants - 518 passed variant filters...
2021-06-16 12:44:16.895  INFO 4088064 --- [main] o.m.e.c.analysis.AbstractAnalysisRunner  : Loaded 1300000 variants - 569 passed variant filters...
2021-06-16 12:44:18.759  INFO 4088064 --- [main] o.m.e.c.analysis.AbstractAnalysisRunner  : Loaded 1400000 variants - 580 passed variant filters...
2021-06-16 12:44:21.504  INFO 4088064 --- [main] o.m.e.c.analysis.AbstractAnalysisRunner  : Loaded 1500000 variants - 625 passed variant filters...
2021-06-16 12:44:23.446  INFO 4088064 --- [main] o.m.e.c.analysis.AbstractAnalysisRunner  : Loaded 1600000 variants - 647 passed variant filters...
2021-06-16 12:44:25.866  INFO 4088064 --- [main] o.m.e.c.analysis.AbstractAnalysisRunner  : Loaded 1700000 variants - 687 passed variant filters...
2021-06-16 12:44:27.677  INFO 4088064 --- [main] o.m.e.c.analysis.AbstractAnalysisRunner  : Loaded 1800000 variants - 706 passed variant filters...
2021-06-16 12:44:29.637  INFO 4088064 --- [main] o.m.e.c.analysis.AbstractAnalysisRunner  : Loaded 1900000 variants - 729 passed variant filters...
2021-06-16 12:44:31.353  INFO 4088064 --- [main] o.m.e.c.analysis.AbstractAnalysisRunner  : Loaded 2000000 variants - 741 passed variant filters...
2021-06-16 12:44:32.624  INFO 4088064 --- [main] o.m.e.c.analysis.AbstractAnalysisRunner  : Loaded 2100000 variants - 747 passed variant filters...
2021-06-16 12:44:35.443  INFO 4088064 --- [main] o.m.e.c.analysis.AbstractAnalysisRunner  : Loaded 2200000 variants - 811 passed variant filters...
2021-06-16 12:44:37.254  INFO 4088064 --- [main] o.m.e.c.analysis.AbstractAnalysisRunner  : Loaded 2300000 variants - 826 passed variant filters...
2021-06-16 12:44:39.095  INFO 4088064 --- [main] o.m.e.c.analysis.AbstractAnalysisRunner  : Loaded 2400000 variants - 845 passed variant filters...
2021-06-16 12:44:42.587  INFO 4088064 --- [main] o.m.e.c.analysis.AbstractAnalysisRunner  : Loaded 2500000 variants - 938 passed variant filters...
2021-06-16 12:44:44.932  INFO 4088064 --- [main] o.m.e.c.analysis.AbstractAnalysisRunner  : Loaded 2600000 variants - 971 passed variant filters...
2021-06-16 12:44:47.804  INFO 4088064 --- [main] o.m.e.c.analysis.AbstractAnalysisRunner  : Loaded 2700000 variants - 1023 passed variant filters...
2021-06-16 12:44:50.241  INFO 4088064 --- [main] o.m.e.c.analysis.AbstractAnalysisRunner  : Loaded 2800000 variants - 1058 passed variant filters...
2021-06-16 12:44:52.481  INFO 4088064 --- [main] o.m.e.c.analysis.AbstractAnalysisRunner  : Loaded 2900000 variants - 1083 passed variant filters...
2021-06-16 12:44:55.150  INFO 4088064 --- [main] o.m.e.c.analysis.AbstractAnalysisRunner  : Loaded 3000000 variants - 1124 passed variant filters...
2021-06-16 12:44:57.869  INFO 4088064 --- [main] o.m.e.c.analysis.AbstractAnalysisRunner  : Loaded 3100000 variants - 1180 passed variant filters...
2021-06-16 12:45:00.663  INFO 4088064 --- [main] o.m.e.c.analysis.AbstractAnalysisRunner  : Loaded 3200000 variants - 1224 passed variant filters...
2021-06-16 12:45:02.300  INFO 4088064 --- [main] o.m.e.c.analysis.AbstractAnalysisRunner  : Loaded 3300000 variants - 1238 passed variant filters...
2021-06-16 12:45:04.083  INFO 4088064 --- [main] o.m.e.c.analysis.AbstractAnalysisRunner  : Loaded 3400000 variants - 1255 passed variant filters...
2021-06-16 12:45:07.619  INFO 4088064 --- [main] o.m.e.c.analysis.AbstractAnalysisRunner  : Loaded 3500000 variants - 1326 passed variant filters...
2021-06-16 12:45:12.663  INFO 4088064 --- [main] o.m.e.c.analysis.AbstractAnalysisRunner  : Loaded 3600000 variants - 1466 passed variant filters...
2021-06-16 12:45:15.370  INFO 4088064 --- [main] o.m.e.c.analysis.AbstractAnalysisRunner  : Loaded 3700000 variants - 1521 passed variant filters...
2021-06-16 12:45:17.277  INFO 4088064 --- [main] o.m.e.c.analysis.AbstractAnalysisRunner  : Loaded 3800000 variants - 1543 passed variant filters...
2021-06-16 12:45:19.289  INFO 4088064 --- [main] o.m.e.c.analysis.AbstractAnalysisRunner  : Loaded 3900000 variants - 1578 passed variant filters...
2021-06-16 12:45:21.327  INFO 4088064 --- [main] o.m.e.c.analysis.AbstractAnalysisRunner  : Loaded 4000000 variants - 1608 passed variant filters...
2021-06-16 12:45:23.237  INFO 4088064 --- [main] o.m.e.c.analysis.AbstractAnalysisRunner  : Loaded 4100000 variants - 1621 passed variant filters...
2021-06-16 12:45:25.259  INFO 4088064 --- [main] o.m.e.c.analysis.AbstractAnalysisRunner  : Loaded 4200000 variants - 1640 passed variant filters...
2021-06-16 12:45:27.837  INFO 4088064 --- [main] o.m.e.c.analysis.AbstractAnalysisRunner  : Loaded 4300000 variants - 1684 passed variant filters...
2021-06-16 12:45:29.797  INFO 4088064 --- [main] o.m.e.c.analysis.AbstractAnalysisRunner  : Loaded 4400000 variants - 1710 passed variant filters...
2021-06-16 12:45:32.383  INFO 4088064 --- [main] o.m.e.c.analysis.AbstractAnalysisRunner  : Loaded 4500000 variants - 1761 passed variant filters...
2021-06-16 12:45:34.035  INFO 4088064 --- [main] o.m.e.c.analysis.AbstractAnalysisRunner  : Loaded 4600000 variants - 1773 passed variant filters...
2021-06-16 12:45:44.030  INFO 4088064 --- [main] o.m.e.c.analysis.AbstractAnalysisRunner  : Loaded 4700000 variants - 1879 passed variant filters...
2021-06-16 12:45:46.716  INFO 4088064 --- [main] o.m.e.c.analysis.AbstractAnalysisRunner  : Loaded 4800000 variants - 1921 passed variant filters...
2021-06-16 12:45:49.006  INFO 4088064 --- [main] o.m.e.c.analysis.AbstractAnalysisRunner  : Loaded 4900000 variants - 1946 passed variant filters...
2021-06-16 12:45:51.356  INFO 4088064 --- [main] o.m.e.c.analysis.AbstractAnalysisRunner  : Loaded 5000000 variants - 1977 passed variant filters...
2021-06-16 12:45:52.929  INFO 4088064 --- [main] o.m.e.c.analysis.AbstractAnalysisRunner  : Loaded 5100000 variants - 1990 passed variant filters...
2021-06-16 12:45:55.253  INFO 4088064 --- [main] o.m.e.c.analysis.AbstractAnalysisRunner  : Loaded 5200000 variants - 2018 passed variant filters...
2021-06-16 12:45:56.917  INFO 4088064 --- [main] o.m.e.c.analysis.AbstractAnalysisRunner  : Loaded 5300000 variants - 2029 passed variant filters...
2021-06-16 12:46:00.075  INFO 4088064 --- [main] o.m.e.c.analysis.AbstractAnalysisRunner  : Loaded 5400000 variants - 2081 passed variant filters...
2021-06-16 12:46:02.016  INFO 4088064 --- [main] o.m.e.c.analysis.AbstractAnalysisRunner  : Loaded 5500000 variants - 2094 passed variant filters...
2021-06-16 12:46:03.855  INFO 4088064 --- [main] o.m.e.c.analysis.AbstractAnalysisRunner  : Loaded 5600000 variants - 2111 passed variant filters...
2021-06-16 12:46:06.567  INFO 4088064 --- [main] o.m.e.c.analysis.AbstractAnalysisRunner  : Loaded 5700000 variants - 2125 passed variant filters...
2021-06-16 12:46:08.216  INFO 4088064 --- [main] o.m.e.c.analysis.AbstractAnalysisRunner  : Loaded 5800000 variants - 2139 passed variant filters...
2021-06-16 12:46:09.697  INFO 4088064 --- [main] o.m.e.c.analysis.AbstractAnalysisRunner  : Loaded 5900000 variants - 2147 passed variant filters...
2021-06-16 12:46:11.372  INFO 4088064 --- [main] o.m.e.c.analysis.AbstractAnalysisRunner  : Loaded 6000000 variants - 2159 passed variant filters...
2021-06-16 12:46:13.143  INFO 4088064 --- [main] o.m.e.c.analysis.AbstractAnalysisRunner  : Loaded 6100000 variants - 2175 passed variant filters...
2021-06-16 12:46:14.748  INFO 4088064 --- [main] o.m.e.c.analysis.AbstractAnalysisRunner  : Loaded 6200000 variants - 2182 passed variant filters...
2021-06-16 12:46:16.229  INFO 4088064 --- [main] o.m.e.c.analysis.AbstractAnalysisRunner  : Loaded 6300000 variants - 2192 passed variant filters...
2021-06-16 12:46:18.453  INFO 4088064 --- [main] o.m.e.c.analysis.AbstractAnalysisRunner  : Loaded 6400000 variants - 2220 passed variant filters...
2021-06-16 12:46:20.375  INFO 4088064 --- [main] o.m.e.c.analysis.AbstractAnalysisRunner  : Loaded 6500000 variants - 2249 passed variant filters...
2021-06-16 12:46:23.203  INFO 4088064 --- [main] o.m.e.c.analysis.AbstractAnalysisRunner  : Loaded 6600000 variants - 2289 passed variant filters...
2021-06-16 12:46:25.098  INFO 4088064 --- [main] o.m.e.c.analysis.AbstractAnalysisRunner  : Loaded 6700000 variants - 2301 passed variant filters...
2021-06-16 12:46:26.939  INFO 4088064 --- [main] o.m.e.c.analysis.AbstractAnalysisRunner  : Loaded 6800000 variants - 2314 passed variant filters...
2021-06-16 12:46:29.037  INFO 4088064 --- [main] o.m.e.c.analysis.AbstractAnalysisRunner  : Loaded 6900000 variants - 2335 passed variant filters...
2021-06-16 12:46:31.230  INFO 4088064 --- [main] o.m.e.c.analysis.AbstractAnalysisRunner  : Loaded 7000000 variants - 2363 passed variant filters...
2021-06-16 12:46:33.358  INFO 4088064 --- [main] o.m.e.c.analysis.AbstractAnalysisRunner  : Loaded 7100000 variants - 2385 passed variant filters...
2021-06-16 12:46:34.870  INFO 4088064 --- [main] o.m.e.c.analysis.AbstractAnalysisRunner  : Loaded 7200000 variants - 2393 passed variant filters...
2021-06-16 12:46:38.471  INFO 4088064 --- [main] o.m.e.c.analysis.AbstractAnalysisRunner  : Loaded 7300000 variants - 2475 passed variant filters...
2021-06-16 12:46:40.898  INFO 4088064 --- [main] o.m.e.c.analysis.AbstractAnalysisRunner  : Loaded 7400000 variants - 2510 passed variant filters...
2021-06-16 12:46:43.350  INFO 4088064 --- [main] o.m.e.c.analysis.AbstractAnalysisRunner  : Loaded 7500000 variants - 2529 passed variant filters...
2021-06-16 12:46:45.206  INFO 4088064 --- [main] o.m.e.c.analysis.AbstractAnalysisRunner  : Loaded 7600000 variants - 2546 passed variant filters...
2021-06-16 12:46:47.072  INFO 4088064 --- [main] o.m.e.c.analysis.AbstractAnalysisRunner  : Loaded 7700000 variants - 2557 passed variant filters...
2021-06-16 12:46:48.766  INFO 4088064 --- [main] o.m.e.c.analysis.AbstractAnalysisRunner  : Loaded 7800000 variants - 2577 passed variant filters...
2021-06-16 12:46:50.310  INFO 4088064 --- [main] o.m.e.c.analysis.AbstractAnalysisRunner  : Loaded 7900000 variants - 2586 passed variant filters...
2021-06-16 12:46:52.224  INFO 4088064 --- [main] o.m.e.c.analysis.AbstractAnalysisRunner  : Loaded 8000000 variants - 2609 passed variant filters...
2021-06-16 12:46:54.301  INFO 4088064 --- [main] o.m.e.c.analysis.AbstractAnalysisRunner  : Loaded 8100000 variants - 2648 passed variant filters...
2021-06-16 12:46:56.110  INFO 4088064 --- [main] o.m.e.c.analysis.AbstractAnalysisRunner  : Loaded 8200000 variants - 2675 passed variant filters...
2021-06-16 12:46:58.826  INFO 4088064 --- [main] o.m.e.c.analysis.AbstractAnalysisRunner  : Loaded 8300000 variants - 2725 passed variant filters...
2021-06-16 12:47:00.792  INFO 4088064 --- [main] o.m.e.c.analysis.AbstractAnalysisRunner  : Loaded 8400000 variants - 2750 passed variant filters...
2021-06-16 12:47:02.120  INFO 4088064 --- [main] o.m.e.c.analysis.AbstractAnalysisRunner  : Loaded 8500000 variants - 2758 passed variant filters...
2021-06-16 12:47:03.601  INFO 4088064 --- [main] o.m.e.c.analysis.AbstractAnalysisRunner  : Loaded 8600000 variants - 2782 passed variant filters...
2021-06-16 12:47:03.767  INFO 4088064 --- [main] o.m.e.core.genome.VariantFactoryImpl     : Processed 8234258 variant records into 8580755 single allele variants, 44612 are missing annotations, most likely due to non-numeric chromosome designations
2021-06-16 12:47:03.769  INFO 4088064 --- [main] o.m.e.core.genome.VariantFactoryImpl     : Variant annotation finished in 3m 39s 686ms (219686 ms)
2021-06-16 12:47:03.770  INFO 4088064 --- [main] o.m.e.c.analysis.AbstractAnalysisRunner  : Loaded 8625367 variants - 2782 passed variant filters
2021-06-16 12:47:03.788  INFO 4088064 --- [main] o.m.e.c.analysis.AbstractAnalysisRunner  : Checking inheritance mode compatibility with [AUTOSOMAL_DOMINANT, AUTOSOMAL_RECESSIVE, X_RECESSIVE, X_DOMINANT, MITOCHONDRIAL] for genes which passed filters
2021-06-16 12:47:04.143  INFO 4088064 --- [main] o.m.e.c.analysis.AbstractAnalysisRunner  : Running GeneFilter: InheritanceFilter{compatibleModes=[AUTOSOMAL_DOMINANT, AUTOSOMAL_RECESSIVE, X_RECESSIVE, X_DOMINANT, MITOCHONDRIAL]}
2021-06-16 12:47:04.194  INFO 4088064 --- [main] o.m.e.c.analysis.AbstractAnalysisRunner  : Running Prioritiser: OmimPrioritiser{}
2021-06-16 12:47:04.647  INFO 4088064 --- [main] o.m.e.c.analysis.AbstractAnalysisRunner  : Running Prioritiser: HiPhivePriority{options=HiPhiveOptions{diseaseId='', candidateGeneSymbol='', benchmarkingEnabled=false, runPpi=true, runHuman=true, runMouse=true, runFish=true}}
2021-06-16 12:47:07.422  INFO 4088064 --- [main] o.m.e.c.analysis.AbstractAnalysisRunner  : Scoring genes
2021-06-16 12:47:07.492  INFO 4088064 --- [main] o.m.e.c.analysis.AbstractAnalysisRunner  : Analysed 196 genes containing 383 filtered variants
2021-06-16 12:47:07.493  INFO 4088064 --- [main] o.m.e.c.analysis.AbstractAnalysisRunner  : Variant filter stats are:
2021-06-16 12:47:07.496  INFO 4088064 --- [main] o.m.e.c.analysis.AbstractAnalysisRunner  : VARIANT_EFFECT_FILTER: pass=33932 fail=5826905
2021-06-16 12:47:07.498  INFO 4088064 --- [main] o.m.e.c.analysis.AbstractAnalysisRunner  : FREQUENCY_FILTER: pass=2782 fail=31150
2021-06-16 12:47:07.499  INFO 4088064 --- [main] o.m.e.c.analysis.AbstractAnalysisRunner  : PATHOGENICITY_FILTER: pass=2782 fail=0
2021-06-16 12:47:07.500  INFO 4088064 --- [main] o.m.e.c.analysis.AbstractAnalysisRunner  : INHERITANCE_FILTER: pass=383 fail=2399
2021-06-16 12:47:07.501  INFO 4088064 --- [main] o.m.e.c.analysis.AbstractAnalysisRunner  : Creating analysis results from VCF /mnt/scratch/Public/TRAINING/GenomeAnalysisModule/CaseInformation/CaseFiles/Case1/Case1_Merged.vcf.gz
2021-06-16 12:47:07.503  INFO 4088064 --- [main] o.m.e.c.analysis.AbstractAnalysisRunner  : Finished analysis in 3m 45s 199ms (225199 ms)
2021-06-16 12:47:07.505  INFO 4088064 --- [main] o.m.e.c.writers.AnalysisResultsWriter    : Writing results...
2021-06-16 12:47:09.115  INFO 4088064 --- [main] com.zaxxer.hikari.HikariDataSource       : exomiser-phenotype-2007 - Shutdown initiated...
2021-06-16 12:47:09.121  INFO 4088064 --- [main] com.zaxxer.hikari.HikariDataSource       : exomiser-phenotype-2007 - Shutdown completed.
2021-06-16 12:47:09.123  INFO 4088064 --- [main] org.monarchinitiative.exomiser.cli.Main  : Exomising finished - Bye!
