2021-06-16 12:43:22.436  INFO 4088951 --- [main] org.monarchinitiative.exomiser.cli.Main  : Starting Main on gpcc-node03 with PID 4088951 (/mnt/common/WASSERMAN_SOFTWARE/Exomiser/exomiser-cli-12.1.0/exomiser-cli-12.1.0.jar started by prichmond in /mnt/scratch/Public/TRAINING/GenomeAnalysisModule/CaseInformation/Exomiser/Case9)
2021-06-16 12:43:22.440  INFO 4088951 --- [main] org.monarchinitiative.exomiser.cli.Main  : No active profile set, falling back to default profiles: default
2021-06-16 12:43:23.345  INFO 4088951 --- [main] o.m.exomiser.cli.config.MainConfig       : Exomiser home: /mnt/common/WASSERMAN_SOFTWARE/Exomiser/exomiser-cli-12.1.0
2021-06-16 12:43:23.552  INFO 4088951 --- [main] o.m.exomiser.cli.config.MainConfig       : Data source directory defined in properties as: /mnt/common/WASSERMAN_SOFTWARE/Exomiser/exomiser-cli-12.1.0/data/
2021-06-16 12:43:23.948  INFO 4088951 --- [main] o.m.exomiser.cli.config.MainConfig       : Root data source directory set to: /mnt/common/WASSERMAN_SOFTWARE/Exomiser/exomiser-cli-12.1.0/data
2021-06-16 12:43:24.231  INFO 4088951 --- [main] com.zaxxer.hikari.HikariDataSource       : exomiser-genome-hg38-2007 - Starting...
2021-06-16 12:43:25.088  INFO 4088951 --- [main] com.zaxxer.hikari.HikariDataSource       : exomiser-genome-hg38-2007 - Start completed.
2021-06-16 12:43:25.338  INFO 4088951 --- [main] o.m.e.c.g.j.JannovarDataProtoSerialiser  : Deserialising Jannovar data from /mnt/common/WASSERMAN_SOFTWARE/Exomiser/exomiser-cli-12.1.0/data/2007_hg38/2007_hg38_transcripts_ensembl.ser
2021-06-16 12:43:27.237  INFO 4088951 --- [main] o.m.e.c.g.j.JannovarDataProtoSerialiser  : Deserialisation took 1.702 sec.
2021-06-16 12:43:30.980  INFO 4088951 --- [main] o.m.e.a.genome.GenomeDataSourceLoader    : Loading variant whitelist from: /mnt/common/WASSERMAN_SOFTWARE/Exomiser/exomiser-cli-12.1.0/data/2007_hg38/2007_hg38_clinvar_whitelist.tsv.gz
2021-06-16 12:43:31.238  INFO 4088951 --- [main] o.m.e.a.genome.GenomeDataSourceLoader    : Loaded 92488 variants into whitelist
2021-06-16 12:43:31.385  WARN 4088951 --- [main] o.m.e.a.genome.GenomeDataSourceLoader    : Data for LOCAL is not configured. THIS WILL LEAD TO ERRORS IF REQUIRED DURING ANALYSIS. Check the application.properties is pointing to a valid file.
2021-06-16 12:43:31.435  INFO 4088951 --- [main] o.m.e.a.genome.GenomeDataSourceLoader    : Opening CADD snv data from source: /mnt/common/DATABASES/REFERENCES/GRCh38/CADD/V1.4/whole_genome_SNVs.tsv.gz
2021-06-16 12:43:31.716  INFO 4088951 --- [main] o.m.e.a.genome.GenomeDataSourceLoader    : Opening CADD InDel data from source: /mnt/common/DATABASES/REFERENCES/GRCh38/CADD/V1.4/InDels.tsv.gz
2021-06-16 12:43:31.776  WARN 4088951 --- [main] o.m.e.a.genome.GenomeDataSourceLoader    : Data for REMM is not configured. THIS WILL LEAD TO ERRORS IF REQUIRED DURING ANALYSIS. Check the application.properties is pointing to a valid file.
2021-06-16 12:43:31.915  WARN 4088951 --- [main] o.m.e.a.genome.GenomeDataSourceLoader    : Data for TEST is not configured. THIS WILL LEAD TO ERRORS IF REQUIRED DURING ANALYSIS. Check the application.properties is pointing to a valid file.
2021-06-16 12:43:32.298  INFO 4088951 --- [main] g.GenomeAnalysisServiceAutoConfiguration : Configured hg38 genome analysis service
2021-06-16 12:43:32.341  INFO 4088951 --- [main] com.zaxxer.hikari.HikariDataSource       : exomiser-phenotype-2007 - Starting...
2021-06-16 12:43:32.549  INFO 4088951 --- [main] com.zaxxer.hikari.HikariDataSource       : exomiser-phenotype-2007 - Start completed.
2021-06-16 12:43:40.852  INFO 4088951 --- [main] o.m.exomiser.cli.config.MainConfig       : Default results directory set to: /mnt/common/WASSERMAN_SOFTWARE/Exomiser/exomiser-cli-12.1.0/results
2021-06-16 12:43:41.874  INFO 4088951 --- [main] org.monarchinitiative.exomiser.cli.Main  : Started Main in 20.261 seconds (JVM running for 24.503)
2021-06-16 12:43:41.923  INFO 4088951 --- [main] o.m.e.cli.ExomiserCommandLineRunner      : Exomiser running...
2021-06-16 12:43:42.087  INFO 4088951 --- [main] o.m.exomiser.core.Exomiser               : Running analysis using hg38 assembly with mode: PASS_ONLY
2021-06-16 12:43:42.092  INFO 4088951 --- [main] o.m.e.c.analysis.AbstractAnalysisRunner  : Starting analysis
2021-06-16 12:43:42.094  INFO 4088951 --- [main] o.m.e.c.analysis.AbstractAnalysisRunner  : Using genome assembly hg38
2021-06-16 12:43:42.130  INFO 4088951 --- [main] o.m.e.c.analysis.AbstractAnalysisRunner  : Checking proband and pedigree for VCF /mnt/scratch/Public/TRAINING/GenomeAnalysisModule/CaseInformation/CaseFiles/Case9/Case9_Merged.vcf.gz
2021-06-16 12:43:42.150  INFO 4088951 --- [main] o.m.e.c.analysis.AbstractAnalysisRunner  : Running analysis for proband proband (sample 1 in VCF) from samples: [proband, mother, father]
2021-06-16 12:43:42.508  INFO 4088951 --- [main] o.m.e.c.analysis.AbstractAnalysisRunner  : Filtering variants with:
2021-06-16 12:43:42.511  INFO 4088951 --- [main] o.m.e.c.analysis.AbstractAnalysisRunner  : VariantEffectFilter{offTargetVariantTypes=[CODING_TRANSCRIPT_INTRON_VARIANT, FIVE_PRIME_UTR_EXON_VARIANT, THREE_PRIME_UTR_EXON_VARIANT, FIVE_PRIME_UTR_INTRON_VARIANT, THREE_PRIME_UTR_INTRON_VARIANT, NON_CODING_TRANSCRIPT_EXON_VARIANT, NON_CODING_TRANSCRIPT_INTRON_VARIANT, UPSTREAM_GENE_VARIANT, DOWNSTREAM_GENE_VARIANT, INTERGENIC_VARIANT, REGULATORY_REGION_VARIANT]}
2021-06-16 12:43:42.513  INFO 4088951 --- [main] o.m.e.c.analysis.AbstractAnalysisRunner  : FrequencyFilter{maxFreq=2.0}
2021-06-16 12:43:42.514  INFO 4088951 --- [main] o.m.e.c.analysis.AbstractAnalysisRunner  : PathogenicityFilter{keepNonPathogenic=true}
2021-06-16 12:43:42.533  INFO 4088951 --- [main] o.m.e.core.genome.VariantFactoryImpl     : Annotating variant records, trimming sequences and normalising positions...
2021-06-16 12:43:47.723  INFO 4088951 --- [main] o.m.e.c.analysis.AbstractAnalysisRunner  : Loaded 100000 variants - 67 passed variant filters...
2021-06-16 12:43:49.568  INFO 4088951 --- [main] o.m.e.c.analysis.AbstractAnalysisRunner  : Loaded 200000 variants - 74 passed variant filters...
2021-06-16 12:43:52.873  INFO 4088951 --- [main] o.m.e.c.analysis.AbstractAnalysisRunner  : Loaded 300000 variants - 144 passed variant filters...
2021-06-16 12:43:55.314  INFO 4088951 --- [main] o.m.e.c.analysis.AbstractAnalysisRunner  : Loaded 400000 variants - 164 passed variant filters...
2021-06-16 12:43:57.667  INFO 4088951 --- [main] o.m.e.c.analysis.AbstractAnalysisRunner  : Loaded 500000 variants - 181 passed variant filters...
2021-06-16 12:43:59.580  INFO 4088951 --- [main] o.m.e.c.analysis.AbstractAnalysisRunner  : Loaded 600000 variants - 188 passed variant filters...
2021-06-16 12:44:02.172  INFO 4088951 --- [main] o.m.e.c.analysis.AbstractAnalysisRunner  : Loaded 700000 variants - 233 passed variant filters...
2021-06-16 12:44:04.568  INFO 4088951 --- [main] o.m.e.c.analysis.AbstractAnalysisRunner  : Loaded 800000 variants - 248 passed variant filters...
2021-06-16 12:44:08.014  INFO 4088951 --- [main] o.m.e.c.analysis.AbstractAnalysisRunner  : Loaded 900000 variants - 310 passed variant filters...
2021-06-16 12:44:09.975  INFO 4088951 --- [main] o.m.e.c.analysis.AbstractAnalysisRunner  : Loaded 1000000 variants - 320 passed variant filters...
2021-06-16 12:44:12.095  INFO 4088951 --- [main] o.m.e.c.analysis.AbstractAnalysisRunner  : Loaded 1100000 variants - 332 passed variant filters...
2021-06-16 12:44:14.374  INFO 4088951 --- [main] o.m.e.c.analysis.AbstractAnalysisRunner  : Loaded 1200000 variants - 350 passed variant filters...
2021-06-16 12:44:16.456  INFO 4088951 --- [main] o.m.e.c.analysis.AbstractAnalysisRunner  : Loaded 1300000 variants - 361 passed variant filters...
2021-06-16 12:44:18.440  INFO 4088951 --- [main] o.m.e.c.analysis.AbstractAnalysisRunner  : Loaded 1400000 variants - 371 passed variant filters...
2021-06-16 12:44:20.732  INFO 4088951 --- [main] o.m.e.c.analysis.AbstractAnalysisRunner  : Loaded 1500000 variants - 391 passed variant filters...
2021-06-16 12:44:22.492  INFO 4088951 --- [main] o.m.e.c.analysis.AbstractAnalysisRunner  : Loaded 1600000 variants - 398 passed variant filters...
2021-06-16 12:44:24.025  INFO 4088951 --- [main] o.m.e.c.analysis.AbstractAnalysisRunner  : Loaded 1700000 variants - 402 passed variant filters...
2021-06-16 12:44:25.931  INFO 4088951 --- [main] o.m.e.c.analysis.AbstractAnalysisRunner  : Loaded 1800000 variants - 426 passed variant filters...
2021-06-16 12:44:27.975  INFO 4088951 --- [main] o.m.e.c.analysis.AbstractAnalysisRunner  : Loaded 1900000 variants - 439 passed variant filters...
2021-06-16 12:44:31.380  INFO 4088951 --- [main] o.m.e.c.analysis.AbstractAnalysisRunner  : Loaded 2000000 variants - 517 passed variant filters...
2021-06-16 12:44:33.987  INFO 4088951 --- [main] o.m.e.c.analysis.AbstractAnalysisRunner  : Loaded 2100000 variants - 538 passed variant filters...
2021-06-16 12:44:36.474  INFO 4088951 --- [main] o.m.e.c.analysis.AbstractAnalysisRunner  : Loaded 2200000 variants - 561 passed variant filters...
2021-06-16 12:44:38.417  INFO 4088951 --- [main] o.m.e.c.analysis.AbstractAnalysisRunner  : Loaded 2300000 variants - 573 passed variant filters...
2021-06-16 12:44:41.167  INFO 4088951 --- [main] o.m.e.c.analysis.AbstractAnalysisRunner  : Loaded 2400000 variants - 601 passed variant filters...
2021-06-16 12:44:43.864  INFO 4088951 --- [main] o.m.e.c.analysis.AbstractAnalysisRunner  : Loaded 2500000 variants - 631 passed variant filters...
2021-06-16 12:44:46.266  INFO 4088951 --- [main] o.m.e.c.analysis.AbstractAnalysisRunner  : Loaded 2600000 variants - 645 passed variant filters...
2021-06-16 12:44:47.882  INFO 4088951 --- [main] o.m.e.c.analysis.AbstractAnalysisRunner  : Loaded 2700000 variants - 647 passed variant filters...
2021-06-16 12:44:51.025  INFO 4088951 --- [main] o.m.e.c.analysis.AbstractAnalysisRunner  : Loaded 2800000 variants - 684 passed variant filters...
2021-06-16 12:44:55.948  INFO 4088951 --- [main] o.m.e.c.analysis.AbstractAnalysisRunner  : Loaded 2900000 variants - 809 passed variant filters...
2021-06-16 12:44:58.289  INFO 4088951 --- [main] o.m.e.c.analysis.AbstractAnalysisRunner  : Loaded 3000000 variants - 822 passed variant filters...
2021-06-16 12:45:00.317  INFO 4088951 --- [main] o.m.e.c.analysis.AbstractAnalysisRunner  : Loaded 3100000 variants - 840 passed variant filters...
2021-06-16 12:45:02.284  INFO 4088951 --- [main] o.m.e.c.analysis.AbstractAnalysisRunner  : Loaded 3200000 variants - 857 passed variant filters...
2021-06-16 12:45:04.185  INFO 4088951 --- [main] o.m.e.c.analysis.AbstractAnalysisRunner  : Loaded 3300000 variants - 869 passed variant filters...
2021-06-16 12:45:06.510  INFO 4088951 --- [main] o.m.e.c.analysis.AbstractAnalysisRunner  : Loaded 3400000 variants - 887 passed variant filters...
2021-06-16 12:45:08.458  INFO 4088951 --- [main] o.m.e.c.analysis.AbstractAnalysisRunner  : Loaded 3500000 variants - 903 passed variant filters...
2021-06-16 12:45:10.185  INFO 4088951 --- [main] o.m.e.c.analysis.AbstractAnalysisRunner  : Loaded 3600000 variants - 925 passed variant filters...
2021-06-16 12:45:13.215  INFO 4088951 --- [main] o.m.e.c.analysis.AbstractAnalysisRunner  : Loaded 3700000 variants - 990 passed variant filters...
2021-06-16 12:45:15.208  INFO 4088951 --- [main] o.m.e.c.analysis.AbstractAnalysisRunner  : Loaded 3800000 variants - 1001 passed variant filters...
2021-06-16 12:45:17.515  INFO 4088951 --- [main] o.m.e.c.analysis.AbstractAnalysisRunner  : Loaded 3900000 variants - 1014 passed variant filters...
2021-06-16 12:45:19.377  INFO 4088951 --- [main] o.m.e.c.analysis.AbstractAnalysisRunner  : Loaded 4000000 variants - 1031 passed variant filters...
2021-06-16 12:45:21.408  INFO 4088951 --- [main] o.m.e.c.analysis.AbstractAnalysisRunner  : Loaded 4100000 variants - 1046 passed variant filters...
2021-06-16 12:45:23.619  INFO 4088951 --- [main] o.m.e.c.analysis.AbstractAnalysisRunner  : Loaded 4200000 variants - 1063 passed variant filters...
2021-06-16 12:45:25.364  INFO 4088951 --- [main] o.m.e.c.analysis.AbstractAnalysisRunner  : Loaded 4300000 variants - 1072 passed variant filters...
2021-06-16 12:45:27.517  INFO 4088951 --- [main] o.m.e.c.analysis.AbstractAnalysisRunner  : Loaded 4400000 variants - 1086 passed variant filters...
2021-06-16 12:45:29.573  INFO 4088951 --- [main] o.m.e.c.analysis.AbstractAnalysisRunner  : Loaded 4500000 variants - 1094 passed variant filters...
2021-06-16 12:45:31.250  INFO 4088951 --- [main] o.m.e.c.analysis.AbstractAnalysisRunner  : Loaded 4600000 variants - 1101 passed variant filters...
2021-06-16 12:45:32.746  INFO 4088951 --- [main] o.m.e.c.analysis.AbstractAnalysisRunner  : Loaded 4700000 variants - 1105 passed variant filters...
2021-06-16 12:45:34.472  INFO 4088951 --- [main] o.m.e.c.analysis.AbstractAnalysisRunner  : Loaded 4800000 variants - 1110 passed variant filters...
2021-06-16 12:45:40.722  INFO 4088951 --- [main] o.m.e.c.analysis.AbstractAnalysisRunner  : Loaded 4900000 variants - 1120 passed variant filters...
2021-06-16 12:45:44.554  INFO 4088951 --- [main] o.m.e.c.analysis.AbstractAnalysisRunner  : Loaded 5000000 variants - 1136 passed variant filters...
2021-06-16 12:45:46.264  INFO 4088951 --- [main] o.m.e.c.analysis.AbstractAnalysisRunner  : Loaded 5100000 variants - 1147 passed variant filters...
2021-06-16 12:45:48.581  INFO 4088951 --- [main] o.m.e.c.analysis.AbstractAnalysisRunner  : Loaded 5200000 variants - 1163 passed variant filters...
2021-06-16 12:45:50.235  INFO 4088951 --- [main] o.m.e.c.analysis.AbstractAnalysisRunner  : Loaded 5300000 variants - 1167 passed variant filters...
2021-06-16 12:45:52.034  INFO 4088951 --- [main] o.m.e.c.analysis.AbstractAnalysisRunner  : Loaded 5400000 variants - 1176 passed variant filters...
2021-06-16 12:45:54.087  INFO 4088951 --- [main] o.m.e.c.analysis.AbstractAnalysisRunner  : Loaded 5500000 variants - 1184 passed variant filters...
2021-06-16 12:45:55.877  INFO 4088951 --- [main] o.m.e.c.analysis.AbstractAnalysisRunner  : Loaded 5600000 variants - 1193 passed variant filters...
2021-06-16 12:45:57.872  INFO 4088951 --- [main] o.m.e.c.analysis.AbstractAnalysisRunner  : Loaded 5700000 variants - 1216 passed variant filters...
2021-06-16 12:46:01.268  INFO 4088951 --- [main] o.m.e.c.analysis.AbstractAnalysisRunner  : Loaded 5800000 variants - 1276 passed variant filters...
2021-06-16 12:46:03.785  INFO 4088951 --- [main] o.m.e.c.analysis.AbstractAnalysisRunner  : Loaded 5900000 variants - 1292 passed variant filters...
2021-06-16 12:46:05.683  INFO 4088951 --- [main] o.m.e.c.analysis.AbstractAnalysisRunner  : Loaded 6000000 variants - 1298 passed variant filters...
2021-06-16 12:46:07.365  INFO 4088951 --- [main] o.m.e.c.analysis.AbstractAnalysisRunner  : Loaded 6100000 variants - 1303 passed variant filters...
2021-06-16 12:46:09.502  INFO 4088951 --- [main] o.m.e.c.analysis.AbstractAnalysisRunner  : Loaded 6200000 variants - 1324 passed variant filters...
2021-06-16 12:46:11.416  INFO 4088951 --- [main] o.m.e.c.analysis.AbstractAnalysisRunner  : Loaded 6300000 variants - 1348 passed variant filters...
2021-06-16 12:46:13.398  INFO 4088951 --- [main] o.m.e.c.analysis.AbstractAnalysisRunner  : Loaded 6400000 variants - 1374 passed variant filters...
2021-06-16 12:46:15.980  INFO 4088951 --- [main] o.m.e.c.analysis.AbstractAnalysisRunner  : Loaded 6500000 variants - 1399 passed variant filters...
2021-06-16 12:46:17.865  INFO 4088951 --- [main] o.m.e.c.analysis.AbstractAnalysisRunner  : Loaded 6600000 variants - 1418 passed variant filters...
2021-06-16 12:46:19.771  INFO 4088951 --- [main] o.m.e.c.analysis.AbstractAnalysisRunner  : Loaded 6700000 variants - 1446 passed variant filters...
2021-06-16 12:46:19.939  INFO 4088951 --- [main] o.m.e.core.genome.VariantFactoryImpl     : Processed 6472435 variant records into 6686129 single allele variants, 39180 are missing annotations, most likely due to non-numeric chromosome designations
2021-06-16 12:46:19.941  INFO 4088951 --- [main] o.m.e.core.genome.VariantFactoryImpl     : Variant annotation finished in 2m 37s 406ms (157406 ms)
2021-06-16 12:46:19.943  INFO 4088951 --- [main] o.m.e.c.analysis.AbstractAnalysisRunner  : Loaded 6725309 variants - 1446 passed variant filters
2021-06-16 12:46:19.955  INFO 4088951 --- [main] o.m.e.c.analysis.AbstractAnalysisRunner  : Checking inheritance mode compatibility with [AUTOSOMAL_DOMINANT, AUTOSOMAL_RECESSIVE, X_RECESSIVE, X_DOMINANT, MITOCHONDRIAL] for genes which passed filters
2021-06-16 12:46:20.210  INFO 4088951 --- [main] o.m.e.c.analysis.AbstractAnalysisRunner  : Running GeneFilter: InheritanceFilter{compatibleModes=[AUTOSOMAL_DOMINANT, AUTOSOMAL_RECESSIVE, X_RECESSIVE, X_DOMINANT, MITOCHONDRIAL]}
2021-06-16 12:46:20.257  INFO 4088951 --- [main] o.m.e.c.analysis.AbstractAnalysisRunner  : Running Prioritiser: OmimPrioritiser{}
2021-06-16 12:46:20.756  INFO 4088951 --- [main] o.m.e.c.analysis.AbstractAnalysisRunner  : Running Prioritiser: HiPhivePriority{options=HiPhiveOptions{diseaseId='', candidateGeneSymbol='', benchmarkingEnabled=false, runPpi=true, runHuman=true, runMouse=true, runFish=true}}
2021-06-16 12:46:23.350  INFO 4088951 --- [main] o.m.e.c.analysis.AbstractAnalysisRunner  : Scoring genes
2021-06-16 12:46:23.381  INFO 4088951 --- [main] o.m.e.c.analysis.AbstractAnalysisRunner  : Analysed 161 genes containing 225 filtered variants
2021-06-16 12:46:23.383  INFO 4088951 --- [main] o.m.e.c.analysis.AbstractAnalysisRunner  : Variant filter stats are:
2021-06-16 12:46:23.385  INFO 4088951 --- [main] o.m.e.c.analysis.AbstractAnalysisRunner  : VARIANT_EFFECT_FILTER: pass=27912 fail=4828788
2021-06-16 12:46:23.387  INFO 4088951 --- [main] o.m.e.c.analysis.AbstractAnalysisRunner  : FREQUENCY_FILTER: pass=1446 fail=26466
2021-06-16 12:46:23.388  INFO 4088951 --- [main] o.m.e.c.analysis.AbstractAnalysisRunner  : PATHOGENICITY_FILTER: pass=1446 fail=0
2021-06-16 12:46:23.390  INFO 4088951 --- [main] o.m.e.c.analysis.AbstractAnalysisRunner  : INHERITANCE_FILTER: pass=225 fail=1221
2021-06-16 12:46:23.391  INFO 4088951 --- [main] o.m.e.c.analysis.AbstractAnalysisRunner  : Creating analysis results from VCF /mnt/scratch/Public/TRAINING/GenomeAnalysisModule/CaseInformation/CaseFiles/Case9/Case9_Merged.vcf.gz
2021-06-16 12:46:23.393  INFO 4088951 --- [main] o.m.e.c.analysis.AbstractAnalysisRunner  : Finished analysis in 2m 41s 242ms (161242 ms)
2021-06-16 12:46:23.395  INFO 4088951 --- [main] o.m.e.c.writers.AnalysisResultsWriter    : Writing results...
2021-06-16 12:46:24.748  INFO 4088951 --- [main] com.zaxxer.hikari.HikariDataSource       : exomiser-phenotype-2007 - Shutdown initiated...
2021-06-16 12:46:24.755  INFO 4088951 --- [main] com.zaxxer.hikari.HikariDataSource       : exomiser-phenotype-2007 - Shutdown completed.
2021-06-16 12:46:24.757  INFO 4088951 --- [main] org.monarchinitiative.exomiser.cli.Main  : Exomising finished - Bye!
