2021-06-16 12:43:13.606  INFO 4088550 --- [main] org.monarchinitiative.exomiser.cli.Main  : Starting Main on gpcc-node03 with PID 4088550 (/mnt/common/WASSERMAN_SOFTWARE/Exomiser/exomiser-cli-12.1.0/exomiser-cli-12.1.0.jar started by prichmond in /mnt/scratch/Public/TRAINING/GenomeAnalysisModule/CaseInformation/Exomiser/Case5)
2021-06-16 12:43:13.697  INFO 4088550 --- [main] org.monarchinitiative.exomiser.cli.Main  : No active profile set, falling back to default profiles: default
2021-06-16 12:43:14.811  INFO 4088550 --- [main] o.m.exomiser.cli.config.MainConfig       : Exomiser home: /mnt/common/WASSERMAN_SOFTWARE/Exomiser/exomiser-cli-12.1.0
2021-06-16 12:43:16.286  INFO 4088550 --- [main] o.m.exomiser.cli.config.MainConfig       : Data source directory defined in properties as: /mnt/common/WASSERMAN_SOFTWARE/Exomiser/exomiser-cli-12.1.0/data/
2021-06-16 12:43:16.572  INFO 4088550 --- [main] o.m.exomiser.cli.config.MainConfig       : Root data source directory set to: /mnt/common/WASSERMAN_SOFTWARE/Exomiser/exomiser-cli-12.1.0/data
2021-06-16 12:43:16.823  INFO 4088550 --- [main] com.zaxxer.hikari.HikariDataSource       : exomiser-genome-hg38-2007 - Starting...
2021-06-16 12:43:17.949  INFO 4088550 --- [main] com.zaxxer.hikari.HikariDataSource       : exomiser-genome-hg38-2007 - Start completed.
2021-06-16 12:43:18.130  INFO 4088550 --- [main] o.m.e.c.g.j.JannovarDataProtoSerialiser  : Deserialising Jannovar data from /mnt/common/WASSERMAN_SOFTWARE/Exomiser/exomiser-cli-12.1.0/data/2007_hg38/2007_hg38_transcripts_ensembl.ser
2021-06-16 12:43:19.637  INFO 4088550 --- [main] o.m.e.c.g.j.JannovarDataProtoSerialiser  : Deserialisation took 1.485 sec.
2021-06-16 12:43:21.230  INFO 4088550 --- [main] o.m.e.a.genome.GenomeDataSourceLoader    : Loading variant whitelist from: /mnt/common/WASSERMAN_SOFTWARE/Exomiser/exomiser-cli-12.1.0/data/2007_hg38/2007_hg38_clinvar_whitelist.tsv.gz
2021-06-16 12:43:21.448  INFO 4088550 --- [main] o.m.e.a.genome.GenomeDataSourceLoader    : Loaded 92488 variants into whitelist
2021-06-16 12:43:21.558  WARN 4088550 --- [main] o.m.e.a.genome.GenomeDataSourceLoader    : Data for LOCAL is not configured. THIS WILL LEAD TO ERRORS IF REQUIRED DURING ANALYSIS. Check the application.properties is pointing to a valid file.
2021-06-16 12:43:21.560  INFO 4088550 --- [main] o.m.e.a.genome.GenomeDataSourceLoader    : Opening CADD snv data from source: /mnt/common/DATABASES/REFERENCES/GRCh38/CADD/V1.4/whole_genome_SNVs.tsv.gz
2021-06-16 12:43:22.167  INFO 4088550 --- [main] o.m.e.a.genome.GenomeDataSourceLoader    : Opening CADD InDel data from source: /mnt/common/DATABASES/REFERENCES/GRCh38/CADD/V1.4/InDels.tsv.gz
2021-06-16 12:43:22.223  WARN 4088550 --- [main] o.m.e.a.genome.GenomeDataSourceLoader    : Data for REMM is not configured. THIS WILL LEAD TO ERRORS IF REQUIRED DURING ANALYSIS. Check the application.properties is pointing to a valid file.
2021-06-16 12:43:22.225  WARN 4088550 --- [main] o.m.e.a.genome.GenomeDataSourceLoader    : Data for TEST is not configured. THIS WILL LEAD TO ERRORS IF REQUIRED DURING ANALYSIS. Check the application.properties is pointing to a valid file.
2021-06-16 12:43:22.615  INFO 4088550 --- [main] g.GenomeAnalysisServiceAutoConfiguration : Configured hg38 genome analysis service
2021-06-16 12:43:22.752  INFO 4088550 --- [main] com.zaxxer.hikari.HikariDataSource       : exomiser-phenotype-2007 - Starting...
2021-06-16 12:43:23.559  INFO 4088550 --- [main] com.zaxxer.hikari.HikariDataSource       : exomiser-phenotype-2007 - Start completed.
2021-06-16 12:43:40.276  INFO 4088550 --- [main] o.m.exomiser.cli.config.MainConfig       : Default results directory set to: /mnt/common/WASSERMAN_SOFTWARE/Exomiser/exomiser-cli-12.1.0/results
2021-06-16 12:43:41.458  INFO 4088550 --- [main] org.monarchinitiative.exomiser.cli.Main  : Started Main in 29.185 seconds (JVM running for 32.832)
2021-06-16 12:43:41.464  INFO 4088550 --- [main] o.m.e.cli.ExomiserCommandLineRunner      : Exomiser running...
2021-06-16 12:43:41.608  INFO 4088550 --- [main] o.m.exomiser.core.Exomiser               : Running analysis using hg38 assembly with mode: PASS_ONLY
2021-06-16 12:43:41.613  INFO 4088550 --- [main] o.m.e.c.analysis.AbstractAnalysisRunner  : Starting analysis
2021-06-16 12:43:41.615  INFO 4088550 --- [main] o.m.e.c.analysis.AbstractAnalysisRunner  : Using genome assembly hg38
2021-06-16 12:43:41.650  INFO 4088550 --- [main] o.m.e.c.analysis.AbstractAnalysisRunner  : Checking proband and pedigree for VCF /mnt/scratch/Public/TRAINING/GenomeAnalysisModule/CaseInformation/CaseFiles/Case5/Case5_Merged.vcf.gz
2021-06-16 12:43:41.666  INFO 4088550 --- [main] o.m.e.c.analysis.AbstractAnalysisRunner  : Running analysis for proband proband (sample 1 in VCF) from samples: [proband, mother, father]
2021-06-16 12:43:42.104  INFO 4088550 --- [main] o.m.e.c.analysis.AbstractAnalysisRunner  : Filtering variants with:
2021-06-16 12:43:42.106  INFO 4088550 --- [main] o.m.e.c.analysis.AbstractAnalysisRunner  : VariantEffectFilter{offTargetVariantTypes=[CODING_TRANSCRIPT_INTRON_VARIANT, FIVE_PRIME_UTR_EXON_VARIANT, THREE_PRIME_UTR_EXON_VARIANT, FIVE_PRIME_UTR_INTRON_VARIANT, THREE_PRIME_UTR_INTRON_VARIANT, NON_CODING_TRANSCRIPT_EXON_VARIANT, NON_CODING_TRANSCRIPT_INTRON_VARIANT, UPSTREAM_GENE_VARIANT, DOWNSTREAM_GENE_VARIANT, INTERGENIC_VARIANT, REGULATORY_REGION_VARIANT]}
2021-06-16 12:43:42.108  INFO 4088550 --- [main] o.m.e.c.analysis.AbstractAnalysisRunner  : FrequencyFilter{maxFreq=2.0}
2021-06-16 12:43:42.110  INFO 4088550 --- [main] o.m.e.c.analysis.AbstractAnalysisRunner  : PathogenicityFilter{keepNonPathogenic=true}
2021-06-16 12:43:42.143  INFO 4088550 --- [main] o.m.e.core.genome.VariantFactoryImpl     : Annotating variant records, trimming sequences and normalising positions...
2021-06-16 12:43:47.626  INFO 4088550 --- [main] o.m.e.c.analysis.AbstractAnalysisRunner  : Loaded 100000 variants - 67 passed variant filters...
2021-06-16 12:43:49.579  INFO 4088550 --- [main] o.m.e.c.analysis.AbstractAnalysisRunner  : Loaded 200000 variants - 74 passed variant filters...
2021-06-16 12:43:52.873  INFO 4088550 --- [main] o.m.e.c.analysis.AbstractAnalysisRunner  : Loaded 300000 variants - 144 passed variant filters...
2021-06-16 12:43:55.311  INFO 4088550 --- [main] o.m.e.c.analysis.AbstractAnalysisRunner  : Loaded 400000 variants - 164 passed variant filters...
2021-06-16 12:43:58.248  INFO 4088550 --- [main] o.m.e.c.analysis.AbstractAnalysisRunner  : Loaded 500000 variants - 181 passed variant filters...
2021-06-16 12:44:00.296  INFO 4088550 --- [main] o.m.e.c.analysis.AbstractAnalysisRunner  : Loaded 600000 variants - 188 passed variant filters...
2021-06-16 12:44:02.840  INFO 4088550 --- [main] o.m.e.c.analysis.AbstractAnalysisRunner  : Loaded 700000 variants - 233 passed variant filters...
2021-06-16 12:44:04.930  INFO 4088550 --- [main] o.m.e.c.analysis.AbstractAnalysisRunner  : Loaded 800000 variants - 248 passed variant filters...
2021-06-16 12:44:07.997  INFO 4088550 --- [main] o.m.e.c.analysis.AbstractAnalysisRunner  : Loaded 900000 variants - 310 passed variant filters...
2021-06-16 12:44:09.975  INFO 4088550 --- [main] o.m.e.c.analysis.AbstractAnalysisRunner  : Loaded 1000000 variants - 320 passed variant filters...
2021-06-16 12:44:12.099  INFO 4088550 --- [main] o.m.e.c.analysis.AbstractAnalysisRunner  : Loaded 1100000 variants - 332 passed variant filters...
2021-06-16 12:44:14.378  INFO 4088550 --- [main] o.m.e.c.analysis.AbstractAnalysisRunner  : Loaded 1200000 variants - 350 passed variant filters...
2021-06-16 12:44:16.480  INFO 4088550 --- [main] o.m.e.c.analysis.AbstractAnalysisRunner  : Loaded 1300000 variants - 360 passed variant filters...
2021-06-16 12:44:18.453  INFO 4088550 --- [main] o.m.e.c.analysis.AbstractAnalysisRunner  : Loaded 1400000 variants - 370 passed variant filters...
2021-06-16 12:44:20.635  INFO 4088550 --- [main] o.m.e.c.analysis.AbstractAnalysisRunner  : Loaded 1500000 variants - 390 passed variant filters...
2021-06-16 12:44:22.419  INFO 4088550 --- [main] o.m.e.c.analysis.AbstractAnalysisRunner  : Loaded 1600000 variants - 397 passed variant filters...
2021-06-16 12:44:23.794  INFO 4088550 --- [main] o.m.e.c.analysis.AbstractAnalysisRunner  : Loaded 1700000 variants - 401 passed variant filters...
2021-06-16 12:44:25.937  INFO 4088550 --- [main] o.m.e.c.analysis.AbstractAnalysisRunner  : Loaded 1800000 variants - 425 passed variant filters...
2021-06-16 12:44:27.977  INFO 4088550 --- [main] o.m.e.c.analysis.AbstractAnalysisRunner  : Loaded 1900000 variants - 438 passed variant filters...
2021-06-16 12:44:31.828  INFO 4088550 --- [main] o.m.e.c.analysis.AbstractAnalysisRunner  : Loaded 2000000 variants - 516 passed variant filters...
2021-06-16 12:44:33.987  INFO 4088550 --- [main] o.m.e.c.analysis.AbstractAnalysisRunner  : Loaded 2100000 variants - 537 passed variant filters...
2021-06-16 12:44:36.475  INFO 4088550 --- [main] o.m.e.c.analysis.AbstractAnalysisRunner  : Loaded 2200000 variants - 560 passed variant filters...
2021-06-16 12:44:38.417  INFO 4088550 --- [main] o.m.e.c.analysis.AbstractAnalysisRunner  : Loaded 2300000 variants - 572 passed variant filters...
2021-06-16 12:44:41.225  INFO 4088550 --- [main] o.m.e.c.analysis.AbstractAnalysisRunner  : Loaded 2400000 variants - 600 passed variant filters...
2021-06-16 12:44:43.864  INFO 4088550 --- [main] o.m.e.c.analysis.AbstractAnalysisRunner  : Loaded 2500000 variants - 630 passed variant filters...
2021-06-16 12:44:46.266  INFO 4088550 --- [main] o.m.e.c.analysis.AbstractAnalysisRunner  : Loaded 2600000 variants - 644 passed variant filters...
2021-06-16 12:44:47.844  INFO 4088550 --- [main] o.m.e.c.analysis.AbstractAnalysisRunner  : Loaded 2700000 variants - 646 passed variant filters...
2021-06-16 12:44:51.025  INFO 4088550 --- [main] o.m.e.c.analysis.AbstractAnalysisRunner  : Loaded 2800000 variants - 683 passed variant filters...
2021-06-16 12:44:55.996  INFO 4088550 --- [main] o.m.e.c.analysis.AbstractAnalysisRunner  : Loaded 2900000 variants - 808 passed variant filters...
2021-06-16 12:44:58.064  INFO 4088550 --- [main] o.m.e.c.analysis.AbstractAnalysisRunner  : Loaded 3000000 variants - 821 passed variant filters...
2021-06-16 12:45:00.105  INFO 4088550 --- [main] o.m.e.c.analysis.AbstractAnalysisRunner  : Loaded 3100000 variants - 839 passed variant filters...
2021-06-16 12:45:02.044  INFO 4088550 --- [main] o.m.e.c.analysis.AbstractAnalysisRunner  : Loaded 3200000 variants - 856 passed variant filters...
2021-06-16 12:45:04.162  INFO 4088550 --- [main] o.m.e.c.analysis.AbstractAnalysisRunner  : Loaded 3300000 variants - 868 passed variant filters...
2021-06-16 12:45:06.510  INFO 4088550 --- [main] o.m.e.c.analysis.AbstractAnalysisRunner  : Loaded 3400000 variants - 886 passed variant filters...
2021-06-16 12:45:08.459  INFO 4088550 --- [main] o.m.e.c.analysis.AbstractAnalysisRunner  : Loaded 3500000 variants - 902 passed variant filters...
2021-06-16 12:45:10.215  INFO 4088550 --- [main] o.m.e.c.analysis.AbstractAnalysisRunner  : Loaded 3600000 variants - 924 passed variant filters...
2021-06-16 12:45:13.215  INFO 4088550 --- [main] o.m.e.c.analysis.AbstractAnalysisRunner  : Loaded 3700000 variants - 989 passed variant filters...
2021-06-16 12:45:15.184  INFO 4088550 --- [main] o.m.e.c.analysis.AbstractAnalysisRunner  : Loaded 3800000 variants - 1000 passed variant filters...
2021-06-16 12:45:17.443  INFO 4088550 --- [main] o.m.e.c.analysis.AbstractAnalysisRunner  : Loaded 3900000 variants - 1013 passed variant filters...
2021-06-16 12:45:19.223  INFO 4088550 --- [main] o.m.e.c.analysis.AbstractAnalysisRunner  : Loaded 4000000 variants - 1030 passed variant filters...
2021-06-16 12:45:21.347  INFO 4088550 --- [main] o.m.e.c.analysis.AbstractAnalysisRunner  : Loaded 4100000 variants - 1045 passed variant filters...
2021-06-16 12:45:23.617  INFO 4088550 --- [main] o.m.e.c.analysis.AbstractAnalysisRunner  : Loaded 4200000 variants - 1062 passed variant filters...
2021-06-16 12:45:25.321  INFO 4088550 --- [main] o.m.e.c.analysis.AbstractAnalysisRunner  : Loaded 4300000 variants - 1071 passed variant filters...
2021-06-16 12:45:27.505  INFO 4088550 --- [main] o.m.e.c.analysis.AbstractAnalysisRunner  : Loaded 4400000 variants - 1085 passed variant filters...
2021-06-16 12:45:29.753  INFO 4088550 --- [main] o.m.e.c.analysis.AbstractAnalysisRunner  : Loaded 4500000 variants - 1093 passed variant filters...
2021-06-16 12:45:31.368  INFO 4088550 --- [main] o.m.e.c.analysis.AbstractAnalysisRunner  : Loaded 4600000 variants - 1100 passed variant filters...
2021-06-16 12:45:32.746  INFO 4088550 --- [main] o.m.e.c.analysis.AbstractAnalysisRunner  : Loaded 4700000 variants - 1104 passed variant filters...
2021-06-16 12:45:34.472  INFO 4088550 --- [main] o.m.e.c.analysis.AbstractAnalysisRunner  : Loaded 4800000 variants - 1109 passed variant filters...
2021-06-16 12:45:40.722  INFO 4088550 --- [main] o.m.e.c.analysis.AbstractAnalysisRunner  : Loaded 4900000 variants - 1119 passed variant filters...
2021-06-16 12:45:44.560  INFO 4088550 --- [main] o.m.e.c.analysis.AbstractAnalysisRunner  : Loaded 5000000 variants - 1135 passed variant filters...
2021-06-16 12:45:46.264  INFO 4088550 --- [main] o.m.e.c.analysis.AbstractAnalysisRunner  : Loaded 5100000 variants - 1146 passed variant filters...
2021-06-16 12:45:48.582  INFO 4088550 --- [main] o.m.e.c.analysis.AbstractAnalysisRunner  : Loaded 5200000 variants - 1162 passed variant filters...
2021-06-16 12:45:50.358  INFO 4088550 --- [main] o.m.e.c.analysis.AbstractAnalysisRunner  : Loaded 5300000 variants - 1166 passed variant filters...
2021-06-16 12:45:52.059  INFO 4088550 --- [main] o.m.e.c.analysis.AbstractAnalysisRunner  : Loaded 5400000 variants - 1175 passed variant filters...
2021-06-16 12:45:54.080  INFO 4088550 --- [main] o.m.e.c.analysis.AbstractAnalysisRunner  : Loaded 5500000 variants - 1183 passed variant filters...
2021-06-16 12:45:55.877  INFO 4088550 --- [main] o.m.e.c.analysis.AbstractAnalysisRunner  : Loaded 5600000 variants - 1192 passed variant filters...
2021-06-16 12:45:57.873  INFO 4088550 --- [main] o.m.e.c.analysis.AbstractAnalysisRunner  : Loaded 5700000 variants - 1215 passed variant filters...
2021-06-16 12:46:01.264  INFO 4088550 --- [main] o.m.e.c.analysis.AbstractAnalysisRunner  : Loaded 5800000 variants - 1275 passed variant filters...
2021-06-16 12:46:03.780  INFO 4088550 --- [main] o.m.e.c.analysis.AbstractAnalysisRunner  : Loaded 5900000 variants - 1291 passed variant filters...
2021-06-16 12:46:05.601  INFO 4088550 --- [main] o.m.e.c.analysis.AbstractAnalysisRunner  : Loaded 6000000 variants - 1297 passed variant filters...
2021-06-16 12:46:07.182  INFO 4088550 --- [main] o.m.e.c.analysis.AbstractAnalysisRunner  : Loaded 6100000 variants - 1302 passed variant filters...
2021-06-16 12:46:09.468  INFO 4088550 --- [main] o.m.e.c.analysis.AbstractAnalysisRunner  : Loaded 6200000 variants - 1323 passed variant filters...
2021-06-16 12:46:11.497  INFO 4088550 --- [main] o.m.e.c.analysis.AbstractAnalysisRunner  : Loaded 6300000 variants - 1347 passed variant filters...
2021-06-16 12:46:13.513  INFO 4088550 --- [main] o.m.e.c.analysis.AbstractAnalysisRunner  : Loaded 6400000 variants - 1373 passed variant filters...
2021-06-16 12:46:15.928  INFO 4088550 --- [main] o.m.e.c.analysis.AbstractAnalysisRunner  : Loaded 6500000 variants - 1398 passed variant filters...
2021-06-16 12:46:17.957  INFO 4088550 --- [main] o.m.e.c.analysis.AbstractAnalysisRunner  : Loaded 6600000 variants - 1417 passed variant filters...
2021-06-16 12:46:19.947  INFO 4088550 --- [main] o.m.e.c.analysis.AbstractAnalysisRunner  : Loaded 6700000 variants - 1446 passed variant filters...
2021-06-16 12:46:20.128  INFO 4088550 --- [main] o.m.e.core.genome.VariantFactoryImpl     : Processed 6472435 variant records into 6686129 single allele variants, 39180 are missing annotations, most likely due to non-numeric chromosome designations
2021-06-16 12:46:20.130  INFO 4088550 --- [main] o.m.e.core.genome.VariantFactoryImpl     : Variant annotation finished in 2m 37s 985ms (157985 ms)
2021-06-16 12:46:20.132  INFO 4088550 --- [main] o.m.e.c.analysis.AbstractAnalysisRunner  : Loaded 6725309 variants - 1446 passed variant filters
2021-06-16 12:46:20.145  INFO 4088550 --- [main] o.m.e.c.analysis.AbstractAnalysisRunner  : Checking inheritance mode compatibility with [AUTOSOMAL_DOMINANT, AUTOSOMAL_RECESSIVE, X_RECESSIVE, X_DOMINANT, MITOCHONDRIAL] for genes which passed filters
2021-06-16 12:46:20.426  INFO 4088550 --- [main] o.m.e.c.analysis.AbstractAnalysisRunner  : Running GeneFilter: InheritanceFilter{compatibleModes=[AUTOSOMAL_DOMINANT, AUTOSOMAL_RECESSIVE, X_RECESSIVE, X_DOMINANT, MITOCHONDRIAL]}
2021-06-16 12:46:20.474  INFO 4088550 --- [main] o.m.e.c.analysis.AbstractAnalysisRunner  : Running Prioritiser: OmimPrioritiser{}
2021-06-16 12:46:20.939  INFO 4088550 --- [main] o.m.e.c.analysis.AbstractAnalysisRunner  : Running Prioritiser: HiPhivePriority{options=HiPhiveOptions{diseaseId='', candidateGeneSymbol='', benchmarkingEnabled=false, runPpi=true, runHuman=true, runMouse=true, runFish=true}}
2021-06-16 12:46:23.932  INFO 4088550 --- [main] o.m.e.c.analysis.AbstractAnalysisRunner  : Scoring genes
2021-06-16 12:46:23.977  INFO 4088550 --- [main] o.m.e.c.analysis.AbstractAnalysisRunner  : Analysed 90 genes containing 161 filtered variants
2021-06-16 12:46:23.978  INFO 4088550 --- [main] o.m.e.c.analysis.AbstractAnalysisRunner  : Variant filter stats are:
2021-06-16 12:46:23.981  INFO 4088550 --- [main] o.m.e.c.analysis.AbstractAnalysisRunner  : VARIANT_EFFECT_FILTER: pass=27912 fail=4828788
2021-06-16 12:46:23.982  INFO 4088550 --- [main] o.m.e.c.analysis.AbstractAnalysisRunner  : FREQUENCY_FILTER: pass=1446 fail=26466
2021-06-16 12:46:23.984  INFO 4088550 --- [main] o.m.e.c.analysis.AbstractAnalysisRunner  : PATHOGENICITY_FILTER: pass=1446 fail=0
2021-06-16 12:46:23.985  INFO 4088550 --- [main] o.m.e.c.analysis.AbstractAnalysisRunner  : INHERITANCE_FILTER: pass=161 fail=1285
2021-06-16 12:46:23.987  INFO 4088550 --- [main] o.m.e.c.analysis.AbstractAnalysisRunner  : Creating analysis results from VCF /mnt/scratch/Public/TRAINING/GenomeAnalysisModule/CaseInformation/CaseFiles/Case5/Case5_Merged.vcf.gz
2021-06-16 12:46:23.989  INFO 4088550 --- [main] o.m.e.c.analysis.AbstractAnalysisRunner  : Finished analysis in 2m 42s 322ms (162322 ms)
2021-06-16 12:46:23.991  INFO 4088550 --- [main] o.m.e.c.writers.AnalysisResultsWriter    : Writing results...
2021-06-16 12:46:25.189  INFO 4088550 --- [main] com.zaxxer.hikari.HikariDataSource       : exomiser-phenotype-2007 - Shutdown initiated...
2021-06-16 12:46:25.197  INFO 4088550 --- [main] com.zaxxer.hikari.HikariDataSource       : exomiser-phenotype-2007 - Shutdown completed.
2021-06-16 12:46:25.199  INFO 4088550 --- [main] org.monarchinitiative.exomiser.cli.Main  : Exomising finished - Bye!
