2021-06-16 12:43:08.966  INFO 4088353 --- [main] org.monarchinitiative.exomiser.cli.Main  : Starting Main on gpcc-node03 with PID 4088353 (/mnt/common/WASSERMAN_SOFTWARE/Exomiser/exomiser-cli-12.1.0/exomiser-cli-12.1.0.jar started by prichmond in /mnt/scratch/Public/TRAINING/GenomeAnalysisModule/CaseInformation/Exomiser/Case4)
2021-06-16 12:43:09.053  INFO 4088353 --- [main] org.monarchinitiative.exomiser.cli.Main  : No active profile set, falling back to default profiles: default
2021-06-16 12:43:10.636  INFO 4088353 --- [main] o.m.exomiser.cli.config.MainConfig       : Exomiser home: /mnt/common/WASSERMAN_SOFTWARE/Exomiser/exomiser-cli-12.1.0
2021-06-16 12:43:10.730  INFO 4088353 --- [main] o.m.exomiser.cli.config.MainConfig       : Data source directory defined in properties as: /mnt/common/WASSERMAN_SOFTWARE/Exomiser/exomiser-cli-12.1.0/data/
2021-06-16 12:43:10.936  INFO 4088353 --- [main] o.m.exomiser.cli.config.MainConfig       : Root data source directory set to: /mnt/common/WASSERMAN_SOFTWARE/Exomiser/exomiser-cli-12.1.0/data
2021-06-16 12:43:10.947  INFO 4088353 --- [main] com.zaxxer.hikari.HikariDataSource       : exomiser-genome-hg38-2007 - Starting...
2021-06-16 12:43:11.538  INFO 4088353 --- [main] com.zaxxer.hikari.HikariDataSource       : exomiser-genome-hg38-2007 - Start completed.
2021-06-16 12:43:11.557  INFO 4088353 --- [main] o.m.e.c.g.j.JannovarDataProtoSerialiser  : Deserialising Jannovar data from /mnt/common/WASSERMAN_SOFTWARE/Exomiser/exomiser-cli-12.1.0/data/2007_hg38/2007_hg38_transcripts_ensembl.ser
2021-06-16 12:43:13.477  INFO 4088353 --- [main] o.m.e.c.g.j.JannovarDataProtoSerialiser  : Deserialisation took 1.65 sec.
2021-06-16 12:43:18.291  INFO 4088353 --- [main] o.m.e.a.genome.GenomeDataSourceLoader    : Loading variant whitelist from: /mnt/common/WASSERMAN_SOFTWARE/Exomiser/exomiser-cli-12.1.0/data/2007_hg38/2007_hg38_clinvar_whitelist.tsv.gz
2021-06-16 12:43:19.005  INFO 4088353 --- [main] o.m.e.a.genome.GenomeDataSourceLoader    : Loaded 92488 variants into whitelist
2021-06-16 12:43:19.199  WARN 4088353 --- [main] o.m.e.a.genome.GenomeDataSourceLoader    : Data for LOCAL is not configured. THIS WILL LEAD TO ERRORS IF REQUIRED DURING ANALYSIS. Check the application.properties is pointing to a valid file.
2021-06-16 12:43:19.275  INFO 4088353 --- [main] o.m.e.a.genome.GenomeDataSourceLoader    : Opening CADD snv data from source: /mnt/common/DATABASES/REFERENCES/GRCh38/CADD/V1.4/whole_genome_SNVs.tsv.gz
2021-06-16 12:43:19.891  INFO 4088353 --- [main] o.m.e.a.genome.GenomeDataSourceLoader    : Opening CADD InDel data from source: /mnt/common/DATABASES/REFERENCES/GRCh38/CADD/V1.4/InDels.tsv.gz
2021-06-16 12:43:21.011  WARN 4088353 --- [main] o.m.e.a.genome.GenomeDataSourceLoader    : Data for REMM is not configured. THIS WILL LEAD TO ERRORS IF REQUIRED DURING ANALYSIS. Check the application.properties is pointing to a valid file.
2021-06-16 12:43:21.103  WARN 4088353 --- [main] o.m.e.a.genome.GenomeDataSourceLoader    : Data for TEST is not configured. THIS WILL LEAD TO ERRORS IF REQUIRED DURING ANALYSIS. Check the application.properties is pointing to a valid file.
2021-06-16 12:43:21.555  INFO 4088353 --- [main] g.GenomeAnalysisServiceAutoConfiguration : Configured hg38 genome analysis service
2021-06-16 12:43:21.583  INFO 4088353 --- [main] com.zaxxer.hikari.HikariDataSource       : exomiser-phenotype-2007 - Starting...
2021-06-16 12:43:21.609  INFO 4088353 --- [main] com.zaxxer.hikari.HikariDataSource       : exomiser-phenotype-2007 - Start completed.
2021-06-16 12:43:40.266  INFO 4088353 --- [main] o.m.exomiser.cli.config.MainConfig       : Default results directory set to: /mnt/common/WASSERMAN_SOFTWARE/Exomiser/exomiser-cli-12.1.0/results
2021-06-16 12:43:40.828  INFO 4088353 --- [main] org.monarchinitiative.exomiser.cli.Main  : Started Main in 32.378 seconds (JVM running for 35.755)
2021-06-16 12:43:40.833  INFO 4088353 --- [main] o.m.e.cli.ExomiserCommandLineRunner      : Exomiser running...
2021-06-16 12:43:40.955  INFO 4088353 --- [main] o.m.exomiser.core.Exomiser               : Running analysis using hg38 assembly with mode: PASS_ONLY
2021-06-16 12:43:40.960  INFO 4088353 --- [main] o.m.e.c.analysis.AbstractAnalysisRunner  : Starting analysis
2021-06-16 12:43:40.961  INFO 4088353 --- [main] o.m.e.c.analysis.AbstractAnalysisRunner  : Using genome assembly hg38
2021-06-16 12:43:40.992  INFO 4088353 --- [main] o.m.e.c.analysis.AbstractAnalysisRunner  : Checking proband and pedigree for VCF /mnt/scratch/Public/TRAINING/GenomeAnalysisModule/CaseInformation/CaseFiles/Case4/Case4_Merged.vcf.gz
2021-06-16 12:43:41.006  INFO 4088353 --- [main] o.m.e.c.analysis.AbstractAnalysisRunner  : Running analysis for proband proband (sample 1 in VCF) from samples: [proband, mother, father]
2021-06-16 12:43:41.478  INFO 4088353 --- [main] o.m.e.c.analysis.AbstractAnalysisRunner  : Filtering variants with:
2021-06-16 12:43:41.480  INFO 4088353 --- [main] o.m.e.c.analysis.AbstractAnalysisRunner  : VariantEffectFilter{offTargetVariantTypes=[CODING_TRANSCRIPT_INTRON_VARIANT, FIVE_PRIME_UTR_EXON_VARIANT, THREE_PRIME_UTR_EXON_VARIANT, FIVE_PRIME_UTR_INTRON_VARIANT, THREE_PRIME_UTR_INTRON_VARIANT, NON_CODING_TRANSCRIPT_EXON_VARIANT, NON_CODING_TRANSCRIPT_INTRON_VARIANT, UPSTREAM_GENE_VARIANT, DOWNSTREAM_GENE_VARIANT, INTERGENIC_VARIANT, REGULATORY_REGION_VARIANT]}
2021-06-16 12:43:41.482  INFO 4088353 --- [main] o.m.e.c.analysis.AbstractAnalysisRunner  : FrequencyFilter{maxFreq=2.0}
2021-06-16 12:43:41.483  INFO 4088353 --- [main] o.m.e.c.analysis.AbstractAnalysisRunner  : PathogenicityFilter{keepNonPathogenic=true}
2021-06-16 12:43:41.509  INFO 4088353 --- [main] o.m.e.core.genome.VariantFactoryImpl     : Annotating variant records, trimming sequences and normalising positions...
2021-06-16 12:43:46.986  INFO 4088353 --- [main] o.m.e.c.analysis.AbstractAnalysisRunner  : Loaded 100000 variants - 91 passed variant filters...
2021-06-16 12:43:49.454  INFO 4088353 --- [main] o.m.e.c.analysis.AbstractAnalysisRunner  : Loaded 200000 variants - 128 passed variant filters...
2021-06-16 12:43:51.288  INFO 4088353 --- [main] o.m.e.c.analysis.AbstractAnalysisRunner  : Loaded 300000 variants - 145 passed variant filters...
2021-06-16 12:43:55.454  INFO 4088353 --- [main] o.m.e.c.analysis.AbstractAnalysisRunner  : Loaded 400000 variants - 257 passed variant filters...
2021-06-16 12:43:57.404  INFO 4088353 --- [main] o.m.e.c.analysis.AbstractAnalysisRunner  : Loaded 500000 variants - 274 passed variant filters...
2021-06-16 12:43:59.795  INFO 4088353 --- [main] o.m.e.c.analysis.AbstractAnalysisRunner  : Loaded 600000 variants - 305 passed variant filters...
2021-06-16 12:44:01.866  INFO 4088353 --- [main] o.m.e.c.analysis.AbstractAnalysisRunner  : Loaded 700000 variants - 328 passed variant filters...
2021-06-16 12:44:03.618  INFO 4088353 --- [main] o.m.e.c.analysis.AbstractAnalysisRunner  : Loaded 800000 variants - 340 passed variant filters...
2021-06-16 12:44:06.645  INFO 4088353 --- [main] o.m.e.c.analysis.AbstractAnalysisRunner  : Loaded 900000 variants - 391 passed variant filters...
2021-06-16 12:44:08.643  INFO 4088353 --- [main] o.m.e.c.analysis.AbstractAnalysisRunner  : Loaded 1000000 variants - 417 passed variant filters...
2021-06-16 12:44:12.212  INFO 4088353 --- [main] o.m.e.c.analysis.AbstractAnalysisRunner  : Loaded 1100000 variants - 497 passed variant filters...
2021-06-16 12:44:14.230  INFO 4088353 --- [main] o.m.e.c.analysis.AbstractAnalysisRunner  : Loaded 1200000 variants - 518 passed variant filters...
2021-06-16 12:44:16.888  INFO 4088353 --- [main] o.m.e.c.analysis.AbstractAnalysisRunner  : Loaded 1300000 variants - 569 passed variant filters...
2021-06-16 12:44:18.759  INFO 4088353 --- [main] o.m.e.c.analysis.AbstractAnalysisRunner  : Loaded 1400000 variants - 580 passed variant filters...
2021-06-16 12:44:21.500  INFO 4088353 --- [main] o.m.e.c.analysis.AbstractAnalysisRunner  : Loaded 1500000 variants - 625 passed variant filters...
2021-06-16 12:44:23.445  INFO 4088353 --- [main] o.m.e.c.analysis.AbstractAnalysisRunner  : Loaded 1600000 variants - 647 passed variant filters...
2021-06-16 12:44:25.813  INFO 4088353 --- [main] o.m.e.c.analysis.AbstractAnalysisRunner  : Loaded 1700000 variants - 687 passed variant filters...
2021-06-16 12:44:27.661  INFO 4088353 --- [main] o.m.e.c.analysis.AbstractAnalysisRunner  : Loaded 1800000 variants - 706 passed variant filters...
2021-06-16 12:44:29.637  INFO 4088353 --- [main] o.m.e.c.analysis.AbstractAnalysisRunner  : Loaded 1900000 variants - 729 passed variant filters...
2021-06-16 12:44:31.297  INFO 4088353 --- [main] o.m.e.c.analysis.AbstractAnalysisRunner  : Loaded 2000000 variants - 741 passed variant filters...
2021-06-16 12:44:32.571  INFO 4088353 --- [main] o.m.e.c.analysis.AbstractAnalysisRunner  : Loaded 2100000 variants - 747 passed variant filters...
2021-06-16 12:44:35.441  INFO 4088353 --- [main] o.m.e.c.analysis.AbstractAnalysisRunner  : Loaded 2200000 variants - 811 passed variant filters...
2021-06-16 12:44:37.252  INFO 4088353 --- [main] o.m.e.c.analysis.AbstractAnalysisRunner  : Loaded 2300000 variants - 826 passed variant filters...
2021-06-16 12:44:39.095  INFO 4088353 --- [main] o.m.e.c.analysis.AbstractAnalysisRunner  : Loaded 2400000 variants - 845 passed variant filters...
2021-06-16 12:44:42.587  INFO 4088353 --- [main] o.m.e.c.analysis.AbstractAnalysisRunner  : Loaded 2500000 variants - 938 passed variant filters...
2021-06-16 12:44:44.903  INFO 4088353 --- [main] o.m.e.c.analysis.AbstractAnalysisRunner  : Loaded 2600000 variants - 971 passed variant filters...
2021-06-16 12:44:47.800  INFO 4088353 --- [main] o.m.e.c.analysis.AbstractAnalysisRunner  : Loaded 2700000 variants - 1023 passed variant filters...
2021-06-16 12:44:50.233  INFO 4088353 --- [main] o.m.e.c.analysis.AbstractAnalysisRunner  : Loaded 2800000 variants - 1058 passed variant filters...
2021-06-16 12:44:52.427  INFO 4088353 --- [main] o.m.e.c.analysis.AbstractAnalysisRunner  : Loaded 2900000 variants - 1083 passed variant filters...
2021-06-16 12:44:55.085  INFO 4088353 --- [main] o.m.e.c.analysis.AbstractAnalysisRunner  : Loaded 3000000 variants - 1124 passed variant filters...
2021-06-16 12:44:57.876  INFO 4088353 --- [main] o.m.e.c.analysis.AbstractAnalysisRunner  : Loaded 3100000 variants - 1180 passed variant filters...
2021-06-16 12:45:00.653  INFO 4088353 --- [main] o.m.e.c.analysis.AbstractAnalysisRunner  : Loaded 3200000 variants - 1224 passed variant filters...
2021-06-16 12:45:02.299  INFO 4088353 --- [main] o.m.e.c.analysis.AbstractAnalysisRunner  : Loaded 3300000 variants - 1238 passed variant filters...
2021-06-16 12:45:04.078  INFO 4088353 --- [main] o.m.e.c.analysis.AbstractAnalysisRunner  : Loaded 3400000 variants - 1255 passed variant filters...
2021-06-16 12:45:07.631  INFO 4088353 --- [main] o.m.e.c.analysis.AbstractAnalysisRunner  : Loaded 3500000 variants - 1326 passed variant filters...
2021-06-16 12:45:12.751  INFO 4088353 --- [main] o.m.e.c.analysis.AbstractAnalysisRunner  : Loaded 3600000 variants - 1466 passed variant filters...
2021-06-16 12:45:15.278  INFO 4088353 --- [main] o.m.e.c.analysis.AbstractAnalysisRunner  : Loaded 3700000 variants - 1521 passed variant filters...
2021-06-16 12:45:17.165  INFO 4088353 --- [main] o.m.e.c.analysis.AbstractAnalysisRunner  : Loaded 3800000 variants - 1543 passed variant filters...
2021-06-16 12:45:19.281  INFO 4088353 --- [main] o.m.e.c.analysis.AbstractAnalysisRunner  : Loaded 3900000 variants - 1578 passed variant filters...
2021-06-16 12:45:21.327  INFO 4088353 --- [main] o.m.e.c.analysis.AbstractAnalysisRunner  : Loaded 4000000 variants - 1608 passed variant filters...
2021-06-16 12:45:23.236  INFO 4088353 --- [main] o.m.e.c.analysis.AbstractAnalysisRunner  : Loaded 4100000 variants - 1621 passed variant filters...
2021-06-16 12:45:25.258  INFO 4088353 --- [main] o.m.e.c.analysis.AbstractAnalysisRunner  : Loaded 4200000 variants - 1640 passed variant filters...
2021-06-16 12:45:27.837  INFO 4088353 --- [main] o.m.e.c.analysis.AbstractAnalysisRunner  : Loaded 4300000 variants - 1684 passed variant filters...
2021-06-16 12:45:29.797  INFO 4088353 --- [main] o.m.e.c.analysis.AbstractAnalysisRunner  : Loaded 4400000 variants - 1710 passed variant filters...
2021-06-16 12:45:32.369  INFO 4088353 --- [main] o.m.e.c.analysis.AbstractAnalysisRunner  : Loaded 4500000 variants - 1761 passed variant filters...
2021-06-16 12:45:34.037  INFO 4088353 --- [main] o.m.e.c.analysis.AbstractAnalysisRunner  : Loaded 4600000 variants - 1773 passed variant filters...
2021-06-16 12:45:44.019  INFO 4088353 --- [main] o.m.e.c.analysis.AbstractAnalysisRunner  : Loaded 4700000 variants - 1879 passed variant filters...
2021-06-16 12:45:46.716  INFO 4088353 --- [main] o.m.e.c.analysis.AbstractAnalysisRunner  : Loaded 4800000 variants - 1921 passed variant filters...
2021-06-16 12:45:48.970  INFO 4088353 --- [main] o.m.e.c.analysis.AbstractAnalysisRunner  : Loaded 4900000 variants - 1946 passed variant filters...
2021-06-16 12:45:51.474  INFO 4088353 --- [main] o.m.e.c.analysis.AbstractAnalysisRunner  : Loaded 5000000 variants - 1977 passed variant filters...
2021-06-16 12:45:53.053  INFO 4088353 --- [main] o.m.e.c.analysis.AbstractAnalysisRunner  : Loaded 5100000 variants - 1990 passed variant filters...
2021-06-16 12:45:55.219  INFO 4088353 --- [main] o.m.e.c.analysis.AbstractAnalysisRunner  : Loaded 5200000 variants - 2018 passed variant filters...
2021-06-16 12:45:56.920  INFO 4088353 --- [main] o.m.e.c.analysis.AbstractAnalysisRunner  : Loaded 5300000 variants - 2029 passed variant filters...
2021-06-16 12:46:00.076  INFO 4088353 --- [main] o.m.e.c.analysis.AbstractAnalysisRunner  : Loaded 5400000 variants - 2081 passed variant filters...
2021-06-16 12:46:01.861  INFO 4088353 --- [main] o.m.e.c.analysis.AbstractAnalysisRunner  : Loaded 5500000 variants - 2094 passed variant filters...
2021-06-16 12:46:03.787  INFO 4088353 --- [main] o.m.e.c.analysis.AbstractAnalysisRunner  : Loaded 5600000 variants - 2111 passed variant filters...
2021-06-16 12:46:06.567  INFO 4088353 --- [main] o.m.e.c.analysis.AbstractAnalysisRunner  : Loaded 5700000 variants - 2125 passed variant filters...
2021-06-16 12:46:08.216  INFO 4088353 --- [main] o.m.e.c.analysis.AbstractAnalysisRunner  : Loaded 5800000 variants - 2139 passed variant filters...
2021-06-16 12:46:09.697  INFO 4088353 --- [main] o.m.e.c.analysis.AbstractAnalysisRunner  : Loaded 5900000 variants - 2147 passed variant filters...
2021-06-16 12:46:11.354  INFO 4088353 --- [main] o.m.e.c.analysis.AbstractAnalysisRunner  : Loaded 6000000 variants - 2159 passed variant filters...
2021-06-16 12:46:13.071  INFO 4088353 --- [main] o.m.e.c.analysis.AbstractAnalysisRunner  : Loaded 6100000 variants - 2175 passed variant filters...
2021-06-16 12:46:14.751  INFO 4088353 --- [main] o.m.e.c.analysis.AbstractAnalysisRunner  : Loaded 6200000 variants - 2182 passed variant filters...
2021-06-16 12:46:16.226  INFO 4088353 --- [main] o.m.e.c.analysis.AbstractAnalysisRunner  : Loaded 6300000 variants - 2192 passed variant filters...
2021-06-16 12:46:18.453  INFO 4088353 --- [main] o.m.e.c.analysis.AbstractAnalysisRunner  : Loaded 6400000 variants - 2220 passed variant filters...
2021-06-16 12:46:20.375  INFO 4088353 --- [main] o.m.e.c.analysis.AbstractAnalysisRunner  : Loaded 6500000 variants - 2249 passed variant filters...
2021-06-16 12:46:23.203  INFO 4088353 --- [main] o.m.e.c.analysis.AbstractAnalysisRunner  : Loaded 6600000 variants - 2289 passed variant filters...
2021-06-16 12:46:25.060  INFO 4088353 --- [main] o.m.e.c.analysis.AbstractAnalysisRunner  : Loaded 6700000 variants - 2301 passed variant filters...
2021-06-16 12:46:26.941  INFO 4088353 --- [main] o.m.e.c.analysis.AbstractAnalysisRunner  : Loaded 6800000 variants - 2314 passed variant filters...
2021-06-16 12:46:29.085  INFO 4088353 --- [main] o.m.e.c.analysis.AbstractAnalysisRunner  : Loaded 6900000 variants - 2335 passed variant filters...
2021-06-16 12:46:31.266  INFO 4088353 --- [main] o.m.e.c.analysis.AbstractAnalysisRunner  : Loaded 7000000 variants - 2363 passed variant filters...
2021-06-16 12:46:33.702  INFO 4088353 --- [main] o.m.e.c.analysis.AbstractAnalysisRunner  : Loaded 7100000 variants - 2385 passed variant filters...
2021-06-16 12:46:35.039  INFO 4088353 --- [main] o.m.e.c.analysis.AbstractAnalysisRunner  : Loaded 7200000 variants - 2393 passed variant filters...
2021-06-16 12:46:38.658  INFO 4088353 --- [main] o.m.e.c.analysis.AbstractAnalysisRunner  : Loaded 7300000 variants - 2475 passed variant filters...
2021-06-16 12:46:40.954  INFO 4088353 --- [main] o.m.e.c.analysis.AbstractAnalysisRunner  : Loaded 7400000 variants - 2512 passed variant filters...
2021-06-16 12:46:43.456  INFO 4088353 --- [main] o.m.e.c.analysis.AbstractAnalysisRunner  : Loaded 7500000 variants - 2531 passed variant filters...
2021-06-16 12:46:45.421  INFO 4088353 --- [main] o.m.e.c.analysis.AbstractAnalysisRunner  : Loaded 7600000 variants - 2548 passed variant filters...
2021-06-16 12:46:46.947  INFO 4088353 --- [main] o.m.e.c.analysis.AbstractAnalysisRunner  : Loaded 7700000 variants - 2559 passed variant filters...
2021-06-16 12:46:48.596  INFO 4088353 --- [main] o.m.e.c.analysis.AbstractAnalysisRunner  : Loaded 7800000 variants - 2579 passed variant filters...
2021-06-16 12:46:50.291  INFO 4088353 --- [main] o.m.e.c.analysis.AbstractAnalysisRunner  : Loaded 7900000 variants - 2588 passed variant filters...
2021-06-16 12:46:52.233  INFO 4088353 --- [main] o.m.e.c.analysis.AbstractAnalysisRunner  : Loaded 8000000 variants - 2611 passed variant filters...
2021-06-16 12:46:54.345  INFO 4088353 --- [main] o.m.e.c.analysis.AbstractAnalysisRunner  : Loaded 8100000 variants - 2650 passed variant filters...
2021-06-16 12:46:56.135  INFO 4088353 --- [main] o.m.e.c.analysis.AbstractAnalysisRunner  : Loaded 8200000 variants - 2677 passed variant filters...
2021-06-16 12:46:58.758  INFO 4088353 --- [main] o.m.e.c.analysis.AbstractAnalysisRunner  : Loaded 8300000 variants - 2727 passed variant filters...
2021-06-16 12:47:00.689  INFO 4088353 --- [main] o.m.e.c.analysis.AbstractAnalysisRunner  : Loaded 8400000 variants - 2751 passed variant filters...
2021-06-16 12:47:02.051  INFO 4088353 --- [main] o.m.e.c.analysis.AbstractAnalysisRunner  : Loaded 8500000 variants - 2759 passed variant filters...
2021-06-16 12:47:03.580  INFO 4088353 --- [main] o.m.e.c.analysis.AbstractAnalysisRunner  : Loaded 8600000 variants - 2783 passed variant filters...
2021-06-16 12:47:03.745  INFO 4088353 --- [main] o.m.e.core.genome.VariantFactoryImpl     : Processed 8234259 variant records into 8580756 single allele variants, 44612 are missing annotations, most likely due to non-numeric chromosome designations
2021-06-16 12:47:03.747  INFO 4088353 --- [main] o.m.e.core.genome.VariantFactoryImpl     : Variant annotation finished in 3m 22s 236ms (202236 ms)
2021-06-16 12:47:03.748  INFO 4088353 --- [main] o.m.e.c.analysis.AbstractAnalysisRunner  : Loaded 8625368 variants - 2783 passed variant filters
2021-06-16 12:47:03.762  INFO 4088353 --- [main] o.m.e.c.analysis.AbstractAnalysisRunner  : Checking inheritance mode compatibility with [AUTOSOMAL_DOMINANT, AUTOSOMAL_RECESSIVE, X_RECESSIVE, X_DOMINANT, MITOCHONDRIAL] for genes which passed filters
2021-06-16 12:47:04.046  INFO 4088353 --- [main] o.m.e.c.analysis.AbstractAnalysisRunner  : Running GeneFilter: InheritanceFilter{compatibleModes=[AUTOSOMAL_DOMINANT, AUTOSOMAL_RECESSIVE, X_RECESSIVE, X_DOMINANT, MITOCHONDRIAL]}
2021-06-16 12:47:04.091  INFO 4088353 --- [main] o.m.e.c.analysis.AbstractAnalysisRunner  : Running Prioritiser: OmimPrioritiser{}
2021-06-16 12:47:04.564  INFO 4088353 --- [main] o.m.e.c.analysis.AbstractAnalysisRunner  : Running Prioritiser: HiPhivePriority{options=HiPhiveOptions{diseaseId='', candidateGeneSymbol='', benchmarkingEnabled=false, runPpi=true, runHuman=true, runMouse=true, runFish=true}}
2021-06-16 12:47:07.523  INFO 4088353 --- [main] o.m.e.c.analysis.AbstractAnalysisRunner  : Scoring genes
2021-06-16 12:47:07.586  INFO 4088353 --- [main] o.m.e.c.analysis.AbstractAnalysisRunner  : Analysed 196 genes containing 385 filtered variants
2021-06-16 12:47:07.587  INFO 4088353 --- [main] o.m.e.c.analysis.AbstractAnalysisRunner  : Variant filter stats are:
2021-06-16 12:47:07.590  INFO 4088353 --- [main] o.m.e.c.analysis.AbstractAnalysisRunner  : VARIANT_EFFECT_FILTER: pass=33933 fail=5826905
2021-06-16 12:47:07.592  INFO 4088353 --- [main] o.m.e.c.analysis.AbstractAnalysisRunner  : FREQUENCY_FILTER: pass=2783 fail=31150
2021-06-16 12:47:07.594  INFO 4088353 --- [main] o.m.e.c.analysis.AbstractAnalysisRunner  : PATHOGENICITY_FILTER: pass=2783 fail=0
2021-06-16 12:47:07.595  INFO 4088353 --- [main] o.m.e.c.analysis.AbstractAnalysisRunner  : INHERITANCE_FILTER: pass=385 fail=2398
2021-06-16 12:47:07.596  INFO 4088353 --- [main] o.m.e.c.analysis.AbstractAnalysisRunner  : Creating analysis results from VCF /mnt/scratch/Public/TRAINING/GenomeAnalysisModule/CaseInformation/CaseFiles/Case4/Case4_Merged.vcf.gz
2021-06-16 12:47:07.598  INFO 4088353 --- [main] o.m.e.c.analysis.AbstractAnalysisRunner  : Finished analysis in 3m 26s 577ms (206577 ms)
2021-06-16 12:47:07.600  INFO 4088353 --- [main] o.m.e.c.writers.AnalysisResultsWriter    : Writing results...
2021-06-16 12:47:09.269  INFO 4088353 --- [main] com.zaxxer.hikari.HikariDataSource       : exomiser-phenotype-2007 - Shutdown initiated...
2021-06-16 12:47:09.275  INFO 4088353 --- [main] com.zaxxer.hikari.HikariDataSource       : exomiser-phenotype-2007 - Shutdown completed.
2021-06-16 12:47:09.278  INFO 4088353 --- [main] org.monarchinitiative.exomiser.cli.Main  : Exomising finished - Bye!
